This file contains any messages produced by compilers while
running configure, to aid debugging if configure makes a mistake.

It was created by fftw configure 3.3.10, which was
generated by GNU Autoconf 2.69.  Invocation command line was

  $ ./configure --enable-threads

## --------- ##
## Platform. ##
## --------- ##

hostname = ip-192-168-43-11.us-west-2.compute.internal
uname -m = x86_64
uname -r = 19.6.0
uname -s = Darwin
uname -v = Darwin Kernel Version 19.6.0: Tue Feb 15 21:39:11 PST 2022; root:xnu-6153.141.59~1/RELEASE_X86_64

/usr/bin/uname -p = i386
/bin/uname -X     = unknown

/bin/arch              = unknown
/usr/bin/arch -k       = unknown
/usr/convex/getsysinfo = unknown
/usr/bin/hostinfo      = Mach kernel version:
	 Darwin Kernel Version 19.6.0: Tue Feb 15 21:39:11 PST 2022; root:xnu-6153.141.59~1/RELEASE_X86_64
Kernel configured for up to 4 processors.
2 processors are physically available.
4 processors are logically available.
Processor type: i486 (Intel 80486)
Processors active: 0 1 2 3
Primary memory available: 10.00 gigabytes
Default processor set: 345 tasks, 1734 threads, 4 processors
Load average: 1.10, Mach factor: 2.89
/bin/machine           = unknown
/usr/bin/oslevel       = unknown
/bin/universe          = unknown

PATH: /Users/apple/.rvm/gems/ruby-3.0.0/bin
PATH: /Users/apple/.rvm/gems/ruby-3.0.0@global/bin
PATH: /Users/apple/.rvm/rubies/ruby-3.0.0/bin
PATH: /Volumes/D/Applications/Applications/anaconda3/bin
PATH: /Volumes/D/Applications/Applications/anaconda3/condabin
PATH: /opt/local/bin
PATH: /opt/local/sbin
PATH: /usr/local/opt/gettext/bin
PATH: /usr/local/bin
PATH: /usr/bin
PATH: /bin
PATH: /usr/sbin
PATH: /sbin
PATH: /opt/X11/bin
PATH: /Library/Apple/usr/bin
PATH: /Users/apple/development/flutter/bin
PATH: /Users/apple/.rvm/bin


## ----------- ##
## Core tests. ##
## ----------- ##

configure:2878: checking for a BSD-compatible install
configure:2946: result: /opt/local/bin/ginstall -c
configure:2957: checking whether build environment is sane
configure:3012: result: yes
configure:3158: checking for a thread-safe mkdir -p
configure:3197: result: /opt/local/bin/gmkdir -p
configure:3204: checking for gawk
configure:3220: found /opt/local/bin/gawk
configure:3231: result: gawk
configure:3242: checking whether make sets $(MAKE)
configure:3264: result: yes
configure:3293: checking whether make supports nested variables
configure:3310: result: yes
configure:3440: checking whether to enable maintainer-specific portions of Makefiles
configure:3449: result: no
configure:3497: checking build system type
configure:3511: result: x86_64-apple-darwin19.6.0
configure:3531: checking host system type
configure:3544: result: x86_64-apple-darwin19.6.0
configure:4178: checking for gcc
configure:4194: found /usr/bin/gcc
configure:4205: result: gcc
configure:4434: checking for C compiler version
configure:4443: gcc --version >&5
Apple clang version 12.0.0 (clang-1200.0.32.27)
Target: x86_64-apple-darwin19.6.0
Thread model: posix
InstalledDir: /Applications/Xcode.app/Contents/Developer/Toolchains/XcodeDefault.xctoolchain/usr/bin
Configured with: --prefix=/Applications/Xcode.app/Contents/Developer/usr --with-gxx-include-dir=/Library/Developer/CommandLineTools/SDKs/MacOSX10.15.sdk/usr/include/c++/4.2.1
configure:4454: $? = 0
configure:4443: gcc -v >&5
Configured with: --prefix=/Applications/Xcode.app/Contents/Developer/usr --with-gxx-include-dir=/Library/Developer/CommandLineTools/SDKs/MacOSX10.15.sdk/usr/include/c++/4.2.1
Apple clang version 12.0.0 (clang-1200.0.32.27)
Target: x86_64-apple-darwin19.6.0
Thread model: posix
InstalledDir: /Applications/Xcode.app/Contents/Developer/Toolchains/XcodeDefault.xctoolchain/usr/bin
configure:4454: $? = 0
configure:4443: gcc -V >&5
clang: error: argument to '-V' is missing (expected 1 value)
clang: error: no input files
configure:4454: $? = 1
configure:4443: gcc -qversion >&5
clang: error: unknown argument '-qversion'; did you mean '--version'?
clang: error: no input files
configure:4454: $? = 1
configure:4474: checking whether the C compiler works
configure:4496: gcc    conftest.c  >&5
configure:4500: $? = 0
configure:4548: result: yes
configure:4551: checking for C compiler default output file name
configure:4553: result: a.out
configure:4559: checking for suffix of executables
configure:4566: gcc -o conftest    conftest.c  >&5
configure:4570: $? = 0
configure:4592: result: 
configure:4614: checking whether we are cross compiling
configure:4622: gcc -o conftest    conftest.c  >&5
configure:4626: $? = 0
configure:4633: ./conftest
configure:4637: $? = 0
configure:4652: result: no
configure:4657: checking for suffix of object files
configure:4679: gcc -c   conftest.c >&5
configure:4683: $? = 0
configure:4704: result: o
configure:4708: checking whether we are using the GNU C compiler
configure:4727: gcc -c   conftest.c >&5
configure:4727: $? = 0
configure:4736: result: yes
configure:4745: checking whether gcc accepts -g
configure:4765: gcc -c -g  conftest.c >&5
configure:4765: $? = 0
configure:4806: result: yes
configure:4823: checking for gcc option to accept ISO C89
configure:4886: gcc  -c -g -O2  conftest.c >&5
configure:4886: $? = 0
configure:4899: result: none needed
configure:4924: checking whether gcc understands -c and -o together
configure:4946: gcc -c conftest.c -o conftest2.o
configure:4949: $? = 0
configure:4946: gcc -c conftest.c -o conftest2.o
configure:4949: $? = 0
configure:4961: result: yes
configure:4981: checking whether make supports the include directive
configure:4996: make -f confmf.GNU && cat confinc.out
this is the am__doit target
configure:4999: $? = 0
configure:5018: result: yes (GNU style)
configure:5043: checking dependency style of gcc
configure:5154: result: gcc3
configure:5172: checking for C compiler vendor
configure:5196: gcc -c -g -O2  conftest.c >&5
conftest.c:18:7: error: use of undeclared identifier 'thisisanerror'
      thisisanerror;
      ^
1 error generated.
configure:5196: $? = 1
configure: failed program was:
| /* confdefs.h */
| #define PACKAGE_NAME "fftw"
| #define PACKAGE_TARNAME "fftw"
| #define PACKAGE_VERSION "3.3.10"
| #define PACKAGE_STRING "fftw 3.3.10"
| #define PACKAGE_BUGREPORT "fftw@fftw.org"
| #define PACKAGE_URL ""
| #define PACKAGE "fftw"
| #define VERSION "3.3.10"
| #define FFTW_ENABLE_ALLOCA 1
| /* end confdefs.h.  */
| 
| int
| main ()
| {
| 
| #if !(defined(__ICC) || defined(__ECC) || defined(__INTEL_COMPILER))
|       thisisanerror;
| #endif
| 
|   ;
|   return 0;
| }
configure:5196: gcc -c -g -O2  conftest.c >&5
conftest.c:18:7: error: use of undeclared identifier 'thisisanerror'
      thisisanerror;
      ^
1 error generated.
configure:5196: $? = 1
configure: failed program was:
| /* confdefs.h */
| #define PACKAGE_NAME "fftw"
| #define PACKAGE_TARNAME "fftw"
| #define PACKAGE_VERSION "3.3.10"
| #define PACKAGE_STRING "fftw 3.3.10"
| #define PACKAGE_BUGREPORT "fftw@fftw.org"
| #define PACKAGE_URL ""
| #define PACKAGE "fftw"
| #define VERSION "3.3.10"
| #define FFTW_ENABLE_ALLOCA 1
| /* end confdefs.h.  */
| 
| int
| main ()
| {
| 
| #if !(defined(__ibmxl__) || defined(__xlc__) || defined(__xlC__) || defined(__IBMC__) || defined(__IBMCPP__))
|       thisisanerror;
| #endif
| 
|   ;
|   return 0;
| }
configure:5196: gcc -c -g -O2  conftest.c >&5
conftest.c:18:7: error: use of undeclared identifier 'thisisanerror'
      thisisanerror;
      ^
1 error generated.
configure:5196: $? = 1
configure: failed program was:
| /* confdefs.h */
| #define PACKAGE_NAME "fftw"
| #define PACKAGE_TARNAME "fftw"
| #define PACKAGE_VERSION "3.3.10"
| #define PACKAGE_STRING "fftw 3.3.10"
| #define PACKAGE_BUGREPORT "fftw@fftw.org"
| #define PACKAGE_URL ""
| #define PACKAGE "fftw"
| #define VERSION "3.3.10"
| #define FFTW_ENABLE_ALLOCA 1
| /* end confdefs.h.  */
| 
| int
| main ()
| {
| 
| #if !(defined(__PATHCC__) || defined(__PATHSCALE__))
|       thisisanerror;
| #endif
| 
|   ;
|   return 0;
| }
configure:5196: gcc -c -g -O2  conftest.c >&5
configure:5196: $? = 0
configure:5203: result: clang
configure:5210: checking for gcc option to accept ISO C99
configure:5359: gcc  -c -g -O2  conftest.c >&5
configure:5359: $? = 0
configure:5372: result: none needed
configure:5480: checking for gcc option to accept ISO Standard C
configure:5491: result: none needed
configure:5499: checking whether ln -s works
configure:5503: result: yes
configure:5510: checking whether make sets $(MAKE)
configure:5532: result: yes
configure:5890: checking how to print strings
configure:5917: result: printf
configure:5938: checking for a sed that does not truncate output
configure:6002: result: /usr/bin/sed
configure:6020: checking for grep that handles long lines and -e
configure:6078: result: /usr/bin/grep
configure:6083: checking for egrep
configure:6145: result: /usr/bin/grep -E
configure:6150: checking for fgrep
configure:6212: result: /usr/bin/grep -F
configure:6247: checking for ld used by gcc
configure:6314: result: /Applications/Xcode.app/Contents/Developer/Toolchains/XcodeDefault.xctoolchain/usr/bin/ld
configure:6321: checking if the linker (/Applications/Xcode.app/Contents/Developer/Toolchains/XcodeDefault.xctoolchain/usr/bin/ld) is GNU ld
configure:6336: result: no
configure:6348: checking for BSD- or MS-compatible name lister (nm)
configure:6402: result: /opt/local/bin/nm -B
configure:6532: checking the name lister (/opt/local/bin/nm -B) interface
configure:6539: gcc -c -g -O2  conftest.c >&5
configure:6542: /opt/local/bin/nm -B "conftest.o"
configure:6545: output
0000000000000244 S _some_variable
configure:6552: result: BSD nm
configure:6556: checking the maximum length of command line arguments
configure:6687: result: 196608
configure:6735: checking how to convert x86_64-apple-darwin19.6.0 file names to x86_64-apple-darwin19.6.0 format
configure:6775: result: func_convert_file_noop
configure:6782: checking how to convert x86_64-apple-darwin19.6.0 file names to toolchain format
configure:6802: result: func_convert_file_noop
configure:6809: checking for /Applications/Xcode.app/Contents/Developer/Toolchains/XcodeDefault.xctoolchain/usr/bin/ld option to reload object files
configure:6816: result: -r
configure:6890: checking for objdump
configure:6917: result: objdump
configure:6946: checking how to recognize dependent libraries
configure:7146: result: pass_all
configure:7231: checking for dlltool
configure:7258: result: dlltool
configure:7288: checking how to associate runtime and link libraries
configure:7315: result: printf %s\n
configure:7375: checking for ar
configure:7391: found /opt/local/bin/ar
configure:7402: result: ar
configure:7439: checking for archiver @FILE support
configure:7456: gcc -c -g -O2  conftest.c >&5
configure:7456: $? = 0
configure:7459: ar cr libconftest.a @conftest.lst >&5
ar: @conftest.lst: No such file or directory
configure:7462: $? = 1
configure:7482: result: no
configure:7540: checking for strip
configure:7556: found /opt/local/bin/strip
configure:7567: result: strip
configure:7639: checking for ranlib
configure:7655: found /opt/local/bin/ranlib
configure:7666: result: ranlib
configure:7768: checking command to parse /opt/local/bin/nm -B output from gcc object
configure:7921: gcc -c -g -O2  conftest.c >&5
configure:7924: $? = 0
configure:7928: /opt/local/bin/nm -B conftest.o | sed -n -e 's/^.*[	 ]\([BCDEGRST][BCDEGRST]*\)[	 ][	 ]*\([_A-Za-z][_A-Za-z0-9]*\)$/\1 \2 \2/p' | sed '/ __gnu_lto/d' > conftest.nm
cannot find nm_test_var in conftest.nm
configure:7921: gcc -c -g -O2  conftest.c >&5
configure:7924: $? = 0
configure:7928: /opt/local/bin/nm -B conftest.o | sed -n -e 's/^.*[	 ]\([BCDEGRST][BCDEGRST]*\)[	 ][	 ]*_\([_A-Za-z][_A-Za-z0-9]*\)$/\1 _\2 \2/p' | sed '/ __gnu_lto/d' > conftest.nm
configure:7994: gcc -o conftest -g -O2   conftest.c conftstm.o >&5
warning: (x86_64)  could not find object file symbol for symbol _main
configure:7997: $? = 0
configure:8035: result: ok
configure:8082: checking for sysroot
configure:8112: result: no
configure:8119: checking for a working dd
configure:8157: result: /bin/dd
configure:8161: checking how to truncate binary pipes
configure:8176: result: /bin/dd bs=4096 count=1
configure:8505: checking for mt
configure:8535: result: no
configure:8555: checking if : is a manifest tool
configure:8561: : '-?'
configure:8569: result: no
configure:8625: checking for dsymutil
configure:8641: found /usr/bin/dsymutil
configure:8652: result: dsymutil
configure:8717: checking for nmedit
configure:8733: found /usr/bin/nmedit
configure:8744: result: nmedit
configure:8809: checking for lipo
configure:8825: found /opt/local/bin/lipo
configure:8836: result: lipo
configure:8901: checking for otool
configure:8917: found /opt/local/bin/otool
configure:8928: result: otool
configure:8993: checking for otool64
configure:9023: result: no
configure:9068: checking for -single_module linker flag
gcc -g -O2  -o libconftest.dylib -dynamiclib -Wl,-single_module conftest.c
configure:9101: result: yes
configure:9104: checking for -exported_symbols_list linker flag
configure:9124: gcc -o conftest -g -O2   -Wl,-exported_symbols_list,conftest.sym conftest.c  >&5
configure:9124: $? = 0
configure:9134: result: yes
configure:9137: checking for -force_load linker flag
gcc -g -O2 -c -o conftest.o conftest.c
ar cr libconftest.a conftest.o
ranlib libconftest.a
gcc -g -O2  -o conftest conftest.c -Wl,-force_load,./libconftest.a
configure:9169: result: yes
configure:9246: checking how to run the C preprocessor
configure:9277: gcc -E  conftest.c
configure:9277: $? = 0
configure:9291: gcc -E  conftest.c
conftest.c:12:10: fatal error: 'ac_nonexistent.h' file not found
#include <ac_nonexistent.h>
         ^~~~~~~~~~~~~~~~~~
1 error generated.
configure:9291: $? = 1
configure: failed program was:
| /* confdefs.h */
| #define PACKAGE_NAME "fftw"
| #define PACKAGE_TARNAME "fftw"
| #define PACKAGE_VERSION "3.3.10"
| #define PACKAGE_STRING "fftw 3.3.10"
| #define PACKAGE_BUGREPORT "fftw@fftw.org"
| #define PACKAGE_URL ""
| #define PACKAGE "fftw"
| #define VERSION "3.3.10"
| #define FFTW_ENABLE_ALLOCA 1
| /* end confdefs.h.  */
| #include <ac_nonexistent.h>
configure:9316: result: gcc -E
configure:9336: gcc -E  conftest.c
configure:9336: $? = 0
configure:9350: gcc -E  conftest.c
conftest.c:12:10: fatal error: 'ac_nonexistent.h' file not found
#include <ac_nonexistent.h>
         ^~~~~~~~~~~~~~~~~~
1 error generated.
configure:9350: $? = 1
configure: failed program was:
| /* confdefs.h */
| #define PACKAGE_NAME "fftw"
| #define PACKAGE_TARNAME "fftw"
| #define PACKAGE_VERSION "3.3.10"
| #define PACKAGE_STRING "fftw 3.3.10"
| #define PACKAGE_BUGREPORT "fftw@fftw.org"
| #define PACKAGE_URL ""
| #define PACKAGE "fftw"
| #define VERSION "3.3.10"
| #define FFTW_ENABLE_ALLOCA 1
| /* end confdefs.h.  */
| #include <ac_nonexistent.h>
configure:9379: checking for ANSI C header files
configure:9399: gcc -c -g -O2  conftest.c >&5
configure:9399: $? = 0
configure:9472: gcc -o conftest -g -O2   conftest.c  >&5
configure:9472: $? = 0
configure:9472: ./conftest
configure:9472: $? = 0
configure:9483: result: yes
configure:9496: checking for sys/types.h
configure:9496: gcc -c -g -O2  conftest.c >&5
configure:9496: $? = 0
configure:9496: result: yes
configure:9496: checking for sys/stat.h
configure:9496: gcc -c -g -O2  conftest.c >&5
configure:9496: $? = 0
configure:9496: result: yes
configure:9496: checking for stdlib.h
configure:9496: gcc -c -g -O2  conftest.c >&5
configure:9496: $? = 0
configure:9496: result: yes
configure:9496: checking for string.h
configure:9496: gcc -c -g -O2  conftest.c >&5
configure:9496: $? = 0
configure:9496: result: yes
configure:9496: checking for memory.h
configure:9496: gcc -c -g -O2  conftest.c >&5
configure:9496: $? = 0
configure:9496: result: yes
configure:9496: checking for strings.h
configure:9496: gcc -c -g -O2  conftest.c >&5
configure:9496: $? = 0
configure:9496: result: yes
configure:9496: checking for inttypes.h
configure:9496: gcc -c -g -O2  conftest.c >&5
configure:9496: $? = 0
configure:9496: result: yes
configure:9496: checking for stdint.h
configure:9496: gcc -c -g -O2  conftest.c >&5
configure:9496: $? = 0
configure:9496: result: yes
configure:9496: checking for unistd.h
configure:9496: gcc -c -g -O2  conftest.c >&5
configure:9496: $? = 0
configure:9496: result: yes
configure:9510: checking for dlfcn.h
configure:9510: gcc -c -g -O2  conftest.c >&5
configure:9510: $? = 0
configure:9510: result: yes
configure:9734: checking for objdir
configure:9749: result: .libs
configure:10013: checking if gcc supports -fno-rtti -fno-exceptions
configure:10031: gcc -c -g -O2  -fno-rtti -fno-exceptions conftest.c >&5
configure:10035: $? = 0
configure:10048: result: yes
configure:10412: checking for gcc option to produce PIC
configure:10419: result: -fno-common -DPIC
configure:10427: checking if gcc PIC flag -fno-common -DPIC works
configure:10445: gcc -c -g -O2  -fno-common -DPIC -DPIC conftest.c >&5
configure:10449: $? = 0
configure:10462: result: yes
configure:10491: checking if gcc static flag -static works
configure:10519: result: no
configure:10534: checking if gcc supports -c -o file.o
configure:10555: gcc -c -g -O2  -o out/conftest2.o conftest.c >&5
configure:10559: $? = 0
configure:10581: result: yes
configure:10589: checking if gcc supports -c -o file.o
configure:10636: result: yes
configure:10669: checking whether the gcc linker (/Applications/Xcode.app/Contents/Developer/Toolchains/XcodeDefault.xctoolchain/usr/bin/ld) supports shared libraries
configure:11932: result: yes
configure:12172: checking dynamic linker characteristics
configure:13002: result: darwin19.6.0 dyld
configure:13124: checking how to hardcode library paths into programs
configure:13149: result: immediate
configure:13697: checking whether stripping libraries is possible
configure:13711: result: yes
configure:13737: checking if libtool supports shared libraries
configure:13739: result: yes
configure:13742: checking whether to build shared libraries
configure:13767: result: no
configure:13770: checking whether to build static libraries
configure:13774: result: yes
configure:13854: checking for ranlib
configure:13881: result: ranlib
configure:13906: checking for ocamlbuild
configure:13936: result: no
configure:14405: checking whether C compiler accepts -mtune=native
configure:14424: gcc -c -mtune=native  conftest.c >&5
configure:14424: $? = 0
configure:14434: result: yes
configure:14442: checking whether C compiler accepts -fstrict-aliasing
configure:14461: gcc -c -fstrict-aliasing  conftest.c >&5
configure:14461: $? = 0
configure:14471: result: yes
configure:14814: checking whether C compiler accepts -O3 -fomit-frame-pointer -mtune=native -fstrict-aliasing
configure:14829: gcc -c -O3 -fomit-frame-pointer -mtune=native -fstrict-aliasing  conftest.c >&5
configure:14829: $? = 0
configure:14837: result: yes
configure:15793: checking for ANSI C header files
configure:15897: result: yes
configure:15908: checking fcntl.h usability
configure:15908: gcc -c -O3 -fomit-frame-pointer -mtune=native -fstrict-aliasing  conftest.c >&5
configure:15908: $? = 0
configure:15908: result: yes
configure:15908: checking fcntl.h presence
configure:15908: gcc -E  conftest.c
configure:15908: $? = 0
configure:15908: result: yes
configure:15908: checking for fcntl.h
configure:15908: result: yes
configure:15908: checking fenv.h usability
configure:15908: gcc -c -O3 -fomit-frame-pointer -mtune=native -fstrict-aliasing  conftest.c >&5
configure:15908: $? = 0
configure:15908: result: yes
configure:15908: checking fenv.h presence
configure:15908: gcc -E  conftest.c
configure:15908: $? = 0
configure:15908: result: yes
configure:15908: checking for fenv.h
configure:15908: result: yes
configure:15908: checking limits.h usability
configure:15908: gcc -c -O3 -fomit-frame-pointer -mtune=native -fstrict-aliasing  conftest.c >&5
configure:15908: $? = 0
configure:15908: result: yes
configure:15908: checking limits.h presence
configure:15908: gcc -E  conftest.c
configure:15908: $? = 0
configure:15908: result: yes
configure:15908: checking for limits.h
configure:15908: result: yes
configure:15908: checking malloc.h usability
configure:15908: gcc -c -O3 -fomit-frame-pointer -mtune=native -fstrict-aliasing  conftest.c >&5
conftest.c:61:10: fatal error: 'malloc.h' file not found
#include <malloc.h>
         ^~~~~~~~~~
1 error generated.
configure:15908: $? = 1
configure: failed program was:
| /* confdefs.h */
| #define PACKAGE_NAME "fftw"
| #define PACKAGE_TARNAME "fftw"
| #define PACKAGE_VERSION "3.3.10"
| #define PACKAGE_STRING "fftw 3.3.10"
| #define PACKAGE_BUGREPORT "fftw@fftw.org"
| #define PACKAGE_URL ""
| #define PACKAGE "fftw"
| #define VERSION "3.3.10"
| #define FFTW_ENABLE_ALLOCA 1
| #define STDC_HEADERS 1
| #define HAVE_SYS_TYPES_H 1
| #define HAVE_SYS_STAT_H 1
| #define HAVE_STDLIB_H 1
| #define HAVE_STRING_H 1
| #define HAVE_MEMORY_H 1
| #define HAVE_STRINGS_H 1
| #define HAVE_INTTYPES_H 1
| #define HAVE_STDINT_H 1
| #define HAVE_UNISTD_H 1
| #define HAVE_DLFCN_H 1
| #define LT_OBJDIR ".libs/"
| #define STDC_HEADERS 1
| #define HAVE_FCNTL_H 1
| #define HAVE_FENV_H 1
| #define HAVE_LIMITS_H 1
| /* end confdefs.h.  */
| #include <stdio.h>
| #ifdef HAVE_SYS_TYPES_H
| # include <sys/types.h>
| #endif
| #ifdef HAVE_SYS_STAT_H
| # include <sys/stat.h>
| #endif
| #ifdef STDC_HEADERS
| # include <stdlib.h>
| # include <stddef.h>
| #else
| # ifdef HAVE_STDLIB_H
| #  include <stdlib.h>
| # endif
| #endif
| #ifdef HAVE_STRING_H
| # if !defined STDC_HEADERS && defined HAVE_MEMORY_H
| #  include <memory.h>
| # endif
| # include <string.h>
| #endif
| #ifdef HAVE_STRINGS_H
| # include <strings.h>
| #endif
| #ifdef HAVE_INTTYPES_H
| # include <inttypes.h>
| #endif
| #ifdef HAVE_STDINT_H
| # include <stdint.h>
| #endif
| #ifdef HAVE_UNISTD_H
| # include <unistd.h>
| #endif
| #include <malloc.h>
configure:15908: result: no
configure:15908: checking malloc.h presence
configure:15908: gcc -E  conftest.c
conftest.c:28:10: fatal error: 'malloc.h' file not found
#include <malloc.h>
         ^~~~~~~~~~
1 error generated.
configure:15908: $? = 1
configure: failed program was:
| /* confdefs.h */
| #define PACKAGE_NAME "fftw"
| #define PACKAGE_TARNAME "fftw"
| #define PACKAGE_VERSION "3.3.10"
| #define PACKAGE_STRING "fftw 3.3.10"
| #define PACKAGE_BUGREPORT "fftw@fftw.org"
| #define PACKAGE_URL ""
| #define PACKAGE "fftw"
| #define VERSION "3.3.10"
| #define FFTW_ENABLE_ALLOCA 1
| #define STDC_HEADERS 1
| #define HAVE_SYS_TYPES_H 1
| #define HAVE_SYS_STAT_H 1
| #define HAVE_STDLIB_H 1
| #define HAVE_STRING_H 1
| #define HAVE_MEMORY_H 1
| #define HAVE_STRINGS_H 1
| #define HAVE_INTTYPES_H 1
| #define HAVE_STDINT_H 1
| #define HAVE_UNISTD_H 1
| #define HAVE_DLFCN_H 1
| #define LT_OBJDIR ".libs/"
| #define STDC_HEADERS 1
| #define HAVE_FCNTL_H 1
| #define HAVE_FENV_H 1
| #define HAVE_LIMITS_H 1
| /* end confdefs.h.  */
| #include <malloc.h>
configure:15908: result: no
configure:15908: checking for malloc.h
configure:15908: result: no
configure:15908: checking stddef.h usability
configure:15908: gcc -c -O3 -fomit-frame-pointer -mtune=native -fstrict-aliasing  conftest.c >&5
configure:15908: $? = 0
configure:15908: result: yes
configure:15908: checking stddef.h presence
configure:15908: gcc -E  conftest.c
configure:15908: $? = 0
configure:15908: result: yes
configure:15908: checking for stddef.h
configure:15908: result: yes
configure:15908: checking sys/time.h usability
configure:15908: gcc -c -O3 -fomit-frame-pointer -mtune=native -fstrict-aliasing  conftest.c >&5
configure:15908: $? = 0
configure:15908: result: yes
configure:15908: checking sys/time.h presence
configure:15908: gcc -E  conftest.c
configure:15908: $? = 0
configure:15908: result: yes
configure:15908: checking for sys/time.h
configure:15908: result: yes
configure:15925: checking altivec.h usability
configure:15925: gcc -c -O3 -fomit-frame-pointer -mtune=native -fstrict-aliasing      conftest.c >&5
In file included from conftest.c:63:
/Applications/Xcode.app/Contents/Developer/Toolchains/XcodeDefault.xctoolchain/usr/lib/clang/12.0.0/include/altivec.h:13:2: error: "AltiVec support not enabled"
#error "AltiVec support not enabled"
 ^
/Applications/Xcode.app/Contents/Developer/Toolchains/XcodeDefault.xctoolchain/usr/lib/clang/12.0.0/include/altivec.h:48:19: error: unknown type name 'vector'
static __inline__ vector signed char __ATTRS_o_ai vec_perm(
                  ^
/Applications/Xcode.app/Contents/Developer/Toolchains/XcodeDefault.xctoolchain/usr/lib/clang/12.0.0/include/altivec.h:49:5: error: unknown type name 'vector'
    vector signed char __a, vector signed char __b, vector unsigned char __c);
    ^
/Applications/Xcode.app/Contents/Developer/Toolchains/XcodeDefault.xctoolchain/usr/lib/clang/12.0.0/include/altivec.h:49:29: error: unknown type name 'vector'
    vector signed char __a, vector signed char __b, vector unsigned char __c);
                            ^
/Applications/Xcode.app/Contents/Developer/Toolchains/XcodeDefault.xctoolchain/usr/lib/clang/12.0.0/include/altivec.h:49:53: error: unknown type name 'vector'
    vector signed char __a, vector signed char __b, vector unsigned char __c);
                                                    ^
/Applications/Xcode.app/Contents/Developer/Toolchains/XcodeDefault.xctoolchain/usr/lib/clang/12.0.0/include/altivec.h:51:19: error: unknown type name 'vector'
static __inline__ vector unsigned char __ATTRS_o_ai
                  ^
/Applications/Xcode.app/Contents/Developer/Toolchains/XcodeDefault.xctoolchain/usr/lib/clang/12.0.0/include/altivec.h:52:10: error: unknown type name 'vector'
vec_perm(vector unsigned char __a, vector unsigned char __b,
         ^
/Applications/Xcode.app/Contents/Developer/Toolchains/XcodeDefault.xctoolchain/usr/lib/clang/12.0.0/include/altivec.h:52:36: error: unknown type name 'vector'
vec_perm(vector unsigned char __a, vector unsigned char __b,
                                   ^
/Applications/Xcode.app/Contents/Developer/Toolchains/XcodeDefault.xctoolchain/usr/lib/clang/12.0.0/include/altivec.h:53:10: error: unknown type name 'vector'
         vector unsigned char __c);
         ^
/Applications/Xcode.app/Contents/Developer/Toolchains/XcodeDefault.xctoolchain/usr/lib/clang/12.0.0/include/altivec.h:55:19: error: unknown type name 'vector'
static __inline__ vector bool char __ATTRS_o_ai
                  ^
/Applications/Xcode.app/Contents/Developer/Toolchains/XcodeDefault.xctoolchain/usr/lib/clang/12.0.0/include/altivec.h:55:8: error: 'inline' can only appear on functions
static __inline__ vector bool char __ATTRS_o_ai
       ^
/Applications/Xcode.app/Contents/Developer/Toolchains/XcodeDefault.xctoolchain/usr/lib/clang/12.0.0/include/altivec.h:55:30: error: expected ';' after top level declarator
static __inline__ vector bool char __ATTRS_o_ai
                             ^
/Applications/Xcode.app/Contents/Developer/Toolchains/XcodeDefault.xctoolchain/usr/lib/clang/12.0.0/include/altivec.h:56:10: error: unknown type name 'vector'
vec_perm(vector bool char __a, vector bool char __b, vector unsigned char __c);
         ^
/Applications/Xcode.app/Contents/Developer/Toolchains/XcodeDefault.xctoolchain/usr/lib/clang/12.0.0/include/altivec.h:56:22: error: expected ')'
vec_perm(vector bool char __a, vector bool char __b, vector unsigned char __c);
                     ^
/Applications/Xcode.app/Contents/Developer/Toolchains/XcodeDefault.xctoolchain/usr/lib/clang/12.0.0/include/altivec.h:56:9: note: to match this '('
vec_perm(vector bool char __a, vector bool char __b, vector unsigned char __c);
        ^
/Applications/Xcode.app/Contents/Developer/Toolchains/XcodeDefault.xctoolchain/usr/lib/clang/12.0.0/include/altivec.h:58:19: error: unknown type name 'vector'
static __inline__ vector short __ATTRS_o_ai vec_perm(vector signed short __a,
                  ^
/Applications/Xcode.app/Contents/Developer/Toolchains/XcodeDefault.xctoolchain/usr/lib/clang/12.0.0/include/altivec.h:58:54: error: unknown type name 'vector'
static __inline__ vector short __ATTRS_o_ai vec_perm(vector signed short __a,
                                                     ^
/Applications/Xcode.app/Contents/Developer/Toolchains/XcodeDefault.xctoolchain/usr/lib/clang/12.0.0/include/altivec.h:59:54: error: unknown type name 'vector'
                                                     vector signed short __b,
                                                     ^
/Applications/Xcode.app/Contents/Developer/Toolchains/XcodeDefault.xctoolchain/usr/lib/clang/12.0.0/include/altivec.h:60:54: error: unknown type name 'vector'
                                                     vector unsigned char __c);
                                                     ^
/Applications/Xcode.app/Contents/Developer/Toolchains/XcodeDefault.xctoolchain/usr/lib/clang/12.0.0/include/altivec.h:62:19: error: unknown type name 'vector'
static __inline__ vector unsigned short __ATTRS_o_ai
                  ^
fatal error: too many errors emitted, stopping now [-ferror-limit=]
20 errors generated.
configure:15925: $? = 1
configure: failed program was:
| /* confdefs.h */
| #define PACKAGE_NAME "fftw"
| #define PACKAGE_TARNAME "fftw"
| #define PACKAGE_VERSION "3.3.10"
| #define PACKAGE_STRING "fftw 3.3.10"
| #define PACKAGE_BUGREPORT "fftw@fftw.org"
| #define PACKAGE_URL ""
| #define PACKAGE "fftw"
| #define VERSION "3.3.10"
| #define FFTW_ENABLE_ALLOCA 1
| #define STDC_HEADERS 1
| #define HAVE_SYS_TYPES_H 1
| #define HAVE_SYS_STAT_H 1
| #define HAVE_STDLIB_H 1
| #define HAVE_STRING_H 1
| #define HAVE_MEMORY_H 1
| #define HAVE_STRINGS_H 1
| #define HAVE_INTTYPES_H 1
| #define HAVE_STDINT_H 1
| #define HAVE_UNISTD_H 1
| #define HAVE_DLFCN_H 1
| #define LT_OBJDIR ".libs/"
| #define STDC_HEADERS 1
| #define HAVE_FCNTL_H 1
| #define HAVE_FENV_H 1
| #define HAVE_LIMITS_H 1
| #define HAVE_STDDEF_H 1
| #define HAVE_SYS_TIME_H 1
| /* end confdefs.h.  */
| #include <stdio.h>
| #ifdef HAVE_SYS_TYPES_H
| # include <sys/types.h>
| #endif
| #ifdef HAVE_SYS_STAT_H
| # include <sys/stat.h>
| #endif
| #ifdef STDC_HEADERS
| # include <stdlib.h>
| # include <stddef.h>
| #else
| # ifdef HAVE_STDLIB_H
| #  include <stdlib.h>
| # endif
| #endif
| #ifdef HAVE_STRING_H
| # if !defined STDC_HEADERS && defined HAVE_MEMORY_H
| #  include <memory.h>
| # endif
| # include <string.h>
| #endif
| #ifdef HAVE_STRINGS_H
| # include <strings.h>
| #endif
| #ifdef HAVE_INTTYPES_H
| # include <inttypes.h>
| #endif
| #ifdef HAVE_STDINT_H
| # include <stdint.h>
| #endif
| #ifdef HAVE_UNISTD_H
| # include <unistd.h>
| #endif
| #include <altivec.h>
configure:15925: result: no
configure:15925: checking altivec.h presence
configure:15925: gcc -E    conftest.c
In file included from conftest.c:30:
/Applications/Xcode.app/Contents/Developer/Toolchains/XcodeDefault.xctoolchain/usr/lib/clang/12.0.0/include/altivec.h:13:2: error: "AltiVec support not enabled"
#error "AltiVec support not enabled"
 ^
1 error generated.
configure:15925: $? = 1
configure: failed program was:
| /* confdefs.h */
| #define PACKAGE_NAME "fftw"
| #define PACKAGE_TARNAME "fftw"
| #define PACKAGE_VERSION "3.3.10"
| #define PACKAGE_STRING "fftw 3.3.10"
| #define PACKAGE_BUGREPORT "fftw@fftw.org"
| #define PACKAGE_URL ""
| #define PACKAGE "fftw"
| #define VERSION "3.3.10"
| #define FFTW_ENABLE_ALLOCA 1
| #define STDC_HEADERS 1
| #define HAVE_SYS_TYPES_H 1
| #define HAVE_SYS_STAT_H 1
| #define HAVE_STDLIB_H 1
| #define HAVE_STRING_H 1
| #define HAVE_MEMORY_H 1
| #define HAVE_STRINGS_H 1
| #define HAVE_INTTYPES_H 1
| #define HAVE_STDINT_H 1
| #define HAVE_UNISTD_H 1
| #define HAVE_DLFCN_H 1
| #define LT_OBJDIR ".libs/"
| #define STDC_HEADERS 1
| #define HAVE_FCNTL_H 1
| #define HAVE_FENV_H 1
| #define HAVE_LIMITS_H 1
| #define HAVE_STDDEF_H 1
| #define HAVE_SYS_TIME_H 1
| /* end confdefs.h.  */
| #include <altivec.h>
configure:15925: result: no
configure:15925: checking for altivec.h
configure:15925: result: no
configure:15938: checking for an ANSI C-conforming const
configure:16004: gcc -c -O3 -fomit-frame-pointer -mtune=native -fstrict-aliasing  conftest.c >&5
configure:16004: $? = 0
configure:16011: result: yes
configure:16019: checking for inline
configure:16035: gcc -c -O3 -fomit-frame-pointer -mtune=native -fstrict-aliasing  conftest.c >&5
configure:16035: $? = 0
configure:16043: result: inline
configure:16061: checking for size_t
configure:16061: gcc -c -O3 -fomit-frame-pointer -mtune=native -fstrict-aliasing  conftest.c >&5
configure:16061: $? = 0
configure:16061: gcc -c -O3 -fomit-frame-pointer -mtune=native -fstrict-aliasing  conftest.c >&5
conftest.c:66:21: error: expected expression
if (sizeof ((size_t)))
                    ^
1 error generated.
configure:16061: $? = 1
configure: failed program was:
| /* confdefs.h */
| #define PACKAGE_NAME "fftw"
| #define PACKAGE_TARNAME "fftw"
| #define PACKAGE_VERSION "3.3.10"
| #define PACKAGE_STRING "fftw 3.3.10"
| #define PACKAGE_BUGREPORT "fftw@fftw.org"
| #define PACKAGE_URL ""
| #define PACKAGE "fftw"
| #define VERSION "3.3.10"
| #define FFTW_ENABLE_ALLOCA 1
| #define STDC_HEADERS 1
| #define HAVE_SYS_TYPES_H 1
| #define HAVE_SYS_STAT_H 1
| #define HAVE_STDLIB_H 1
| #define HAVE_STRING_H 1
| #define HAVE_MEMORY_H 1
| #define HAVE_STRINGS_H 1
| #define HAVE_INTTYPES_H 1
| #define HAVE_STDINT_H 1
| #define HAVE_UNISTD_H 1
| #define HAVE_DLFCN_H 1
| #define LT_OBJDIR ".libs/"
| #define STDC_HEADERS 1
| #define HAVE_FCNTL_H 1
| #define HAVE_FENV_H 1
| #define HAVE_LIMITS_H 1
| #define HAVE_STDDEF_H 1
| #define HAVE_SYS_TIME_H 1
| /* end confdefs.h.  */
| #include <stdio.h>
| #ifdef HAVE_SYS_TYPES_H
| # include <sys/types.h>
| #endif
| #ifdef HAVE_SYS_STAT_H
| # include <sys/stat.h>
| #endif
| #ifdef STDC_HEADERS
| # include <stdlib.h>
| # include <stddef.h>
| #else
| # ifdef HAVE_STDLIB_H
| #  include <stdlib.h>
| # endif
| #endif
| #ifdef HAVE_STRING_H
| # if !defined STDC_HEADERS && defined HAVE_MEMORY_H
| #  include <memory.h>
| # endif
| # include <string.h>
| #endif
| #ifdef HAVE_STRINGS_H
| # include <strings.h>
| #endif
| #ifdef HAVE_INTTYPES_H
| # include <inttypes.h>
| #endif
| #ifdef HAVE_STDINT_H
| # include <stdint.h>
| #endif
| #ifdef HAVE_UNISTD_H
| # include <unistd.h>
| #endif
| int
| main ()
| {
| if (sizeof ((size_t)))
| 	    return 0;
|   ;
|   return 0;
| }
configure:16061: result: yes
configure:16072: checking for uint32_t
configure:16072: gcc -c -O3 -fomit-frame-pointer -mtune=native -fstrict-aliasing  conftest.c >&5
configure:16072: $? = 0
configure:16072: result: yes
configure:16086: checking for uint64_t
configure:16086: gcc -c -O3 -fomit-frame-pointer -mtune=native -fstrict-aliasing  conftest.c >&5
configure:16086: $? = 0
configure:16086: result: yes
configure:16100: checking whether time.h and sys/time.h may both be included
configure:16120: gcc -c -O3 -fomit-frame-pointer -mtune=native -fstrict-aliasing  conftest.c >&5
configure:16120: $? = 0
configure:16127: result: yes
configure:16135: checking for long double
configure:16135: gcc -c -O3 -fomit-frame-pointer -mtune=native -fstrict-aliasing  conftest.c >&5
configure:16135: $? = 0
configure:16135: gcc -c -O3 -fomit-frame-pointer -mtune=native -fstrict-aliasing  conftest.c >&5
conftest.c:67:26: error: expected expression
if (sizeof ((long double)))
                         ^
1 error generated.
configure:16135: $? = 1
configure: failed program was:
| /* confdefs.h */
| #define PACKAGE_NAME "fftw"
| #define PACKAGE_TARNAME "fftw"
| #define PACKAGE_VERSION "3.3.10"
| #define PACKAGE_STRING "fftw 3.3.10"
| #define PACKAGE_BUGREPORT "fftw@fftw.org"
| #define PACKAGE_URL ""
| #define PACKAGE "fftw"
| #define VERSION "3.3.10"
| #define FFTW_ENABLE_ALLOCA 1
| #define STDC_HEADERS 1
| #define HAVE_SYS_TYPES_H 1
| #define HAVE_SYS_STAT_H 1
| #define HAVE_STDLIB_H 1
| #define HAVE_STRING_H 1
| #define HAVE_MEMORY_H 1
| #define HAVE_STRINGS_H 1
| #define HAVE_INTTYPES_H 1
| #define HAVE_STDINT_H 1
| #define HAVE_UNISTD_H 1
| #define HAVE_DLFCN_H 1
| #define LT_OBJDIR ".libs/"
| #define STDC_HEADERS 1
| #define HAVE_FCNTL_H 1
| #define HAVE_FENV_H 1
| #define HAVE_LIMITS_H 1
| #define HAVE_STDDEF_H 1
| #define HAVE_SYS_TIME_H 1
| #define TIME_WITH_SYS_TIME 1
| /* end confdefs.h.  */
| #include <stdio.h>
| #ifdef HAVE_SYS_TYPES_H
| # include <sys/types.h>
| #endif
| #ifdef HAVE_SYS_STAT_H
| # include <sys/stat.h>
| #endif
| #ifdef STDC_HEADERS
| # include <stdlib.h>
| # include <stddef.h>
| #else
| # ifdef HAVE_STDLIB_H
| #  include <stdlib.h>
| # endif
| #endif
| #ifdef HAVE_STRING_H
| # if !defined STDC_HEADERS && defined HAVE_MEMORY_H
| #  include <memory.h>
| # endif
| # include <string.h>
| #endif
| #ifdef HAVE_STRINGS_H
| # include <strings.h>
| #endif
| #ifdef HAVE_INTTYPES_H
| # include <inttypes.h>
| #endif
| #ifdef HAVE_STDINT_H
| # include <stdint.h>
| #endif
| #ifdef HAVE_UNISTD_H
| # include <unistd.h>
| #endif
| int
| main ()
| {
| if (sizeof ((long double)))
| 	    return 0;
|   ;
|   return 0;
| }
configure:16135: result: yes
configure:16148: checking for hrtime_t
configure:16148: gcc -c -O3 -fomit-frame-pointer -mtune=native -fstrict-aliasing  conftest.c >&5
conftest.c:41:13: error: use of undeclared identifier 'hrtime_t'; did you mean 'gmtime_r'?
if (sizeof (hrtime_t))
            ^~~~~~~~
            gmtime_r
/Library/Developer/CommandLineTools/SDKs/MacOSX10.15.sdk/usr/include/time.h:127:12: note: 'gmtime_r' declared here
struct tm *gmtime_r(const time_t * __restrict, struct tm * __restrict);
           ^
1 error generated.
configure:16148: $? = 1
configure: failed program was:
| /* confdefs.h */
| #define PACKAGE_NAME "fftw"
| #define PACKAGE_TARNAME "fftw"
| #define PACKAGE_VERSION "3.3.10"
| #define PACKAGE_STRING "fftw 3.3.10"
| #define PACKAGE_BUGREPORT "fftw@fftw.org"
| #define PACKAGE_URL ""
| #define PACKAGE "fftw"
| #define VERSION "3.3.10"
| #define FFTW_ENABLE_ALLOCA 1
| #define STDC_HEADERS 1
| #define HAVE_SYS_TYPES_H 1
| #define HAVE_SYS_STAT_H 1
| #define HAVE_STDLIB_H 1
| #define HAVE_STRING_H 1
| #define HAVE_MEMORY_H 1
| #define HAVE_STRINGS_H 1
| #define HAVE_INTTYPES_H 1
| #define HAVE_STDINT_H 1
| #define HAVE_UNISTD_H 1
| #define HAVE_DLFCN_H 1
| #define LT_OBJDIR ".libs/"
| #define STDC_HEADERS 1
| #define HAVE_FCNTL_H 1
| #define HAVE_FENV_H 1
| #define HAVE_LIMITS_H 1
| #define HAVE_STDDEF_H 1
| #define HAVE_SYS_TIME_H 1
| #define TIME_WITH_SYS_TIME 1
| #define HAVE_LONG_DOUBLE 1
| /* end confdefs.h.  */
| 
| #if HAVE_SYS_TIME_H
| #include <sys/time.h>
| #endif
| 
| 
| int
| main ()
| {
| if (sizeof (hrtime_t))
| 	 return 0;
|   ;
|   return 0;
| }
configure:16148: result: no
configure:16165: checking size of int
configure:16170: gcc -o conftest -O3 -fomit-frame-pointer -mtune=native -fstrict-aliasing   conftest.c  >&5
configure:16170: $? = 0
configure:16170: ./conftest
configure:16170: $? = 0
configure:16184: result: 4
configure:16198: checking size of unsigned int
configure:16203: gcc -o conftest -O3 -fomit-frame-pointer -mtune=native -fstrict-aliasing   conftest.c  >&5
configure:16203: $? = 0
configure:16203: ./conftest
configure:16203: $? = 0
configure:16217: result: 4
configure:16231: checking size of long
configure:16236: gcc -o conftest -O3 -fomit-frame-pointer -mtune=native -fstrict-aliasing   conftest.c  >&5
configure:16236: $? = 0
configure:16236: ./conftest
configure:16236: $? = 0
configure:16250: result: 8
configure:16264: checking size of unsigned long
configure:16269: gcc -o conftest -O3 -fomit-frame-pointer -mtune=native -fstrict-aliasing   conftest.c  >&5
configure:16269: $? = 0
configure:16269: ./conftest
configure:16269: $? = 0
configure:16283: result: 8
configure:16297: checking size of long long
configure:16302: gcc -o conftest -O3 -fomit-frame-pointer -mtune=native -fstrict-aliasing   conftest.c  >&5
configure:16302: $? = 0
configure:16302: ./conftest
configure:16302: $? = 0
configure:16316: result: 8
configure:16330: checking size of unsigned long long
configure:16335: gcc -o conftest -O3 -fomit-frame-pointer -mtune=native -fstrict-aliasing   conftest.c  >&5
configure:16335: $? = 0
configure:16335: ./conftest
configure:16335: $? = 0
configure:16349: result: 8
configure:16363: checking size of size_t
configure:16368: gcc -o conftest -O3 -fomit-frame-pointer -mtune=native -fstrict-aliasing   conftest.c  >&5
configure:16368: $? = 0
configure:16368: ./conftest
configure:16368: $? = 0
configure:16382: result: 8
configure:16396: checking size of ptrdiff_t
configure:16401: gcc -o conftest -O3 -fomit-frame-pointer -mtune=native -fstrict-aliasing   conftest.c  >&5
configure:16401: $? = 0
configure:16401: ./conftest
configure:16401: $? = 0
configure:16415: result: 8
configure:16426: checking for ptrdiff_t
configure:16426: gcc -c -O3 -fomit-frame-pointer -mtune=native -fstrict-aliasing  conftest.c >&5
configure:16426: $? = 0
configure:16426: gcc -c -O3 -fomit-frame-pointer -mtune=native -fstrict-aliasing  conftest.c >&5
conftest.c:76:24: error: expected expression
if (sizeof ((ptrdiff_t)))
                       ^
1 error generated.
configure:16426: $? = 1
configure: failed program was:
| /* confdefs.h */
| #define PACKAGE_NAME "fftw"
| #define PACKAGE_TARNAME "fftw"
| #define PACKAGE_VERSION "3.3.10"
| #define PACKAGE_STRING "fftw 3.3.10"
| #define PACKAGE_BUGREPORT "fftw@fftw.org"
| #define PACKAGE_URL ""
| #define PACKAGE "fftw"
| #define VERSION "3.3.10"
| #define FFTW_ENABLE_ALLOCA 1
| #define STDC_HEADERS 1
| #define HAVE_SYS_TYPES_H 1
| #define HAVE_SYS_STAT_H 1
| #define HAVE_STDLIB_H 1
| #define HAVE_STRING_H 1
| #define HAVE_MEMORY_H 1
| #define HAVE_STRINGS_H 1
| #define HAVE_INTTYPES_H 1
| #define HAVE_STDINT_H 1
| #define HAVE_UNISTD_H 1
| #define HAVE_DLFCN_H 1
| #define LT_OBJDIR ".libs/"
| #define STDC_HEADERS 1
| #define HAVE_FCNTL_H 1
| #define HAVE_FENV_H 1
| #define HAVE_LIMITS_H 1
| #define HAVE_STDDEF_H 1
| #define HAVE_SYS_TIME_H 1
| #define TIME_WITH_SYS_TIME 1
| #define HAVE_LONG_DOUBLE 1
| #define SIZEOF_INT 4
| #define SIZEOF_UNSIGNED_INT 4
| #define SIZEOF_LONG 8
| #define SIZEOF_UNSIGNED_LONG 8
| #define SIZEOF_LONG_LONG 8
| #define SIZEOF_UNSIGNED_LONG_LONG 8
| #define SIZEOF_SIZE_T 8
| #define SIZEOF_PTRDIFF_T 8
| /* end confdefs.h.  */
| #include <stdio.h>
| #ifdef HAVE_SYS_TYPES_H
| # include <sys/types.h>
| #endif
| #ifdef HAVE_SYS_STAT_H
| # include <sys/stat.h>
| #endif
| #ifdef STDC_HEADERS
| # include <stdlib.h>
| # include <stddef.h>
| #else
| # ifdef HAVE_STDLIB_H
| #  include <stdlib.h>
| # endif
| #endif
| #ifdef HAVE_STRING_H
| # if !defined STDC_HEADERS && defined HAVE_MEMORY_H
| #  include <memory.h>
| # endif
| # include <string.h>
| #endif
| #ifdef HAVE_STRINGS_H
| # include <strings.h>
| #endif
| #ifdef HAVE_INTTYPES_H
| # include <inttypes.h>
| #endif
| #ifdef HAVE_STDINT_H
| # include <stdint.h>
| #endif
| #ifdef HAVE_UNISTD_H
| # include <unistd.h>
| #endif
| int
| main ()
| {
| if (sizeof ((ptrdiff_t)))
| 	    return 0;
|   ;
|   return 0;
| }
configure:16426: result: yes
configure:16436: checking for uintptr_t
configure:16436: gcc -c -O3 -fomit-frame-pointer -mtune=native -fstrict-aliasing  conftest.c >&5
configure:16436: $? = 0
configure:16436: gcc -c -O3 -fomit-frame-pointer -mtune=native -fstrict-aliasing  conftest.c >&5
conftest.c:81:24: error: expected expression
if (sizeof ((uintptr_t)))
                       ^
1 error generated.
configure:16436: $? = 1
configure: failed program was:
| /* confdefs.h */
| #define PACKAGE_NAME "fftw"
| #define PACKAGE_TARNAME "fftw"
| #define PACKAGE_VERSION "3.3.10"
| #define PACKAGE_STRING "fftw 3.3.10"
| #define PACKAGE_BUGREPORT "fftw@fftw.org"
| #define PACKAGE_URL ""
| #define PACKAGE "fftw"
| #define VERSION "3.3.10"
| #define FFTW_ENABLE_ALLOCA 1
| #define STDC_HEADERS 1
| #define HAVE_SYS_TYPES_H 1
| #define HAVE_SYS_STAT_H 1
| #define HAVE_STDLIB_H 1
| #define HAVE_STRING_H 1
| #define HAVE_MEMORY_H 1
| #define HAVE_STRINGS_H 1
| #define HAVE_INTTYPES_H 1
| #define HAVE_STDINT_H 1
| #define HAVE_UNISTD_H 1
| #define HAVE_DLFCN_H 1
| #define LT_OBJDIR ".libs/"
| #define STDC_HEADERS 1
| #define HAVE_FCNTL_H 1
| #define HAVE_FENV_H 1
| #define HAVE_LIMITS_H 1
| #define HAVE_STDDEF_H 1
| #define HAVE_SYS_TIME_H 1
| #define TIME_WITH_SYS_TIME 1
| #define HAVE_LONG_DOUBLE 1
| #define SIZEOF_INT 4
| #define SIZEOF_UNSIGNED_INT 4
| #define SIZEOF_LONG 8
| #define SIZEOF_UNSIGNED_LONG 8
| #define SIZEOF_LONG_LONG 8
| #define SIZEOF_UNSIGNED_LONG_LONG 8
| #define SIZEOF_SIZE_T 8
| #define SIZEOF_PTRDIFF_T 8
| #define HAVE_PTRDIFF_T 1
| /* end confdefs.h.  */
| #include <stdio.h>
| #ifdef HAVE_SYS_TYPES_H
| # include <sys/types.h>
| #endif
| #ifdef HAVE_SYS_STAT_H
| # include <sys/stat.h>
| #endif
| #ifdef STDC_HEADERS
| # include <stdlib.h>
| # include <stddef.h>
| #else
| # ifdef HAVE_STDLIB_H
| #  include <stdlib.h>
| # endif
| #endif
| #ifdef HAVE_STRING_H
| # if !defined STDC_HEADERS && defined HAVE_MEMORY_H
| #  include <memory.h>
| # endif
| # include <string.h>
| #endif
| #ifdef HAVE_STRINGS_H
| # include <strings.h>
| #endif
| #ifdef HAVE_INTTYPES_H
| # include <inttypes.h>
| #endif
| #ifdef HAVE_STDINT_H
| # include <stdint.h>
| #endif
| #ifdef HAVE_UNISTD_H
| # include <unistd.h>
| #endif
| #ifdef HAVE_STDINT_H
| #  include <stdint.h>
| #endif
| 
| int
| main ()
| {
| if (sizeof ((uintptr_t)))
| 	    return 0;
|   ;
|   return 0;
| }
configure:16436: result: yes
configure:16489: checking size of float
configure:16494: gcc -o conftest -O3 -fomit-frame-pointer -mtune=native -fstrict-aliasing   conftest.c  >&5
configure:16494: $? = 0
configure:16494: ./conftest
configure:16494: $? = 0
configure:16508: result: 4
configure:16522: checking size of double
configure:16527: gcc -o conftest -O3 -fomit-frame-pointer -mtune=native -fstrict-aliasing   conftest.c  >&5
configure:16527: $? = 0
configure:16527: ./conftest
configure:16527: $? = 0
configure:16541: result: 8
configure:16556: checking size of fftw_r2r_kind
configure:16561: gcc -o conftest -O3 -fomit-frame-pointer -mtune=native -fstrict-aliasing   conftest.c  >&5
configure:16561: $? = 0
configure:16561: ./conftest
configure:16561: $? = 0
configure:16580: result: 4
configure:16596: checking for working alloca.h
configure:16613: gcc -o conftest -O3 -fomit-frame-pointer -mtune=native -fstrict-aliasing   conftest.c  >&5
configure:16613: $? = 0
configure:16621: result: yes
configure:16629: checking for alloca
configure:16666: gcc -o conftest -O3 -fomit-frame-pointer -mtune=native -fstrict-aliasing   conftest.c  >&5
configure:16666: $? = 0
configure:16674: result: yes
configure:16780: checking for working strtod
configure:16821: gcc -o conftest -O3 -fomit-frame-pointer -mtune=native -fstrict-aliasing   conftest.c  >&5
configure:16821: $? = 0
configure:16821: ./conftest
configure:16821: $? = 0
configure:16831: result: yes
configure:16895: checking for vprintf
configure:16895: gcc -o conftest -O3 -fomit-frame-pointer -mtune=native -fstrict-aliasing   conftest.c  >&5
conftest.c:70:6: warning: incompatible redeclaration of library function 'vprintf' [-Wincompatible-library-redeclaration]
char vprintf ();
     ^
conftest.c:70:6: note: 'vprintf' is a builtin with type 'int (const char *, struct __va_list_tag *)'
1 warning generated.
configure:16895: $? = 0
configure:16895: result: yes
configure:16901: checking for _doprnt
configure:16901: gcc -o conftest -O3 -fomit-frame-pointer -mtune=native -fstrict-aliasing   conftest.c  >&5
Undefined symbols for architecture x86_64:
  "__doprnt", referenced from:
      _main in conftest-71c932.o
ld: symbol(s) not found for architecture x86_64
clang: error: linker command failed with exit code 1 (use -v to see invocation)
configure:16901: $? = 1
configure: failed program was:
| /* confdefs.h */
| #define PACKAGE_NAME "fftw"
| #define PACKAGE_TARNAME "fftw"
| #define PACKAGE_VERSION "3.3.10"
| #define PACKAGE_STRING "fftw 3.3.10"
| #define PACKAGE_BUGREPORT "fftw@fftw.org"
| #define PACKAGE_URL ""
| #define PACKAGE "fftw"
| #define VERSION "3.3.10"
| #define FFTW_ENABLE_ALLOCA 1
| #define STDC_HEADERS 1
| #define HAVE_SYS_TYPES_H 1
| #define HAVE_SYS_STAT_H 1
| #define HAVE_STDLIB_H 1
| #define HAVE_STRING_H 1
| #define HAVE_MEMORY_H 1
| #define HAVE_STRINGS_H 1
| #define HAVE_INTTYPES_H 1
| #define HAVE_STDINT_H 1
| #define HAVE_UNISTD_H 1
| #define HAVE_DLFCN_H 1
| #define LT_OBJDIR ".libs/"
| #define STDC_HEADERS 1
| #define HAVE_FCNTL_H 1
| #define HAVE_FENV_H 1
| #define HAVE_LIMITS_H 1
| #define HAVE_STDDEF_H 1
| #define HAVE_SYS_TIME_H 1
| #define TIME_WITH_SYS_TIME 1
| #define HAVE_LONG_DOUBLE 1
| #define SIZEOF_INT 4
| #define SIZEOF_UNSIGNED_INT 4
| #define SIZEOF_LONG 8
| #define SIZEOF_UNSIGNED_LONG 8
| #define SIZEOF_LONG_LONG 8
| #define SIZEOF_UNSIGNED_LONG_LONG 8
| #define SIZEOF_SIZE_T 8
| #define SIZEOF_PTRDIFF_T 8
| #define HAVE_PTRDIFF_T 1
| #define HAVE_UINTPTR_T 1
| #define SIZEOF_FLOAT 4
| #define SIZEOF_DOUBLE 8
| #define SIZEOF_FFTW_R2R_KIND 4
| #define HAVE_ALLOCA_H 1
| #define HAVE_ALLOCA 1
| #define HAVE_VPRINTF 1
| /* end confdefs.h.  */
| /* Define _doprnt to an innocuous variant, in case <limits.h> declares _doprnt.
|    For example, HP-UX 11i <limits.h> declares gettimeofday.  */
| #define _doprnt innocuous__doprnt
| 
| /* System header to define __stub macros and hopefully few prototypes,
|     which can conflict with char _doprnt (); below.
|     Prefer <limits.h> to <assert.h> if __STDC__ is defined, since
|     <limits.h> exists even on freestanding compilers.  */
| 
| #ifdef __STDC__
| # include <limits.h>
| #else
| # include <assert.h>
| #endif
| 
| #undef _doprnt
| 
| /* Override any GCC internal prototype to avoid an error.
|    Use char because int might match the return type of a GCC
|    builtin and then its argument prototype would still apply.  */
| #ifdef __cplusplus
| extern "C"
| #endif
| char _doprnt ();
| /* The GNU C library defines this for functions which it implements
|     to always fail with ENOSYS.  Some functions are actually named
|     something starting with __ and the normal name is an alias.  */
| #if defined __stub__doprnt || defined __stub____doprnt
| choke me
| #endif
| 
| int
| main ()
| {
| return _doprnt ();
|   ;
|   return 0;
| }
configure:16901: result: no
configure:16912: checking for sin in -lm
configure:16937: gcc -o conftest -O3 -fomit-frame-pointer -mtune=native -fstrict-aliasing   conftest.c -lm   >&5
conftest.c:55:6: warning: incompatible redeclaration of library function 'sin' [-Wincompatible-library-redeclaration]
char sin ();
     ^
conftest.c:55:6: note: 'sin' is a builtin with type 'double (double)'
1 warning generated.
configure:16937: $? = 0
configure:16946: result: yes
configure:17051: checking for BSDgettimeofday
configure:17051: gcc -o conftest -O3 -fomit-frame-pointer -mtune=native -fstrict-aliasing   conftest.c -lm  >&5
Undefined symbols for architecture x86_64:
  "_BSDgettimeofday", referenced from:
      _main in conftest-b64de8.o
ld: symbol(s) not found for architecture x86_64
clang: error: linker command failed with exit code 1 (use -v to see invocation)
configure:17051: $? = 1
configure: failed program was:
| /* confdefs.h */
| #define PACKAGE_NAME "fftw"
| #define PACKAGE_TARNAME "fftw"
| #define PACKAGE_VERSION "3.3.10"
| #define PACKAGE_STRING "fftw 3.3.10"
| #define PACKAGE_BUGREPORT "fftw@fftw.org"
| #define PACKAGE_URL ""
| #define PACKAGE "fftw"
| #define VERSION "3.3.10"
| #define FFTW_ENABLE_ALLOCA 1
| #define STDC_HEADERS 1
| #define HAVE_SYS_TYPES_H 1
| #define HAVE_SYS_STAT_H 1
| #define HAVE_STDLIB_H 1
| #define HAVE_STRING_H 1
| #define HAVE_MEMORY_H 1
| #define HAVE_STRINGS_H 1
| #define HAVE_INTTYPES_H 1
| #define HAVE_STDINT_H 1
| #define HAVE_UNISTD_H 1
| #define HAVE_DLFCN_H 1
| #define LT_OBJDIR ".libs/"
| #define STDC_HEADERS 1
| #define HAVE_FCNTL_H 1
| #define HAVE_FENV_H 1
| #define HAVE_LIMITS_H 1
| #define HAVE_STDDEF_H 1
| #define HAVE_SYS_TIME_H 1
| #define TIME_WITH_SYS_TIME 1
| #define HAVE_LONG_DOUBLE 1
| #define SIZEOF_INT 4
| #define SIZEOF_UNSIGNED_INT 4
| #define SIZEOF_LONG 8
| #define SIZEOF_UNSIGNED_LONG 8
| #define SIZEOF_LONG_LONG 8
| #define SIZEOF_UNSIGNED_LONG_LONG 8
| #define SIZEOF_SIZE_T 8
| #define SIZEOF_PTRDIFF_T 8
| #define HAVE_PTRDIFF_T 1
| #define HAVE_UINTPTR_T 1
| #define SIZEOF_FLOAT 4
| #define SIZEOF_DOUBLE 8
| #define SIZEOF_FFTW_R2R_KIND 4
| #define HAVE_ALLOCA_H 1
| #define HAVE_ALLOCA 1
| #define HAVE_VPRINTF 1
| #define HAVE_LIBM 1
| /* end confdefs.h.  */
| /* Define BSDgettimeofday to an innocuous variant, in case <limits.h> declares BSDgettimeofday.
|    For example, HP-UX 11i <limits.h> declares gettimeofday.  */
| #define BSDgettimeofday innocuous_BSDgettimeofday
| 
| /* System header to define __stub macros and hopefully few prototypes,
|     which can conflict with char BSDgettimeofday (); below.
|     Prefer <limits.h> to <assert.h> if __STDC__ is defined, since
|     <limits.h> exists even on freestanding compilers.  */
| 
| #ifdef __STDC__
| # include <limits.h>
| #else
| # include <assert.h>
| #endif
| 
| #undef BSDgettimeofday
| 
| /* Override any GCC internal prototype to avoid an error.
|    Use char because int might match the return type of a GCC
|    builtin and then its argument prototype would still apply.  */
| #ifdef __cplusplus
| extern "C"
| #endif
| char BSDgettimeofday ();
| /* The GNU C library defines this for functions which it implements
|     to always fail with ENOSYS.  Some functions are actually named
|     something starting with __ and the normal name is an alias.  */
| #if defined __stub_BSDgettimeofday || defined __stub___BSDgettimeofday
| choke me
| #endif
| 
| int
| main ()
| {
| return BSDgettimeofday ();
|   ;
|   return 0;
| }
configure:17051: result: no
configure:17051: checking for gettimeofday
configure:17051: gcc -o conftest -O3 -fomit-frame-pointer -mtune=native -fstrict-aliasing   conftest.c -lm  >&5
configure:17051: $? = 0
configure:17051: result: yes
configure:17051: checking for gethrtime
configure:17051: gcc -o conftest -O3 -fomit-frame-pointer -mtune=native -fstrict-aliasing   conftest.c -lm  >&5
Undefined symbols for architecture x86_64:
  "_gethrtime", referenced from:
      _main in conftest-76fa0c.o
ld: symbol(s) not found for architecture x86_64
clang: error: linker command failed with exit code 1 (use -v to see invocation)
configure:17051: $? = 1
configure: failed program was:
| /* confdefs.h */
| #define PACKAGE_NAME "fftw"
| #define PACKAGE_TARNAME "fftw"
| #define PACKAGE_VERSION "3.3.10"
| #define PACKAGE_STRING "fftw 3.3.10"
| #define PACKAGE_BUGREPORT "fftw@fftw.org"
| #define PACKAGE_URL ""
| #define PACKAGE "fftw"
| #define VERSION "3.3.10"
| #define FFTW_ENABLE_ALLOCA 1
| #define STDC_HEADERS 1
| #define HAVE_SYS_TYPES_H 1
| #define HAVE_SYS_STAT_H 1
| #define HAVE_STDLIB_H 1
| #define HAVE_STRING_H 1
| #define HAVE_MEMORY_H 1
| #define HAVE_STRINGS_H 1
| #define HAVE_INTTYPES_H 1
| #define HAVE_STDINT_H 1
| #define HAVE_UNISTD_H 1
| #define HAVE_DLFCN_H 1
| #define LT_OBJDIR ".libs/"
| #define STDC_HEADERS 1
| #define HAVE_FCNTL_H 1
| #define HAVE_FENV_H 1
| #define HAVE_LIMITS_H 1
| #define HAVE_STDDEF_H 1
| #define HAVE_SYS_TIME_H 1
| #define TIME_WITH_SYS_TIME 1
| #define HAVE_LONG_DOUBLE 1
| #define SIZEOF_INT 4
| #define SIZEOF_UNSIGNED_INT 4
| #define SIZEOF_LONG 8
| #define SIZEOF_UNSIGNED_LONG 8
| #define SIZEOF_LONG_LONG 8
| #define SIZEOF_UNSIGNED_LONG_LONG 8
| #define SIZEOF_SIZE_T 8
| #define SIZEOF_PTRDIFF_T 8
| #define HAVE_PTRDIFF_T 1
| #define HAVE_UINTPTR_T 1
| #define SIZEOF_FLOAT 4
| #define SIZEOF_DOUBLE 8
| #define SIZEOF_FFTW_R2R_KIND 4
| #define HAVE_ALLOCA_H 1
| #define HAVE_ALLOCA 1
| #define HAVE_VPRINTF 1
| #define HAVE_LIBM 1
| #define HAVE_GETTIMEOFDAY 1
| /* end confdefs.h.  */
| /* Define gethrtime to an innocuous variant, in case <limits.h> declares gethrtime.
|    For example, HP-UX 11i <limits.h> declares gettimeofday.  */
| #define gethrtime innocuous_gethrtime
| 
| /* System header to define __stub macros and hopefully few prototypes,
|     which can conflict with char gethrtime (); below.
|     Prefer <limits.h> to <assert.h> if __STDC__ is defined, since
|     <limits.h> exists even on freestanding compilers.  */
| 
| #ifdef __STDC__
| # include <limits.h>
| #else
| # include <assert.h>
| #endif
| 
| #undef gethrtime
| 
| /* Override any GCC internal prototype to avoid an error.
|    Use char because int might match the return type of a GCC
|    builtin and then its argument prototype would still apply.  */
| #ifdef __cplusplus
| extern "C"
| #endif
| char gethrtime ();
| /* The GNU C library defines this for functions which it implements
|     to always fail with ENOSYS.  Some functions are actually named
|     something starting with __ and the normal name is an alias.  */
| #if defined __stub_gethrtime || defined __stub___gethrtime
| choke me
| #endif
| 
| int
| main ()
| {
| return gethrtime ();
|   ;
|   return 0;
| }
configure:17051: result: no
configure:17051: checking for read_real_time
configure:17051: gcc -o conftest -O3 -fomit-frame-pointer -mtune=native -fstrict-aliasing   conftest.c -lm  >&5
Undefined symbols for architecture x86_64:
  "_read_real_time", referenced from:
      _main in conftest-3a8719.o
ld: symbol(s) not found for architecture x86_64
clang: error: linker command failed with exit code 1 (use -v to see invocation)
configure:17051: $? = 1
configure: failed program was:
| /* confdefs.h */
| #define PACKAGE_NAME "fftw"
| #define PACKAGE_TARNAME "fftw"
| #define PACKAGE_VERSION "3.3.10"
| #define PACKAGE_STRING "fftw 3.3.10"
| #define PACKAGE_BUGREPORT "fftw@fftw.org"
| #define PACKAGE_URL ""
| #define PACKAGE "fftw"
| #define VERSION "3.3.10"
| #define FFTW_ENABLE_ALLOCA 1
| #define STDC_HEADERS 1
| #define HAVE_SYS_TYPES_H 1
| #define HAVE_SYS_STAT_H 1
| #define HAVE_STDLIB_H 1
| #define HAVE_STRING_H 1
| #define HAVE_MEMORY_H 1
| #define HAVE_STRINGS_H 1
| #define HAVE_INTTYPES_H 1
| #define HAVE_STDINT_H 1
| #define HAVE_UNISTD_H 1
| #define HAVE_DLFCN_H 1
| #define LT_OBJDIR ".libs/"
| #define STDC_HEADERS 1
| #define HAVE_FCNTL_H 1
| #define HAVE_FENV_H 1
| #define HAVE_LIMITS_H 1
| #define HAVE_STDDEF_H 1
| #define HAVE_SYS_TIME_H 1
| #define TIME_WITH_SYS_TIME 1
| #define HAVE_LONG_DOUBLE 1
| #define SIZEOF_INT 4
| #define SIZEOF_UNSIGNED_INT 4
| #define SIZEOF_LONG 8
| #define SIZEOF_UNSIGNED_LONG 8
| #define SIZEOF_LONG_LONG 8
| #define SIZEOF_UNSIGNED_LONG_LONG 8
| #define SIZEOF_SIZE_T 8
| #define SIZEOF_PTRDIFF_T 8
| #define HAVE_PTRDIFF_T 1
| #define HAVE_UINTPTR_T 1
| #define SIZEOF_FLOAT 4
| #define SIZEOF_DOUBLE 8
| #define SIZEOF_FFTW_R2R_KIND 4
| #define HAVE_ALLOCA_H 1
| #define HAVE_ALLOCA 1
| #define HAVE_VPRINTF 1
| #define HAVE_LIBM 1
| #define HAVE_GETTIMEOFDAY 1
| /* end confdefs.h.  */
| /* Define read_real_time to an innocuous variant, in case <limits.h> declares read_real_time.
|    For example, HP-UX 11i <limits.h> declares gettimeofday.  */
| #define read_real_time innocuous_read_real_time
| 
| /* System header to define __stub macros and hopefully few prototypes,
|     which can conflict with char read_real_time (); below.
|     Prefer <limits.h> to <assert.h> if __STDC__ is defined, since
|     <limits.h> exists even on freestanding compilers.  */
| 
| #ifdef __STDC__
| # include <limits.h>
| #else
| # include <assert.h>
| #endif
| 
| #undef read_real_time
| 
| /* Override any GCC internal prototype to avoid an error.
|    Use char because int might match the return type of a GCC
|    builtin and then its argument prototype would still apply.  */
| #ifdef __cplusplus
| extern "C"
| #endif
| char read_real_time ();
| /* The GNU C library defines this for functions which it implements
|     to always fail with ENOSYS.  Some functions are actually named
|     something starting with __ and the normal name is an alias.  */
| #if defined __stub_read_real_time || defined __stub___read_real_time
| choke me
| #endif
| 
| int
| main ()
| {
| return read_real_time ();
|   ;
|   return 0;
| }
configure:17051: result: no
configure:17051: checking for time_base_to_time
configure:17051: gcc -o conftest -O3 -fomit-frame-pointer -mtune=native -fstrict-aliasing   conftest.c -lm  >&5
Undefined symbols for architecture x86_64:
  "_time_base_to_time", referenced from:
      _main in conftest-af9151.o
ld: symbol(s) not found for architecture x86_64
clang: error: linker command failed with exit code 1 (use -v to see invocation)
configure:17051: $? = 1
configure: failed program was:
| /* confdefs.h */
| #define PACKAGE_NAME "fftw"
| #define PACKAGE_TARNAME "fftw"
| #define PACKAGE_VERSION "3.3.10"
| #define PACKAGE_STRING "fftw 3.3.10"
| #define PACKAGE_BUGREPORT "fftw@fftw.org"
| #define PACKAGE_URL ""
| #define PACKAGE "fftw"
| #define VERSION "3.3.10"
| #define FFTW_ENABLE_ALLOCA 1
| #define STDC_HEADERS 1
| #define HAVE_SYS_TYPES_H 1
| #define HAVE_SYS_STAT_H 1
| #define HAVE_STDLIB_H 1
| #define HAVE_STRING_H 1
| #define HAVE_MEMORY_H 1
| #define HAVE_STRINGS_H 1
| #define HAVE_INTTYPES_H 1
| #define HAVE_STDINT_H 1
| #define HAVE_UNISTD_H 1
| #define HAVE_DLFCN_H 1
| #define LT_OBJDIR ".libs/"
| #define STDC_HEADERS 1
| #define HAVE_FCNTL_H 1
| #define HAVE_FENV_H 1
| #define HAVE_LIMITS_H 1
| #define HAVE_STDDEF_H 1
| #define HAVE_SYS_TIME_H 1
| #define TIME_WITH_SYS_TIME 1
| #define HAVE_LONG_DOUBLE 1
| #define SIZEOF_INT 4
| #define SIZEOF_UNSIGNED_INT 4
| #define SIZEOF_LONG 8
| #define SIZEOF_UNSIGNED_LONG 8
| #define SIZEOF_LONG_LONG 8
| #define SIZEOF_UNSIGNED_LONG_LONG 8
| #define SIZEOF_SIZE_T 8
| #define SIZEOF_PTRDIFF_T 8
| #define HAVE_PTRDIFF_T 1
| #define HAVE_UINTPTR_T 1
| #define SIZEOF_FLOAT 4
| #define SIZEOF_DOUBLE 8
| #define SIZEOF_FFTW_R2R_KIND 4
| #define HAVE_ALLOCA_H 1
| #define HAVE_ALLOCA 1
| #define HAVE_VPRINTF 1
| #define HAVE_LIBM 1
| #define HAVE_GETTIMEOFDAY 1
| /* end confdefs.h.  */
| /* Define time_base_to_time to an innocuous variant, in case <limits.h> declares time_base_to_time.
|    For example, HP-UX 11i <limits.h> declares gettimeofday.  */
| #define time_base_to_time innocuous_time_base_to_time
| 
| /* System header to define __stub macros and hopefully few prototypes,
|     which can conflict with char time_base_to_time (); below.
|     Prefer <limits.h> to <assert.h> if __STDC__ is defined, since
|     <limits.h> exists even on freestanding compilers.  */
| 
| #ifdef __STDC__
| # include <limits.h>
| #else
| # include <assert.h>
| #endif
| 
| #undef time_base_to_time
| 
| /* Override any GCC internal prototype to avoid an error.
|    Use char because int might match the return type of a GCC
|    builtin and then its argument prototype would still apply.  */
| #ifdef __cplusplus
| extern "C"
| #endif
| char time_base_to_time ();
| /* The GNU C library defines this for functions which it implements
|     to always fail with ENOSYS.  Some functions are actually named
|     something starting with __ and the normal name is an alias.  */
| #if defined __stub_time_base_to_time || defined __stub___time_base_to_time
| choke me
| #endif
| 
| int
| main ()
| {
| return time_base_to_time ();
|   ;
|   return 0;
| }
configure:17051: result: no
configure:17051: checking for drand48
configure:17051: gcc -o conftest -O3 -fomit-frame-pointer -mtune=native -fstrict-aliasing   conftest.c -lm  >&5
configure:17051: $? = 0
configure:17051: result: yes
configure:17051: checking for sqrt
configure:17051: gcc -o conftest -O3 -fomit-frame-pointer -mtune=native -fstrict-aliasing   conftest.c -lm  >&5
conftest.c:74:6: warning: incompatible redeclaration of library function 'sqrt' [-Wincompatible-library-redeclaration]
char sqrt ();
     ^
conftest.c:74:6: note: 'sqrt' is a builtin with type 'double (double)'
1 warning generated.
configure:17051: $? = 0
configure:17051: result: yes
configure:17051: checking for memset
configure:17051: gcc -o conftest -O3 -fomit-frame-pointer -mtune=native -fstrict-aliasing   conftest.c -lm  >&5
conftest.c:75:6: warning: incompatible redeclaration of library function 'memset' [-Wincompatible-library-redeclaration]
char memset ();
     ^
conftest.c:75:6: note: 'memset' is a builtin with type 'void *(void *, int, unsigned long)'
1 warning generated.
configure:17051: $? = 0
configure:17051: result: yes
configure:17051: checking for posix_memalign
configure:17051: gcc -o conftest -O3 -fomit-frame-pointer -mtune=native -fstrict-aliasing   conftest.c -lm  >&5
configure:17051: $? = 0
configure:17051: result: yes
configure:17051: checking for memalign
configure:17051: gcc -o conftest -O3 -fomit-frame-pointer -mtune=native -fstrict-aliasing   conftest.c -lm  >&5
Undefined symbols for architecture x86_64:
  "_memalign", referenced from:
      _main in conftest-2facff.o
ld: symbol(s) not found for architecture x86_64
clang: error: linker command failed with exit code 1 (use -v to see invocation)
configure:17051: $? = 1
configure: failed program was:
| /* confdefs.h */
| #define PACKAGE_NAME "fftw"
| #define PACKAGE_TARNAME "fftw"
| #define PACKAGE_VERSION "3.3.10"
| #define PACKAGE_STRING "fftw 3.3.10"
| #define PACKAGE_BUGREPORT "fftw@fftw.org"
| #define PACKAGE_URL ""
| #define PACKAGE "fftw"
| #define VERSION "3.3.10"
| #define FFTW_ENABLE_ALLOCA 1
| #define STDC_HEADERS 1
| #define HAVE_SYS_TYPES_H 1
| #define HAVE_SYS_STAT_H 1
| #define HAVE_STDLIB_H 1
| #define HAVE_STRING_H 1
| #define HAVE_MEMORY_H 1
| #define HAVE_STRINGS_H 1
| #define HAVE_INTTYPES_H 1
| #define HAVE_STDINT_H 1
| #define HAVE_UNISTD_H 1
| #define HAVE_DLFCN_H 1
| #define LT_OBJDIR ".libs/"
| #define STDC_HEADERS 1
| #define HAVE_FCNTL_H 1
| #define HAVE_FENV_H 1
| #define HAVE_LIMITS_H 1
| #define HAVE_STDDEF_H 1
| #define HAVE_SYS_TIME_H 1
| #define TIME_WITH_SYS_TIME 1
| #define HAVE_LONG_DOUBLE 1
| #define SIZEOF_INT 4
| #define SIZEOF_UNSIGNED_INT 4
| #define SIZEOF_LONG 8
| #define SIZEOF_UNSIGNED_LONG 8
| #define SIZEOF_LONG_LONG 8
| #define SIZEOF_UNSIGNED_LONG_LONG 8
| #define SIZEOF_SIZE_T 8
| #define SIZEOF_PTRDIFF_T 8
| #define HAVE_PTRDIFF_T 1
| #define HAVE_UINTPTR_T 1
| #define SIZEOF_FLOAT 4
| #define SIZEOF_DOUBLE 8
| #define SIZEOF_FFTW_R2R_KIND 4
| #define HAVE_ALLOCA_H 1
| #define HAVE_ALLOCA 1
| #define HAVE_VPRINTF 1
| #define HAVE_LIBM 1
| #define HAVE_GETTIMEOFDAY 1
| #define HAVE_DRAND48 1
| #define HAVE_SQRT 1
| #define HAVE_MEMSET 1
| #define HAVE_POSIX_MEMALIGN 1
| /* end confdefs.h.  */
| /* Define memalign to an innocuous variant, in case <limits.h> declares memalign.
|    For example, HP-UX 11i <limits.h> declares gettimeofday.  */
| #define memalign innocuous_memalign
| 
| /* System header to define __stub macros and hopefully few prototypes,
|     which can conflict with char memalign (); below.
|     Prefer <limits.h> to <assert.h> if __STDC__ is defined, since
|     <limits.h> exists even on freestanding compilers.  */
| 
| #ifdef __STDC__
| # include <limits.h>
| #else
| # include <assert.h>
| #endif
| 
| #undef memalign
| 
| /* Override any GCC internal prototype to avoid an error.
|    Use char because int might match the return type of a GCC
|    builtin and then its argument prototype would still apply.  */
| #ifdef __cplusplus
| extern "C"
| #endif
| char memalign ();
| /* The GNU C library defines this for functions which it implements
|     to always fail with ENOSYS.  Some functions are actually named
|     something starting with __ and the normal name is an alias.  */
| #if defined __stub_memalign || defined __stub___memalign
| choke me
| #endif
| 
| int
| main ()
| {
| return memalign ();
|   ;
|   return 0;
| }
configure:17051: result: no
configure:17051: checking for _mm_malloc
configure:17051: gcc -o conftest -O3 -fomit-frame-pointer -mtune=native -fstrict-aliasing   conftest.c -lm  >&5
Undefined symbols for architecture x86_64:
  "__mm_malloc", referenced from:
      _main in conftest-38bc9a.o
ld: symbol(s) not found for architecture x86_64
clang: error: linker command failed with exit code 1 (use -v to see invocation)
configure:17051: $? = 1
configure: failed program was:
| /* confdefs.h */
| #define PACKAGE_NAME "fftw"
| #define PACKAGE_TARNAME "fftw"
| #define PACKAGE_VERSION "3.3.10"
| #define PACKAGE_STRING "fftw 3.3.10"
| #define PACKAGE_BUGREPORT "fftw@fftw.org"
| #define PACKAGE_URL ""
| #define PACKAGE "fftw"
| #define VERSION "3.3.10"
| #define FFTW_ENABLE_ALLOCA 1
| #define STDC_HEADERS 1
| #define HAVE_SYS_TYPES_H 1
| #define HAVE_SYS_STAT_H 1
| #define HAVE_STDLIB_H 1
| #define HAVE_STRING_H 1
| #define HAVE_MEMORY_H 1
| #define HAVE_STRINGS_H 1
| #define HAVE_INTTYPES_H 1
| #define HAVE_STDINT_H 1
| #define HAVE_UNISTD_H 1
| #define HAVE_DLFCN_H 1
| #define LT_OBJDIR ".libs/"
| #define STDC_HEADERS 1
| #define HAVE_FCNTL_H 1
| #define HAVE_FENV_H 1
| #define HAVE_LIMITS_H 1
| #define HAVE_STDDEF_H 1
| #define HAVE_SYS_TIME_H 1
| #define TIME_WITH_SYS_TIME 1
| #define HAVE_LONG_DOUBLE 1
| #define SIZEOF_INT 4
| #define SIZEOF_UNSIGNED_INT 4
| #define SIZEOF_LONG 8
| #define SIZEOF_UNSIGNED_LONG 8
| #define SIZEOF_LONG_LONG 8
| #define SIZEOF_UNSIGNED_LONG_LONG 8
| #define SIZEOF_SIZE_T 8
| #define SIZEOF_PTRDIFF_T 8
| #define HAVE_PTRDIFF_T 1
| #define HAVE_UINTPTR_T 1
| #define SIZEOF_FLOAT 4
| #define SIZEOF_DOUBLE 8
| #define SIZEOF_FFTW_R2R_KIND 4
| #define HAVE_ALLOCA_H 1
| #define HAVE_ALLOCA 1
| #define HAVE_VPRINTF 1
| #define HAVE_LIBM 1
| #define HAVE_GETTIMEOFDAY 1
| #define HAVE_DRAND48 1
| #define HAVE_SQRT 1
| #define HAVE_MEMSET 1
| #define HAVE_POSIX_MEMALIGN 1
| /* end confdefs.h.  */
| /* Define _mm_malloc to an innocuous variant, in case <limits.h> declares _mm_malloc.
|    For example, HP-UX 11i <limits.h> declares gettimeofday.  */
| #define _mm_malloc innocuous__mm_malloc
| 
| /* System header to define __stub macros and hopefully few prototypes,
|     which can conflict with char _mm_malloc (); below.
|     Prefer <limits.h> to <assert.h> if __STDC__ is defined, since
|     <limits.h> exists even on freestanding compilers.  */
| 
| #ifdef __STDC__
| # include <limits.h>
| #else
| # include <assert.h>
| #endif
| 
| #undef _mm_malloc
| 
| /* Override any GCC internal prototype to avoid an error.
|    Use char because int might match the return type of a GCC
|    builtin and then its argument prototype would still apply.  */
| #ifdef __cplusplus
| extern "C"
| #endif
| char _mm_malloc ();
| /* The GNU C library defines this for functions which it implements
|     to always fail with ENOSYS.  Some functions are actually named
|     something starting with __ and the normal name is an alias.  */
| #if defined __stub__mm_malloc || defined __stub____mm_malloc
| choke me
| #endif
| 
| int
| main ()
| {
| return _mm_malloc ();
|   ;
|   return 0;
| }
configure:17051: result: no
configure:17051: checking for _mm_free
configure:17051: gcc -o conftest -O3 -fomit-frame-pointer -mtune=native -fstrict-aliasing   conftest.c -lm  >&5
Undefined symbols for architecture x86_64:
  "__mm_free", referenced from:
      _main in conftest-ef1b72.o
ld: symbol(s) not found for architecture x86_64
clang: error: linker command failed with exit code 1 (use -v to see invocation)
configure:17051: $? = 1
configure: failed program was:
| /* confdefs.h */
| #define PACKAGE_NAME "fftw"
| #define PACKAGE_TARNAME "fftw"
| #define PACKAGE_VERSION "3.3.10"
| #define PACKAGE_STRING "fftw 3.3.10"
| #define PACKAGE_BUGREPORT "fftw@fftw.org"
| #define PACKAGE_URL ""
| #define PACKAGE "fftw"
| #define VERSION "3.3.10"
| #define FFTW_ENABLE_ALLOCA 1
| #define STDC_HEADERS 1
| #define HAVE_SYS_TYPES_H 1
| #define HAVE_SYS_STAT_H 1
| #define HAVE_STDLIB_H 1
| #define HAVE_STRING_H 1
| #define HAVE_MEMORY_H 1
| #define HAVE_STRINGS_H 1
| #define HAVE_INTTYPES_H 1
| #define HAVE_STDINT_H 1
| #define HAVE_UNISTD_H 1
| #define HAVE_DLFCN_H 1
| #define LT_OBJDIR ".libs/"
| #define STDC_HEADERS 1
| #define HAVE_FCNTL_H 1
| #define HAVE_FENV_H 1
| #define HAVE_LIMITS_H 1
| #define HAVE_STDDEF_H 1
| #define HAVE_SYS_TIME_H 1
| #define TIME_WITH_SYS_TIME 1
| #define HAVE_LONG_DOUBLE 1
| #define SIZEOF_INT 4
| #define SIZEOF_UNSIGNED_INT 4
| #define SIZEOF_LONG 8
| #define SIZEOF_UNSIGNED_LONG 8
| #define SIZEOF_LONG_LONG 8
| #define SIZEOF_UNSIGNED_LONG_LONG 8
| #define SIZEOF_SIZE_T 8
| #define SIZEOF_PTRDIFF_T 8
| #define HAVE_PTRDIFF_T 1
| #define HAVE_UINTPTR_T 1
| #define SIZEOF_FLOAT 4
| #define SIZEOF_DOUBLE 8
| #define SIZEOF_FFTW_R2R_KIND 4
| #define HAVE_ALLOCA_H 1
| #define HAVE_ALLOCA 1
| #define HAVE_VPRINTF 1
| #define HAVE_LIBM 1
| #define HAVE_GETTIMEOFDAY 1
| #define HAVE_DRAND48 1
| #define HAVE_SQRT 1
| #define HAVE_MEMSET 1
| #define HAVE_POSIX_MEMALIGN 1
| /* end confdefs.h.  */
| /* Define _mm_free to an innocuous variant, in case <limits.h> declares _mm_free.
|    For example, HP-UX 11i <limits.h> declares gettimeofday.  */
| #define _mm_free innocuous__mm_free
| 
| /* System header to define __stub macros and hopefully few prototypes,
|     which can conflict with char _mm_free (); below.
|     Prefer <limits.h> to <assert.h> if __STDC__ is defined, since
|     <limits.h> exists even on freestanding compilers.  */
| 
| #ifdef __STDC__
| # include <limits.h>
| #else
| # include <assert.h>
| #endif
| 
| #undef _mm_free
| 
| /* Override any GCC internal prototype to avoid an error.
|    Use char because int might match the return type of a GCC
|    builtin and then its argument prototype would still apply.  */
| #ifdef __cplusplus
| extern "C"
| #endif
| char _mm_free ();
| /* The GNU C library defines this for functions which it implements
|     to always fail with ENOSYS.  Some functions are actually named
|     something starting with __ and the normal name is an alias.  */
| #if defined __stub__mm_free || defined __stub____mm_free
| choke me
| #endif
| 
| int
| main ()
| {
| return _mm_free ();
|   ;
|   return 0;
| }
configure:17051: result: no
configure:17051: checking for clock_gettime
configure:17051: gcc -o conftest -O3 -fomit-frame-pointer -mtune=native -fstrict-aliasing   conftest.c -lm  >&5
configure:17051: $? = 0
configure:17051: result: yes
configure:17051: checking for mach_absolute_time
configure:17051: gcc -o conftest -O3 -fomit-frame-pointer -mtune=native -fstrict-aliasing   conftest.c -lm  >&5
configure:17051: $? = 0
configure:17051: result: yes
configure:17051: checking for sysctl
configure:17051: gcc -o conftest -O3 -fomit-frame-pointer -mtune=native -fstrict-aliasing   conftest.c -lm  >&5
configure:17051: $? = 0
configure:17051: result: yes
configure:17051: checking for abort
configure:17051: gcc -o conftest -O3 -fomit-frame-pointer -mtune=native -fstrict-aliasing   conftest.c -lm  >&5
conftest.c:80:6: warning: incompatible redeclaration of library function 'abort' [-Wincompatible-library-redeclaration]
char abort ();
     ^
conftest.c:80:6: note: 'abort' is a builtin with type 'void (void) __attribute__((noreturn))'
1 warning generated.
configure:17051: $? = 0
configure:17051: result: yes
configure:17051: checking for sinl
configure:17051: gcc -o conftest -O3 -fomit-frame-pointer -mtune=native -fstrict-aliasing   conftest.c -lm  >&5
conftest.c:81:6: warning: incompatible redeclaration of library function 'sinl' [-Wincompatible-library-redeclaration]
char sinl ();
     ^
conftest.c:81:6: note: 'sinl' is a builtin with type 'long double (long double)'
1 warning generated.
configure:17051: $? = 0
configure:17051: result: yes
configure:17051: checking for cosl
configure:17051: gcc -o conftest -O3 -fomit-frame-pointer -mtune=native -fstrict-aliasing   conftest.c -lm  >&5
conftest.c:82:6: warning: incompatible redeclaration of library function 'cosl' [-Wincompatible-library-redeclaration]
char cosl ();
     ^
conftest.c:82:6: note: 'cosl' is a builtin with type 'long double (long double)'
1 warning generated.
configure:17051: $? = 0
configure:17051: result: yes
configure:17051: checking for snprintf
configure:17051: gcc -o conftest -O3 -fomit-frame-pointer -mtune=native -fstrict-aliasing   conftest.c -lm  >&5
conftest.c:83:6: warning: incompatible redeclaration of library function 'snprintf' [-Wincompatible-library-redeclaration]
char snprintf ();
     ^
conftest.c:83:6: note: 'snprintf' is a builtin with type 'int (char *, unsigned long, const char *, ...)'
1 warning generated.
configure:17051: $? = 0
configure:17051: result: yes
configure:17051: checking for memmove
configure:17051: gcc -o conftest -O3 -fomit-frame-pointer -mtune=native -fstrict-aliasing   conftest.c -lm  >&5
conftest.c:84:6: warning: incompatible redeclaration of library function 'memmove' [-Wincompatible-library-redeclaration]
char memmove ();
     ^
conftest.c:84:6: note: 'memmove' is a builtin with type 'void *(void *, const void *, unsigned long)'
1 warning generated.
configure:17051: $? = 0
configure:17051: result: yes
configure:17051: checking for strchr
configure:17051: gcc -o conftest -O3 -fomit-frame-pointer -mtune=native -fstrict-aliasing   conftest.c -lm  >&5
conftest.c:85:6: warning: incompatible redeclaration of library function 'strchr' [-Wincompatible-library-redeclaration]
char strchr ();
     ^
conftest.c:85:6: note: 'strchr' is a builtin with type 'char *(const char *, int)'
1 warning generated.
configure:17051: $? = 0
configure:17051: result: yes
configure:17051: checking for getpagesize
configure:17051: gcc -o conftest -O3 -fomit-frame-pointer -mtune=native -fstrict-aliasing   conftest.c -lm  >&5
configure:17051: $? = 0
configure:17051: result: yes
configure:17060: checking whether sinl is declared
configure:17060: gcc -c -O3 -fomit-frame-pointer -mtune=native -fstrict-aliasing  conftest.c >&5
configure:17060: $? = 0
configure:17060: result: yes
configure:17071: checking whether cosl is declared
configure:17071: gcc -c -O3 -fomit-frame-pointer -mtune=native -fstrict-aliasing  conftest.c >&5
configure:17071: $? = 0
configure:17071: result: yes
configure:17082: checking whether sinq is declared
configure:17082: gcc -c -O3 -fomit-frame-pointer -mtune=native -fstrict-aliasing  conftest.c >&5
conftest.c:75:10: error: use of undeclared identifier 'sinq'; did you mean 'int'?
  (void) sinq;
         ^~~~
         int
conftest.c:75:10: error: expected expression
2 errors generated.
configure:17082: $? = 1
configure: failed program was:
| /* confdefs.h */
| #define PACKAGE_NAME "fftw"
| #define PACKAGE_TARNAME "fftw"
| #define PACKAGE_VERSION "3.3.10"
| #define PACKAGE_STRING "fftw 3.3.10"
| #define PACKAGE_BUGREPORT "fftw@fftw.org"
| #define PACKAGE_URL ""
| #define PACKAGE "fftw"
| #define VERSION "3.3.10"
| #define FFTW_ENABLE_ALLOCA 1
| #define STDC_HEADERS 1
| #define HAVE_SYS_TYPES_H 1
| #define HAVE_SYS_STAT_H 1
| #define HAVE_STDLIB_H 1
| #define HAVE_STRING_H 1
| #define HAVE_MEMORY_H 1
| #define HAVE_STRINGS_H 1
| #define HAVE_INTTYPES_H 1
| #define HAVE_STDINT_H 1
| #define HAVE_UNISTD_H 1
| #define HAVE_DLFCN_H 1
| #define LT_OBJDIR ".libs/"
| #define STDC_HEADERS 1
| #define HAVE_FCNTL_H 1
| #define HAVE_FENV_H 1
| #define HAVE_LIMITS_H 1
| #define HAVE_STDDEF_H 1
| #define HAVE_SYS_TIME_H 1
| #define TIME_WITH_SYS_TIME 1
| #define HAVE_LONG_DOUBLE 1
| #define SIZEOF_INT 4
| #define SIZEOF_UNSIGNED_INT 4
| #define SIZEOF_LONG 8
| #define SIZEOF_UNSIGNED_LONG 8
| #define SIZEOF_LONG_LONG 8
| #define SIZEOF_UNSIGNED_LONG_LONG 8
| #define SIZEOF_SIZE_T 8
| #define SIZEOF_PTRDIFF_T 8
| #define HAVE_PTRDIFF_T 1
| #define HAVE_UINTPTR_T 1
| #define SIZEOF_FLOAT 4
| #define SIZEOF_DOUBLE 8
| #define SIZEOF_FFTW_R2R_KIND 4
| #define HAVE_ALLOCA_H 1
| #define HAVE_ALLOCA 1
| #define HAVE_VPRINTF 1
| #define HAVE_LIBM 1
| #define HAVE_GETTIMEOFDAY 1
| #define HAVE_DRAND48 1
| #define HAVE_SQRT 1
| #define HAVE_MEMSET 1
| #define HAVE_POSIX_MEMALIGN 1
| #define HAVE_CLOCK_GETTIME 1
| #define HAVE_MACH_ABSOLUTE_TIME 1
| #define HAVE_SYSCTL 1
| #define HAVE_ABORT 1
| #define HAVE_SINL 1
| #define HAVE_COSL 1
| #define HAVE_SNPRINTF 1
| #define HAVE_MEMMOVE 1
| #define HAVE_STRCHR 1
| #define HAVE_GETPAGESIZE 1
| #define HAVE_DECL_SINL 1
| #define HAVE_DECL_COSL 1
| /* end confdefs.h.  */
| #include <math.h>
| 
| int
| main ()
| {
| #ifndef sinq
| #ifdef __cplusplus
|   (void) sinq;
| #else
|   (void) sinq;
| #endif
| #endif
| 
|   ;
|   return 0;
| }
configure:17082: result: no
configure:17093: checking whether cosq is declared
configure:17093: gcc -c -O3 -fomit-frame-pointer -mtune=native -fstrict-aliasing  conftest.c >&5
conftest.c:76:10: error: use of undeclared identifier 'cosq'; did you mean 'const'?
  (void) cosq;
         ^~~~
         const
conftest.c:76:10: error: expected expression
2 errors generated.
configure:17093: $? = 1
configure: failed program was:
| /* confdefs.h */
| #define PACKAGE_NAME "fftw"
| #define PACKAGE_TARNAME "fftw"
| #define PACKAGE_VERSION "3.3.10"
| #define PACKAGE_STRING "fftw 3.3.10"
| #define PACKAGE_BUGREPORT "fftw@fftw.org"
| #define PACKAGE_URL ""
| #define PACKAGE "fftw"
| #define VERSION "3.3.10"
| #define FFTW_ENABLE_ALLOCA 1
| #define STDC_HEADERS 1
| #define HAVE_SYS_TYPES_H 1
| #define HAVE_SYS_STAT_H 1
| #define HAVE_STDLIB_H 1
| #define HAVE_STRING_H 1
| #define HAVE_MEMORY_H 1
| #define HAVE_STRINGS_H 1
| #define HAVE_INTTYPES_H 1
| #define HAVE_STDINT_H 1
| #define HAVE_UNISTD_H 1
| #define HAVE_DLFCN_H 1
| #define LT_OBJDIR ".libs/"
| #define STDC_HEADERS 1
| #define HAVE_FCNTL_H 1
| #define HAVE_FENV_H 1
| #define HAVE_LIMITS_H 1
| #define HAVE_STDDEF_H 1
| #define HAVE_SYS_TIME_H 1
| #define TIME_WITH_SYS_TIME 1
| #define HAVE_LONG_DOUBLE 1
| #define SIZEOF_INT 4
| #define SIZEOF_UNSIGNED_INT 4
| #define SIZEOF_LONG 8
| #define SIZEOF_UNSIGNED_LONG 8
| #define SIZEOF_LONG_LONG 8
| #define SIZEOF_UNSIGNED_LONG_LONG 8
| #define SIZEOF_SIZE_T 8
| #define SIZEOF_PTRDIFF_T 8
| #define HAVE_PTRDIFF_T 1
| #define HAVE_UINTPTR_T 1
| #define SIZEOF_FLOAT 4
| #define SIZEOF_DOUBLE 8
| #define SIZEOF_FFTW_R2R_KIND 4
| #define HAVE_ALLOCA_H 1
| #define HAVE_ALLOCA 1
| #define HAVE_VPRINTF 1
| #define HAVE_LIBM 1
| #define HAVE_GETTIMEOFDAY 1
| #define HAVE_DRAND48 1
| #define HAVE_SQRT 1
| #define HAVE_MEMSET 1
| #define HAVE_POSIX_MEMALIGN 1
| #define HAVE_CLOCK_GETTIME 1
| #define HAVE_MACH_ABSOLUTE_TIME 1
| #define HAVE_SYSCTL 1
| #define HAVE_ABORT 1
| #define HAVE_SINL 1
| #define HAVE_COSL 1
| #define HAVE_SNPRINTF 1
| #define HAVE_MEMMOVE 1
| #define HAVE_STRCHR 1
| #define HAVE_GETPAGESIZE 1
| #define HAVE_DECL_SINL 1
| #define HAVE_DECL_COSL 1
| #define HAVE_DECL_SINQ 0
| /* end confdefs.h.  */
| #include <math.h>
| 
| int
| main ()
| {
| #ifndef cosq
| #ifdef __cplusplus
|   (void) cosq;
| #else
|   (void) cosq;
| #endif
| #endif
| 
|   ;
|   return 0;
| }
configure:17093: result: no
configure:17105: checking whether memalign is declared
configure:17105: gcc -c -O3 -fomit-frame-pointer -mtune=native -fstrict-aliasing  conftest.c >&5
conftest.c:80:10: error: use of undeclared identifier 'memalign'
  (void) memalign;
         ^
1 error generated.
configure:17105: $? = 1
configure: failed program was:
| /* confdefs.h */
| #define PACKAGE_NAME "fftw"
| #define PACKAGE_TARNAME "fftw"
| #define PACKAGE_VERSION "3.3.10"
| #define PACKAGE_STRING "fftw 3.3.10"
| #define PACKAGE_BUGREPORT "fftw@fftw.org"
| #define PACKAGE_URL ""
| #define PACKAGE "fftw"
| #define VERSION "3.3.10"
| #define FFTW_ENABLE_ALLOCA 1
| #define STDC_HEADERS 1
| #define HAVE_SYS_TYPES_H 1
| #define HAVE_SYS_STAT_H 1
| #define HAVE_STDLIB_H 1
| #define HAVE_STRING_H 1
| #define HAVE_MEMORY_H 1
| #define HAVE_STRINGS_H 1
| #define HAVE_INTTYPES_H 1
| #define HAVE_STDINT_H 1
| #define HAVE_UNISTD_H 1
| #define HAVE_DLFCN_H 1
| #define LT_OBJDIR ".libs/"
| #define STDC_HEADERS 1
| #define HAVE_FCNTL_H 1
| #define HAVE_FENV_H 1
| #define HAVE_LIMITS_H 1
| #define HAVE_STDDEF_H 1
| #define HAVE_SYS_TIME_H 1
| #define TIME_WITH_SYS_TIME 1
| #define HAVE_LONG_DOUBLE 1
| #define SIZEOF_INT 4
| #define SIZEOF_UNSIGNED_INT 4
| #define SIZEOF_LONG 8
| #define SIZEOF_UNSIGNED_LONG 8
| #define SIZEOF_LONG_LONG 8
| #define SIZEOF_UNSIGNED_LONG_LONG 8
| #define SIZEOF_SIZE_T 8
| #define SIZEOF_PTRDIFF_T 8
| #define HAVE_PTRDIFF_T 1
| #define HAVE_UINTPTR_T 1
| #define SIZEOF_FLOAT 4
| #define SIZEOF_DOUBLE 8
| #define SIZEOF_FFTW_R2R_KIND 4
| #define HAVE_ALLOCA_H 1
| #define HAVE_ALLOCA 1
| #define HAVE_VPRINTF 1
| #define HAVE_LIBM 1
| #define HAVE_GETTIMEOFDAY 1
| #define HAVE_DRAND48 1
| #define HAVE_SQRT 1
| #define HAVE_MEMSET 1
| #define HAVE_POSIX_MEMALIGN 1
| #define HAVE_CLOCK_GETTIME 1
| #define HAVE_MACH_ABSOLUTE_TIME 1
| #define HAVE_SYSCTL 1
| #define HAVE_ABORT 1
| #define HAVE_SINL 1
| #define HAVE_COSL 1
| #define HAVE_SNPRINTF 1
| #define HAVE_MEMMOVE 1
| #define HAVE_STRCHR 1
| #define HAVE_GETPAGESIZE 1
| #define HAVE_DECL_SINL 1
| #define HAVE_DECL_COSL 1
| #define HAVE_DECL_SINQ 0
| #define HAVE_DECL_COSQ 0
| /* end confdefs.h.  */
| 
| #ifdef HAVE_MALLOC_H
| #include <malloc.h>
| #endif
| 
| int
| main ()
| {
| #ifndef memalign
| #ifdef __cplusplus
|   (void) memalign;
| #else
|   (void) memalign;
| #endif
| #endif
| 
|   ;
|   return 0;
| }
configure:17105: result: no
configure:17120: checking whether drand48 is declared
configure:17120: gcc -c -O3 -fomit-frame-pointer -mtune=native -fstrict-aliasing  conftest.c >&5
configure:17120: $? = 0
configure:17120: result: yes
configure:17130: checking whether srand48 is declared
configure:17130: gcc -c -O3 -fomit-frame-pointer -mtune=native -fstrict-aliasing  conftest.c >&5
configure:17130: $? = 0
configure:17130: result: yes
configure:17140: checking whether posix_memalign is declared
configure:17140: gcc -c -O3 -fomit-frame-pointer -mtune=native -fstrict-aliasing  conftest.c >&5
configure:17140: $? = 0
configure:17140: result: yes
configure:17151: checking for _rtc intrinsic
configure:17167: gcc -o conftest -O3 -fomit-frame-pointer -mtune=native -fstrict-aliasing   conftest.c -lm  >&5
conftest.c:78:1: error: implicit declaration of function '_rtc' is invalid in C99 [-Werror,-Wimplicit-function-declaration]
_rtc()
^
1 error generated.
configure:17167: $? = 1
configure: failed program was:
| /* confdefs.h */
| #define PACKAGE_NAME "fftw"
| #define PACKAGE_TARNAME "fftw"
| #define PACKAGE_VERSION "3.3.10"
| #define PACKAGE_STRING "fftw 3.3.10"
| #define PACKAGE_BUGREPORT "fftw@fftw.org"
| #define PACKAGE_URL ""
| #define PACKAGE "fftw"
| #define VERSION "3.3.10"
| #define FFTW_ENABLE_ALLOCA 1
| #define STDC_HEADERS 1
| #define HAVE_SYS_TYPES_H 1
| #define HAVE_SYS_STAT_H 1
| #define HAVE_STDLIB_H 1
| #define HAVE_STRING_H 1
| #define HAVE_MEMORY_H 1
| #define HAVE_STRINGS_H 1
| #define HAVE_INTTYPES_H 1
| #define HAVE_STDINT_H 1
| #define HAVE_UNISTD_H 1
| #define HAVE_DLFCN_H 1
| #define LT_OBJDIR ".libs/"
| #define STDC_HEADERS 1
| #define HAVE_FCNTL_H 1
| #define HAVE_FENV_H 1
| #define HAVE_LIMITS_H 1
| #define HAVE_STDDEF_H 1
| #define HAVE_SYS_TIME_H 1
| #define TIME_WITH_SYS_TIME 1
| #define HAVE_LONG_DOUBLE 1
| #define SIZEOF_INT 4
| #define SIZEOF_UNSIGNED_INT 4
| #define SIZEOF_LONG 8
| #define SIZEOF_UNSIGNED_LONG 8
| #define SIZEOF_LONG_LONG 8
| #define SIZEOF_UNSIGNED_LONG_LONG 8
| #define SIZEOF_SIZE_T 8
| #define SIZEOF_PTRDIFF_T 8
| #define HAVE_PTRDIFF_T 1
| #define HAVE_UINTPTR_T 1
| #define SIZEOF_FLOAT 4
| #define SIZEOF_DOUBLE 8
| #define SIZEOF_FFTW_R2R_KIND 4
| #define HAVE_ALLOCA_H 1
| #define HAVE_ALLOCA 1
| #define HAVE_VPRINTF 1
| #define HAVE_LIBM 1
| #define HAVE_GETTIMEOFDAY 1
| #define HAVE_DRAND48 1
| #define HAVE_SQRT 1
| #define HAVE_MEMSET 1
| #define HAVE_POSIX_MEMALIGN 1
| #define HAVE_CLOCK_GETTIME 1
| #define HAVE_MACH_ABSOLUTE_TIME 1
| #define HAVE_SYSCTL 1
| #define HAVE_ABORT 1
| #define HAVE_SINL 1
| #define HAVE_COSL 1
| #define HAVE_SNPRINTF 1
| #define HAVE_MEMMOVE 1
| #define HAVE_STRCHR 1
| #define HAVE_GETPAGESIZE 1
| #define HAVE_DECL_SINL 1
| #define HAVE_DECL_COSL 1
| #define HAVE_DECL_SINQ 0
| #define HAVE_DECL_COSQ 0
| #define HAVE_DECL_MEMALIGN 0
| #define HAVE_DECL_DRAND48 1
| #define HAVE_DECL_SRAND48 1
| #define HAVE_DECL_POSIX_MEMALIGN 1
| /* end confdefs.h.  */
| #ifdef HAVE_INTRINSICS_H
| #include <intrinsics.h>
| #endif
| int
| main ()
| {
| _rtc()
|   ;
|   return 0;
| }
configure:17176: result: no
configure:17196: checking for isnan
configure:17210: gcc -o conftest -O3 -fomit-frame-pointer -mtune=native -fstrict-aliasing   conftest.c -lm  >&5
configure:17210: $? = 0
configure:17222: result: yes
configure:17229: checking whether C compiler accepts -mpreferred-stack-boundary=4
configure:17248: gcc -c -mpreferred-stack-boundary=4  conftest.c >&5
clang: error: unknown argument: '-mpreferred-stack-boundary=4'
configure:17248: $? = 1
configure: failed program was:
| /* confdefs.h */
| #define PACKAGE_NAME "fftw"
| #define PACKAGE_TARNAME "fftw"
| #define PACKAGE_VERSION "3.3.10"
| #define PACKAGE_STRING "fftw 3.3.10"
| #define PACKAGE_BUGREPORT "fftw@fftw.org"
| #define PACKAGE_URL ""
| #define PACKAGE "fftw"
| #define VERSION "3.3.10"
| #define FFTW_ENABLE_ALLOCA 1
| #define STDC_HEADERS 1
| #define HAVE_SYS_TYPES_H 1
| #define HAVE_SYS_STAT_H 1
| #define HAVE_STDLIB_H 1
| #define HAVE_STRING_H 1
| #define HAVE_MEMORY_H 1
| #define HAVE_STRINGS_H 1
| #define HAVE_INTTYPES_H 1
| #define HAVE_STDINT_H 1
| #define HAVE_UNISTD_H 1
| #define HAVE_DLFCN_H 1
| #define LT_OBJDIR ".libs/"
| #define STDC_HEADERS 1
| #define HAVE_FCNTL_H 1
| #define HAVE_FENV_H 1
| #define HAVE_LIMITS_H 1
| #define HAVE_STDDEF_H 1
| #define HAVE_SYS_TIME_H 1
| #define TIME_WITH_SYS_TIME 1
| #define HAVE_LONG_DOUBLE 1
| #define SIZEOF_INT 4
| #define SIZEOF_UNSIGNED_INT 4
| #define SIZEOF_LONG 8
| #define SIZEOF_UNSIGNED_LONG 8
| #define SIZEOF_LONG_LONG 8
| #define SIZEOF_UNSIGNED_LONG_LONG 8
| #define SIZEOF_SIZE_T 8
| #define SIZEOF_PTRDIFF_T 8
| #define HAVE_PTRDIFF_T 1
| #define HAVE_UINTPTR_T 1
| #define SIZEOF_FLOAT 4
| #define SIZEOF_DOUBLE 8
| #define SIZEOF_FFTW_R2R_KIND 4
| #define HAVE_ALLOCA_H 1
| #define HAVE_ALLOCA 1
| #define HAVE_VPRINTF 1
| #define HAVE_LIBM 1
| #define HAVE_GETTIMEOFDAY 1
| #define HAVE_DRAND48 1
| #define HAVE_SQRT 1
| #define HAVE_MEMSET 1
| #define HAVE_POSIX_MEMALIGN 1
| #define HAVE_CLOCK_GETTIME 1
| #define HAVE_MACH_ABSOLUTE_TIME 1
| #define HAVE_SYSCTL 1
| #define HAVE_ABORT 1
| #define HAVE_SINL 1
| #define HAVE_COSL 1
| #define HAVE_SNPRINTF 1
| #define HAVE_MEMMOVE 1
| #define HAVE_STRCHR 1
| #define HAVE_GETPAGESIZE 1
| #define HAVE_DECL_SINL 1
| #define HAVE_DECL_COSL 1
| #define HAVE_DECL_SINQ 0
| #define HAVE_DECL_COSQ 0
| #define HAVE_DECL_MEMALIGN 0
| #define HAVE_DECL_DRAND48 1
| #define HAVE_DECL_SRAND48 1
| #define HAVE_DECL_POSIX_MEMALIGN 1
| #define HAVE_ISNAN 1
| /* end confdefs.h.  */
| 
| int
| main ()
| {
| 
|   ;
|   return 0;
| }
configure:17258: result: no
configure:17520: checking for g77
configure:17550: result: no
configure:17520: checking for xlf
configure:17550: result: no
configure:17520: checking for f77
configure:17550: result: no
configure:17520: checking for frt
configure:17550: result: no
configure:17520: checking for pgf77
configure:17550: result: no
configure:17520: checking for cf77
configure:17550: result: no
configure:17520: checking for fort77
configure:17550: result: no
configure:17520: checking for fl32
configure:17550: result: no
configure:17520: checking for af77
configure:17550: result: no
configure:17520: checking for xlf90
configure:17550: result: no
configure:17520: checking for f90
configure:17550: result: no
configure:17520: checking for pgf90
configure:17550: result: no
configure:17520: checking for pghpf
configure:17550: result: no
configure:17520: checking for epcf90
configure:17550: result: no
configure:17520: checking for gfortran
configure:17536: found /usr/local/bin/gfortran
configure:17547: result: gfortran
configure:17573: checking for Fortran 77 compiler version
configure:17582: gfortran --version >&5
GNU Fortran (Homebrew GCC 8.3.0) 8.3.0
Copyright (C) 2018 Free Software Foundation, Inc.
This is free software; see the source for copying conditions.  There is NO
warranty; not even for MERCHANTABILITY or FITNESS FOR A PARTICULAR PURPOSE.

configure:17593: $? = 0
configure:17582: gfortran -v >&5
Using built-in specs.
COLLECT_GCC=gfortran
COLLECT_LTO_WRAPPER=/usr/local/Cellar/gcc/8.3.0/libexec/gcc/x86_64-apple-darwin18.2.0/8.3.0/lto-wrapper
Target: x86_64-apple-darwin18.2.0
Configured with: ../configure --build=x86_64-apple-darwin18.2.0 --prefix=/usr/local/Cellar/gcc/8.3.0 --libdir=/usr/local/Cellar/gcc/8.3.0/lib/gcc/8 --disable-nls --enable-checking=release --enable-languages=c,c++,objc,obj-c++,fortran --program-suffix=-8 --with-gmp=/usr/local/opt/gmp --with-mpfr=/usr/local/opt/mpfr --with-mpc=/usr/local/opt/libmpc --with-isl=/usr/local/opt/isl --with-system-zlib --with-pkgversion='Homebrew GCC 8.3.0' --with-bugurl=https://github.com/Homebrew/homebrew-core/issues --disable-multilib --with-native-system-header-dir=/usr/include --with-sysroot=/Library/Developer/CommandLineTools/SDKs/MacOSX.sdk
Thread model: posix
gcc version 8.3.0 (Homebrew GCC 8.3.0) 
configure:17593: $? = 0
configure:17582: gfortran -V >&5
gfortran: error: unrecognized command line option '-V'
gfortran: fatal error: no input files
compilation terminated.
configure:17593: $? = 1
configure:17582: gfortran -qversion >&5
gfortran: error: unrecognized command line option '-qversion'; did you mean '--version'?
gfortran: fatal error: no input files
compilation terminated.
configure:17593: $? = 1
configure:17602: checking whether we are using the GNU Fortran 77 compiler
configure:17615: gfortran -c  conftest.F >&5
configure:17615: $? = 0
configure:17624: result: yes
configure:17630: checking whether gfortran accepts -g
configure:17641: gfortran -c -g conftest.f >&5
configure:17641: $? = 0
configure:17649: result: yes
configure:17778: checking if libtool supports shared libraries
configure:17780: result: yes
configure:17783: checking whether to build shared libraries
configure:17807: result: no
configure:17810: checking whether to build static libraries
configure:17814: result: yes
configure:18172: checking for gfortran option to produce PIC
configure:18179: result: -fno-common
configure:18187: checking if gfortran PIC flag -fno-common works
configure:18205: gfortran -c -g -O2 -fno-common conftest.f >&5
configure:18209: $? = 0
configure:18222: result: yes
configure:18245: checking if gfortran static flag -static works
configure:18273: result: no
configure:18285: checking if gfortran supports -c -o file.o
configure:18306: gfortran -c -g -O2 -o out/conftest2.o conftest.f >&5
configure:18310: $? = 0
configure:18332: result: yes
configure:18337: checking if gfortran supports -c -o file.o
configure:18384: result: yes
configure:18414: checking whether the gfortran linker (/Applications/Xcode.app/Contents/Developer/Toolchains/XcodeDefault.xctoolchain/usr/bin/ld) supports shared libraries
configure:19627: result: yes
configure:19768: checking dynamic linker characteristics
configure:20519: result: darwin19.6.0 dyld
configure:20584: checking how to hardcode library paths into programs
configure:20609: result: immediate
configure:20651: checking how to get verbose linking output from gfortran
configure:20661: gfortran -c -g -O2 conftest.f >&5
configure:20661: $? = 0
configure:20679: gfortran -o conftest -g -O2 -v conftest.f -lm
Using built-in specs.
Target: x86_64-apple-darwin18.2.0
Thread model: posix
gcc version 8.3.0 (Homebrew GCC 8.3.0) 
 /usr/local/Cellar/gcc/8.3.0/libexec/gcc/x86_64-apple-darwin18.2.0/8.3.0/f951 conftest.f -ffixed-form -fPIC -feliminate-unused-debug-symbols -quiet -dumpbase conftest.f -mmacosx-version-min=10.15.0 -mtune=core2 -auxbase conftest -g -O2 -version -fintrinsic-modules-path /usr/local/Cellar/gcc/8.3.0/lib/gcc/8/gcc/x86_64-apple-darwin18.2.0/8.3.0/finclude -o /var/folders/b2/rknggkn128x7bcgpws2rgzdm0000gn/T//ccEN7iAs.s
GNU Fortran (Homebrew GCC 8.3.0) version 8.3.0 (x86_64-apple-darwin18.2.0)
	compiled by GNU C version 8.3.0, GMP version 6.1.2, MPFR version 4.0.1, MPC version 1.1.0, isl version isl-0.20-GMP

GGC heuristics: --param ggc-min-expand=100 --param ggc-min-heapsize=131072
GNU Fortran2008 (Homebrew GCC 8.3.0) version 8.3.0 (x86_64-apple-darwin18.2.0)
	compiled by GNU C version 8.3.0, GMP version 6.1.2, MPFR version 4.0.1, MPC version 1.1.0, isl version isl-0.20-GMP

GGC heuristics: --param ggc-min-expand=100 --param ggc-min-heapsize=131072
 as -arch x86_64 -v -force_cpusubtype_ALL -mmacosx-version-min=10.15 -o /var/folders/b2/rknggkn128x7bcgpws2rgzdm0000gn/T//cclBUs0r.o /var/folders/b2/rknggkn128x7bcgpws2rgzdm0000gn/T//ccEN7iAs.s
Apple clang version 12.0.0 (clang-1200.0.32.27)
Target: x86_64-apple-darwin19.6.0
Thread model: posix
InstalledDir: /Applications/Xcode.app/Contents/Developer/Toolchains/XcodeDefault.xctoolchain/usr/bin
 "/Applications/Xcode.app/Contents/Developer/Toolchains/XcodeDefault.xctoolchain/usr/bin/clang" -cc1as -triple x86_64-apple-macosx10.15.0 -filetype obj -main-file-name ccEN7iAs.s -target-cpu penryn -fdebug-compilation-dir /Volumes/D/wzq/2019/gmic-3.1.2/openfx-gmic-master/fftw-3.3.10 -dwarf-debug-producer "Apple clang version 12.0.0 (clang-1200.0.32.27)" -dwarf-version=4 -mrelocation-model pic -o /var/folders/b2/rknggkn128x7bcgpws2rgzdm0000gn/T//cclBUs0r.o /var/folders/b2/rknggkn128x7bcgpws2rgzdm0000gn/T//ccEN7iAs.s
Reading specs from /usr/local/Cellar/gcc/8.3.0/lib/gcc/8/gcc/x86_64-apple-darwin18.2.0/8.3.0/../../../libgfortran.spec
rename spec lib to liborig
 /usr/local/Cellar/gcc/8.3.0/libexec/gcc/x86_64-apple-darwin18.2.0/8.3.0/collect2 -syslibroot /Library/Developer/CommandLineTools/SDKs/MacOSX.sdk/ -dynamic -arch x86_64 -macosx_version_min 10.15.0 -weak_reference_mismatches non-weak -o conftest -L/usr/local/Cellar/gcc/8.3.0/lib/gcc/8/gcc/x86_64-apple-darwin18.2.0/8.3.0 -L/usr/local/Cellar/gcc/8.3.0/lib/gcc/8/gcc/x86_64-apple-darwin18.2.0/8.3.0/../../.. /var/folders/b2/rknggkn128x7bcgpws2rgzdm0000gn/T//cclBUs0r.o -lgfortran -no_compact_unwind -lSystem -lgcc_ext.10.5 -lgcc -lquadmath -lm -lgcc_ext.10.5 -lgcc -lSystem -v -idsym -dsym
collect2 version 8.3.0
/opt/local/bin/ld -syslibroot /Library/Developer/CommandLineTools/SDKs/MacOSX.sdk/ -dynamic -arch x86_64 -macosx_version_min 10.15.0 -weak_reference_mismatches non-weak -o conftest -L/usr/local/Cellar/gcc/8.3.0/lib/gcc/8/gcc/x86_64-apple-darwin18.2.0/8.3.0 -L/usr/local/Cellar/gcc/8.3.0/lib/gcc/8/gcc/x86_64-apple-darwin18.2.0/8.3.0/../../.. /var/folders/b2/rknggkn128x7bcgpws2rgzdm0000gn/T//cclBUs0r.o -lgfortran -no_compact_unwind -lSystem -lgcc_ext.10.5 -lgcc -lquadmath -lm -lgcc_ext.10.5 -lgcc -lSystem -v
@(#)PROGRAM:ld  PROJECT:ld64-609.7
BUILD 18:10:07 Oct 19 2020
configured to support archs: armv6 armv7 armv7s arm64 arm64e arm64_32 i386 x86_64 x86_64h armv6m armv7k armv7m armv7em
Library search paths:
	/usr/local/Cellar/gcc/8.3.0/lib/gcc/8/gcc/x86_64-apple-darwin18.2.0/8.3.0
	/usr/local/Cellar/gcc/8.3.0/lib/gcc/8
	/Library/Developer/CommandLineTools/SDKs/MacOSX.sdk/usr/lib
Framework search paths:
	/Library/Developer/CommandLineTools/SDKs/MacOSX.sdk/System/Library/Frameworks/
 /opt/local/bin/nm -n /var/folders/b2/rknggkn128x7bcgpws2rgzdm0000gn/T//cclBUs0r.o
dsymutil conftest
configure:20762: result: -v
configure:20764: checking for Fortran 77 libraries of gfortran
configure:20787: gfortran -o conftest -g -O2 -v conftest.f -lm
Using built-in specs.
Target: x86_64-apple-darwin18.2.0
Thread model: posix
gcc version 8.3.0 (Homebrew GCC 8.3.0) 
 /usr/local/Cellar/gcc/8.3.0/libexec/gcc/x86_64-apple-darwin18.2.0/8.3.0/f951 conftest.f -ffixed-form -fPIC -feliminate-unused-debug-symbols -quiet -dumpbase conftest.f -mmacosx-version-min=10.15.0 -mtune=core2 -auxbase conftest -g -O2 -version -fintrinsic-modules-path /usr/local/Cellar/gcc/8.3.0/lib/gcc/8/gcc/x86_64-apple-darwin18.2.0/8.3.0/finclude -o /var/folders/b2/rknggkn128x7bcgpws2rgzdm0000gn/T//ccowX1Uv.s
GNU Fortran (Homebrew GCC 8.3.0) version 8.3.0 (x86_64-apple-darwin18.2.0)
	compiled by GNU C version 8.3.0, GMP version 6.1.2, MPFR version 4.0.1, MPC version 1.1.0, isl version isl-0.20-GMP

GGC heuristics: --param ggc-min-expand=100 --param ggc-min-heapsize=131072
GNU Fortran2008 (Homebrew GCC 8.3.0) version 8.3.0 (x86_64-apple-darwin18.2.0)
	compiled by GNU C version 8.3.0, GMP version 6.1.2, MPFR version 4.0.1, MPC version 1.1.0, isl version isl-0.20-GMP

GGC heuristics: --param ggc-min-expand=100 --param ggc-min-heapsize=131072
 as -arch x86_64 -v -force_cpusubtype_ALL -mmacosx-version-min=10.15 -o /var/folders/b2/rknggkn128x7bcgpws2rgzdm0000gn/T//ccKHZkoP.o /var/folders/b2/rknggkn128x7bcgpws2rgzdm0000gn/T//ccowX1Uv.s
Apple clang version 12.0.0 (clang-1200.0.32.27)
Target: x86_64-apple-darwin19.6.0
Thread model: posix
InstalledDir: /Applications/Xcode.app/Contents/Developer/Toolchains/XcodeDefault.xctoolchain/usr/bin
 "/Applications/Xcode.app/Contents/Developer/Toolchains/XcodeDefault.xctoolchain/usr/bin/clang" -cc1as -triple x86_64-apple-macosx10.15.0 -filetype obj -main-file-name ccowX1Uv.s -target-cpu penryn -fdebug-compilation-dir /Volumes/D/wzq/2019/gmic-3.1.2/openfx-gmic-master/fftw-3.3.10 -dwarf-debug-producer "Apple clang version 12.0.0 (clang-1200.0.32.27)" -dwarf-version=4 -mrelocation-model pic -o /var/folders/b2/rknggkn128x7bcgpws2rgzdm0000gn/T//ccKHZkoP.o /var/folders/b2/rknggkn128x7bcgpws2rgzdm0000gn/T//ccowX1Uv.s
Reading specs from /usr/local/Cellar/gcc/8.3.0/lib/gcc/8/gcc/x86_64-apple-darwin18.2.0/8.3.0/../../../libgfortran.spec
rename spec lib to liborig
 /usr/local/Cellar/gcc/8.3.0/libexec/gcc/x86_64-apple-darwin18.2.0/8.3.0/collect2 -syslibroot /Library/Developer/CommandLineTools/SDKs/MacOSX.sdk/ -dynamic -arch x86_64 -macosx_version_min 10.15.0 -weak_reference_mismatches non-weak -o conftest -L/usr/local/Cellar/gcc/8.3.0/lib/gcc/8/gcc/x86_64-apple-darwin18.2.0/8.3.0 -L/usr/local/Cellar/gcc/8.3.0/lib/gcc/8/gcc/x86_64-apple-darwin18.2.0/8.3.0/../../.. /var/folders/b2/rknggkn128x7bcgpws2rgzdm0000gn/T//ccKHZkoP.o -lgfortran -no_compact_unwind -lSystem -lgcc_ext.10.5 -lgcc -lquadmath -lm -lgcc_ext.10.5 -lgcc -lSystem -v -idsym -dsym
collect2 version 8.3.0
/opt/local/bin/ld -syslibroot /Library/Developer/CommandLineTools/SDKs/MacOSX.sdk/ -dynamic -arch x86_64 -macosx_version_min 10.15.0 -weak_reference_mismatches non-weak -o conftest -L/usr/local/Cellar/gcc/8.3.0/lib/gcc/8/gcc/x86_64-apple-darwin18.2.0/8.3.0 -L/usr/local/Cellar/gcc/8.3.0/lib/gcc/8/gcc/x86_64-apple-darwin18.2.0/8.3.0/../../.. /var/folders/b2/rknggkn128x7bcgpws2rgzdm0000gn/T//ccKHZkoP.o -lgfortran -no_compact_unwind -lSystem -lgcc_ext.10.5 -lgcc -lquadmath -lm -lgcc_ext.10.5 -lgcc -lSystem -v
@(#)PROGRAM:ld  PROJECT:ld64-609.7
BUILD 18:10:07 Oct 19 2020
configured to support archs: armv6 armv7 armv7s arm64 arm64e arm64_32 i386 x86_64 x86_64h armv6m armv7k armv7m armv7em
Library search paths:
	/usr/local/Cellar/gcc/8.3.0/lib/gcc/8/gcc/x86_64-apple-darwin18.2.0/8.3.0
	/usr/local/Cellar/gcc/8.3.0/lib/gcc/8
	/Library/Developer/CommandLineTools/SDKs/MacOSX.sdk/usr/lib
Framework search paths:
	/Library/Developer/CommandLineTools/SDKs/MacOSX.sdk/System/Library/Frameworks/
 /opt/local/bin/nm -n /var/folders/b2/rknggkn128x7bcgpws2rgzdm0000gn/T//ccKHZkoP.o
dsymutil conftest
configure:20983: result:  -L/usr/local/Cellar/gcc/8.3.0/lib/gcc/8/gcc/x86_64-apple-darwin18.2.0/8.3.0 -L/usr/local/Cellar/gcc/8.3.0/lib/gcc/8/gcc/x86_64-apple-darwin18.2.0/8.3.0/../../.. -lgfortran -lquadmath -lm
configure:20999: checking for dummy main to link with Fortran 77 libraries
configure:21033: gcc -o conftest -O3 -fomit-frame-pointer -mtune=native -fstrict-aliasing   conftest.c -lm   -L/usr/local/Cellar/gcc/8.3.0/lib/gcc/8/gcc/x86_64-apple-darwin18.2.0/8.3.0 -L/usr/local/Cellar/gcc/8.3.0/lib/gcc/8/gcc/x86_64-apple-darwin18.2.0/8.3.0/../../.. -lgfortran -lquadmath -lm >&5
configure:21033: $? = 0
configure:21078: result: none
configure:21118: checking for Fortran 77 name-mangling scheme
configure:21131: gfortran -c -g -O2 conftest.f >&5
configure:21131: $? = 0
configure:21172: gcc -o conftest -O3 -fomit-frame-pointer -mtune=native -fstrict-aliasing   conftest.c cfortran_test.o -lm   -L/usr/local/Cellar/gcc/8.3.0/lib/gcc/8/gcc/x86_64-apple-darwin18.2.0/8.3.0 -L/usr/local/Cellar/gcc/8.3.0/lib/gcc/8/gcc/x86_64-apple-darwin18.2.0/8.3.0/../../.. -lgfortran -lquadmath -lm >&5
Undefined symbols for architecture x86_64:
  "_foobar", referenced from:
      _main in conftest-2a29bc.o
     (maybe you meant: _foobar_)
ld: symbol(s) not found for architecture x86_64
clang: error: linker command failed with exit code 1 (use -v to see invocation)
configure:21172: $? = 1
configure: failed program was:
| /* confdefs.h */
| #define PACKAGE_NAME "fftw"
| #define PACKAGE_TARNAME "fftw"
| #define PACKAGE_VERSION "3.3.10"
| #define PACKAGE_STRING "fftw 3.3.10"
| #define PACKAGE_BUGREPORT "fftw@fftw.org"
| #define PACKAGE_URL ""
| #define PACKAGE "fftw"
| #define VERSION "3.3.10"
| #define FFTW_ENABLE_ALLOCA 1
| #define STDC_HEADERS 1
| #define HAVE_SYS_TYPES_H 1
| #define HAVE_SYS_STAT_H 1
| #define HAVE_STDLIB_H 1
| #define HAVE_STRING_H 1
| #define HAVE_MEMORY_H 1
| #define HAVE_STRINGS_H 1
| #define HAVE_INTTYPES_H 1
| #define HAVE_STDINT_H 1
| #define HAVE_UNISTD_H 1
| #define HAVE_DLFCN_H 1
| #define LT_OBJDIR ".libs/"
| #define STDC_HEADERS 1
| #define HAVE_FCNTL_H 1
| #define HAVE_FENV_H 1
| #define HAVE_LIMITS_H 1
| #define HAVE_STDDEF_H 1
| #define HAVE_SYS_TIME_H 1
| #define TIME_WITH_SYS_TIME 1
| #define HAVE_LONG_DOUBLE 1
| #define SIZEOF_INT 4
| #define SIZEOF_UNSIGNED_INT 4
| #define SIZEOF_LONG 8
| #define SIZEOF_UNSIGNED_LONG 8
| #define SIZEOF_LONG_LONG 8
| #define SIZEOF_UNSIGNED_LONG_LONG 8
| #define SIZEOF_SIZE_T 8
| #define SIZEOF_PTRDIFF_T 8
| #define HAVE_PTRDIFF_T 1
| #define HAVE_UINTPTR_T 1
| #define SIZEOF_FLOAT 4
| #define SIZEOF_DOUBLE 8
| #define SIZEOF_FFTW_R2R_KIND 4
| #define HAVE_ALLOCA_H 1
| #define HAVE_ALLOCA 1
| #define HAVE_VPRINTF 1
| #define HAVE_LIBM 1
| #define HAVE_GETTIMEOFDAY 1
| #define HAVE_DRAND48 1
| #define HAVE_SQRT 1
| #define HAVE_MEMSET 1
| #define HAVE_POSIX_MEMALIGN 1
| #define HAVE_CLOCK_GETTIME 1
| #define HAVE_MACH_ABSOLUTE_TIME 1
| #define HAVE_SYSCTL 1
| #define HAVE_ABORT 1
| #define HAVE_SINL 1
| #define HAVE_COSL 1
| #define HAVE_SNPRINTF 1
| #define HAVE_MEMMOVE 1
| #define HAVE_STRCHR 1
| #define HAVE_GETPAGESIZE 1
| #define HAVE_DECL_SINL 1
| #define HAVE_DECL_COSL 1
| #define HAVE_DECL_SINQ 0
| #define HAVE_DECL_COSQ 0
| #define HAVE_DECL_MEMALIGN 0
| #define HAVE_DECL_DRAND48 1
| #define HAVE_DECL_SRAND48 1
| #define HAVE_DECL_POSIX_MEMALIGN 1
| #define HAVE_ISNAN 1
| /* end confdefs.h.  */
| 
| /* Override any GCC internal prototype to avoid an error.
|    Use char because int might match the return type of a GCC
|    builtin and then its argument prototype would still apply.  */
| #ifdef __cplusplus
| extern "C"
| #endif
| char foobar ();
| #ifdef F77_DUMMY_MAIN
| 
| #  ifdef __cplusplus
|      extern "C"
| #  endif
|    int F77_DUMMY_MAIN() { return 1; }
| 
| #endif
| int
| main ()
| {
| return foobar ();
|   ;
|   return 0;
| }
configure:21172: gcc -o conftest -O3 -fomit-frame-pointer -mtune=native -fstrict-aliasing   conftest.c cfortran_test.o -lm   -L/usr/local/Cellar/gcc/8.3.0/lib/gcc/8/gcc/x86_64-apple-darwin18.2.0/8.3.0 -L/usr/local/Cellar/gcc/8.3.0/lib/gcc/8/gcc/x86_64-apple-darwin18.2.0/8.3.0/../../.. -lgfortran -lquadmath -lm >&5
configure:21172: $? = 0
configure:21230: gcc -o conftest -O3 -fomit-frame-pointer -mtune=native -fstrict-aliasing   conftest.c cfortran_test.o -lm   -L/usr/local/Cellar/gcc/8.3.0/lib/gcc/8/gcc/x86_64-apple-darwin18.2.0/8.3.0 -L/usr/local/Cellar/gcc/8.3.0/lib/gcc/8/gcc/x86_64-apple-darwin18.2.0/8.3.0/../../.. -lgfortran -lquadmath -lm >&5
configure:21230: $? = 0
configure:21272: result: lower case, underscore, no extra underscore
configure:21523: checking for Win32 threads
configure:21544: gcc -o conftest -O3 -fomit-frame-pointer -mtune=native -fstrict-aliasing   conftest.c -lm  >&5
conftest.c:78:10: fatal error: 'windows.h' file not found
#include <windows.h>
         ^~~~~~~~~~~
1 error generated.
configure:21544: $? = 1
configure: failed program was:
| /* confdefs.h */
| #define PACKAGE_NAME "fftw"
| #define PACKAGE_TARNAME "fftw"
| #define PACKAGE_VERSION "3.3.10"
| #define PACKAGE_STRING "fftw 3.3.10"
| #define PACKAGE_BUGREPORT "fftw@fftw.org"
| #define PACKAGE_URL ""
| #define PACKAGE "fftw"
| #define VERSION "3.3.10"
| #define FFTW_ENABLE_ALLOCA 1
| #define STDC_HEADERS 1
| #define HAVE_SYS_TYPES_H 1
| #define HAVE_SYS_STAT_H 1
| #define HAVE_STDLIB_H 1
| #define HAVE_STRING_H 1
| #define HAVE_MEMORY_H 1
| #define HAVE_STRINGS_H 1
| #define HAVE_INTTYPES_H 1
| #define HAVE_STDINT_H 1
| #define HAVE_UNISTD_H 1
| #define HAVE_DLFCN_H 1
| #define LT_OBJDIR ".libs/"
| #define STDC_HEADERS 1
| #define HAVE_FCNTL_H 1
| #define HAVE_FENV_H 1
| #define HAVE_LIMITS_H 1
| #define HAVE_STDDEF_H 1
| #define HAVE_SYS_TIME_H 1
| #define TIME_WITH_SYS_TIME 1
| #define HAVE_LONG_DOUBLE 1
| #define SIZEOF_INT 4
| #define SIZEOF_UNSIGNED_INT 4
| #define SIZEOF_LONG 8
| #define SIZEOF_UNSIGNED_LONG 8
| #define SIZEOF_LONG_LONG 8
| #define SIZEOF_UNSIGNED_LONG_LONG 8
| #define SIZEOF_SIZE_T 8
| #define SIZEOF_PTRDIFF_T 8
| #define HAVE_PTRDIFF_T 1
| #define HAVE_UINTPTR_T 1
| #define SIZEOF_FLOAT 4
| #define SIZEOF_DOUBLE 8
| #define SIZEOF_FFTW_R2R_KIND 4
| #define HAVE_ALLOCA_H 1
| #define HAVE_ALLOCA 1
| #define HAVE_VPRINTF 1
| #define HAVE_LIBM 1
| #define HAVE_GETTIMEOFDAY 1
| #define HAVE_DRAND48 1
| #define HAVE_SQRT 1
| #define HAVE_MEMSET 1
| #define HAVE_POSIX_MEMALIGN 1
| #define HAVE_CLOCK_GETTIME 1
| #define HAVE_MACH_ABSOLUTE_TIME 1
| #define HAVE_SYSCTL 1
| #define HAVE_ABORT 1
| #define HAVE_SINL 1
| #define HAVE_COSL 1
| #define HAVE_SNPRINTF 1
| #define HAVE_MEMMOVE 1
| #define HAVE_STRCHR 1
| #define HAVE_GETPAGESIZE 1
| #define HAVE_DECL_SINL 1
| #define HAVE_DECL_COSL 1
| #define HAVE_DECL_SINQ 0
| #define HAVE_DECL_COSQ 0
| #define HAVE_DECL_MEMALIGN 0
| #define HAVE_DECL_DRAND48 1
| #define HAVE_DECL_SRAND48 1
| #define HAVE_DECL_POSIX_MEMALIGN 1
| #define HAVE_ISNAN 1
| #define F77_FUNC(name,NAME) name ## _
| #define F77_FUNC_(name,NAME) name ## _
| #define F77_FUNC_EQUIV 1
| #define WITH_G77_WRAPPERS 1
| #define HAVE_THREADS 1
| /* end confdefs.h.  */
| #include <windows.h>
| #ifdef F77_DUMMY_MAIN
| 
| #  ifdef __cplusplus
|      extern "C"
| #  endif
|    int F77_DUMMY_MAIN() { return 1; }
| 
| #endif
| int
| main ()
| {
| _beginthreadex(0,0,0,0,0,0);
|   ;
|   return 0;
| }
configure:21548: result: no
configure:21731: checking for the pthreads library -lpthreads
configure:21775: gcc -o conftest -O3 -fomit-frame-pointer -mtune=native -fstrict-aliasing    conftest.c -lpthreads -lm  >&5
conftest.c:91:59: warning: null passed to a callee that requires a non-null argument [-Wnonnull]
                     pthread_attr_init((pthread_attr_t*) 0);
                                       ~~~~~~~~~~~~~~~~~~~^
conftest.c:94:68: warning: null passed to a callee that requires a non-null argument [-Wnonnull]
                                    (void*(*)(void *)) 0, (void*) 0);
                                                                   ^
conftest.c:94:68: warning: null passed to a callee that requires a non-null argument [-Wnonnull]
                                    (void*(*)(void *)) 0, (void*) 0);
                                    ~~~~~~~~~~~~~~~~~~~~           ^
3 warnings generated.
ld: library not found for -lpthreads
clang: error: linker command failed with exit code 1 (use -v to see invocation)
configure:21775: $? = 1
configure: failed program was:
| /* confdefs.h */
| #define PACKAGE_NAME "fftw"
| #define PACKAGE_TARNAME "fftw"
| #define PACKAGE_VERSION "3.3.10"
| #define PACKAGE_STRING "fftw 3.3.10"
| #define PACKAGE_BUGREPORT "fftw@fftw.org"
| #define PACKAGE_URL ""
| #define PACKAGE "fftw"
| #define VERSION "3.3.10"
| #define FFTW_ENABLE_ALLOCA 1
| #define STDC_HEADERS 1
| #define HAVE_SYS_TYPES_H 1
| #define HAVE_SYS_STAT_H 1
| #define HAVE_STDLIB_H 1
| #define HAVE_STRING_H 1
| #define HAVE_MEMORY_H 1
| #define HAVE_STRINGS_H 1
| #define HAVE_INTTYPES_H 1
| #define HAVE_STDINT_H 1
| #define HAVE_UNISTD_H 1
| #define HAVE_DLFCN_H 1
| #define LT_OBJDIR ".libs/"
| #define STDC_HEADERS 1
| #define HAVE_FCNTL_H 1
| #define HAVE_FENV_H 1
| #define HAVE_LIMITS_H 1
| #define HAVE_STDDEF_H 1
| #define HAVE_SYS_TIME_H 1
| #define TIME_WITH_SYS_TIME 1
| #define HAVE_LONG_DOUBLE 1
| #define SIZEOF_INT 4
| #define SIZEOF_UNSIGNED_INT 4
| #define SIZEOF_LONG 8
| #define SIZEOF_UNSIGNED_LONG 8
| #define SIZEOF_LONG_LONG 8
| #define SIZEOF_UNSIGNED_LONG_LONG 8
| #define SIZEOF_SIZE_T 8
| #define SIZEOF_PTRDIFF_T 8
| #define HAVE_PTRDIFF_T 1
| #define HAVE_UINTPTR_T 1
| #define SIZEOF_FLOAT 4
| #define SIZEOF_DOUBLE 8
| #define SIZEOF_FFTW_R2R_KIND 4
| #define HAVE_ALLOCA_H 1
| #define HAVE_ALLOCA 1
| #define HAVE_VPRINTF 1
| #define HAVE_LIBM 1
| #define HAVE_GETTIMEOFDAY 1
| #define HAVE_DRAND48 1
| #define HAVE_SQRT 1
| #define HAVE_MEMSET 1
| #define HAVE_POSIX_MEMALIGN 1
| #define HAVE_CLOCK_GETTIME 1
| #define HAVE_MACH_ABSOLUTE_TIME 1
| #define HAVE_SYSCTL 1
| #define HAVE_ABORT 1
| #define HAVE_SINL 1
| #define HAVE_COSL 1
| #define HAVE_SNPRINTF 1
| #define HAVE_MEMMOVE 1
| #define HAVE_STRCHR 1
| #define HAVE_GETPAGESIZE 1
| #define HAVE_DECL_SINL 1
| #define HAVE_DECL_COSL 1
| #define HAVE_DECL_SINQ 0
| #define HAVE_DECL_COSQ 0
| #define HAVE_DECL_MEMALIGN 0
| #define HAVE_DECL_DRAND48 1
| #define HAVE_DECL_SRAND48 1
| #define HAVE_DECL_POSIX_MEMALIGN 1
| #define HAVE_ISNAN 1
| #define F77_FUNC(name,NAME) name ## _
| #define F77_FUNC_(name,NAME) name ## _
| #define F77_FUNC_EQUIV 1
| #define WITH_G77_WRAPPERS 1
| #define HAVE_THREADS 1
| /* end confdefs.h.  */
| #include <pthread.h>
| #ifdef F77_DUMMY_MAIN
| 
| #  ifdef __cplusplus
|      extern "C"
| #  endif
|    int F77_DUMMY_MAIN() { return 1; }
| 
| #endif
| int
| main ()
| {
| pthread_t th; pthread_join(th, (void**) 0);
|                      pthread_attr_init((pthread_attr_t*) 0);
|                      pthread_cleanup_push((void(*)(void *)) 0, (void*) 0);
|                      pthread_create((pthread_t*) 0, (pthread_attr_t*) 0,
|                                     (void*(*)(void *)) 0, (void*) 0);
|                      pthread_cleanup_pop(0);
|   ;
|   return 0;
| }
configure:21784: result: no
configure:21676: checking whether pthreads work without any flags
configure:21775: gcc -o conftest -O3 -fomit-frame-pointer -mtune=native -fstrict-aliasing    conftest.c  -lm  >&5
conftest.c:91:59: warning: null passed to a callee that requires a non-null argument [-Wnonnull]
                     pthread_attr_init((pthread_attr_t*) 0);
                                       ~~~~~~~~~~~~~~~~~~~^
conftest.c:94:68: warning: null passed to a callee that requires a non-null argument [-Wnonnull]
                                    (void*(*)(void *)) 0, (void*) 0);
                                                                   ^
conftest.c:94:68: warning: null passed to a callee that requires a non-null argument [-Wnonnull]
                                    (void*(*)(void *)) 0, (void*) 0);
                                    ~~~~~~~~~~~~~~~~~~~~           ^
3 warnings generated.
configure:21775: $? = 0
configure:21784: result: yes
configure:21803: checking for joinable pthread attribute
configure:21826: gcc -o conftest -O3 -fomit-frame-pointer -mtune=native -fstrict-aliasing    conftest.c  -lm  >&5
configure:21826: $? = 0
configure:21832: result: PTHREAD_CREATE_JOINABLE
configure:21842: checking if more special flags are required for pthreads
configure:21849: result: -D_THREAD_SAFE
configure:21977: checking whether a cycle counter is available
configure:21988: gcc -E  -I./kernel conftest.c
configure:21988: $? = 0
configure:21995: result: yes
configure:22122: checking that generated files are newer than configure
configure:22128: result: done
configure:22235: creating ./config.status

## ---------------------- ##
## Running config.status. ##
## ---------------------- ##

This file was extended by fftw config.status 3.3.10, which was
generated by GNU Autoconf 2.69.  Invocation command line was

  CONFIG_FILES    = 
  CONFIG_HEADERS  = 
  CONFIG_LINKS    = 
  CONFIG_COMMANDS = 
  $ ./config.status 

on ip-192-168-43-11.us-west-2.compute.internal

config.status:1318: creating Makefile
config.status:1318: creating support/Makefile
config.status:1318: creating genfft/Makefile
config.status:1318: creating kernel/Makefile
config.status:1318: creating simd-support/Makefile
config.status:1318: creating dft/Makefile
config.status:1318: creating dft/scalar/Makefile
config.status:1318: creating dft/scalar/codelets/Makefile
config.status:1318: creating dft/simd/Makefile
config.status:1318: creating dft/simd/common/Makefile
config.status:1318: creating dft/simd/sse2/Makefile
config.status:1318: creating dft/simd/avx/Makefile
config.status:1318: creating dft/simd/avx-128-fma/Makefile
config.status:1318: creating dft/simd/avx2/Makefile
config.status:1318: creating dft/simd/avx2-128/Makefile
config.status:1318: creating dft/simd/avx512/Makefile
config.status:1318: creating dft/simd/kcvi/Makefile
config.status:1318: creating dft/simd/altivec/Makefile
config.status:1318: creating dft/simd/vsx/Makefile
config.status:1318: creating dft/simd/neon/Makefile
config.status:1318: creating dft/simd/generic-simd128/Makefile
config.status:1318: creating dft/simd/generic-simd256/Makefile
config.status:1318: creating rdft/Makefile
config.status:1318: creating rdft/scalar/Makefile
config.status:1318: creating rdft/scalar/r2cf/Makefile
config.status:1318: creating rdft/scalar/r2cb/Makefile
config.status:1318: creating rdft/scalar/r2r/Makefile
config.status:1318: creating rdft/simd/Makefile
config.status:1318: creating rdft/simd/common/Makefile
config.status:1318: creating rdft/simd/sse2/Makefile
config.status:1318: creating rdft/simd/avx/Makefile
config.status:1318: creating rdft/simd/avx-128-fma/Makefile
config.status:1318: creating rdft/simd/avx2/Makefile
config.status:1318: creating rdft/simd/avx2-128/Makefile
config.status:1318: creating rdft/simd/avx512/Makefile
config.status:1318: creating rdft/simd/kcvi/Makefile
config.status:1318: creating rdft/simd/altivec/Makefile
config.status:1318: creating rdft/simd/vsx/Makefile
config.status:1318: creating rdft/simd/neon/Makefile
config.status:1318: creating rdft/simd/generic-simd128/Makefile
config.status:1318: creating rdft/simd/generic-simd256/Makefile
config.status:1318: creating reodft/Makefile
config.status:1318: creating threads/Makefile
config.status:1318: creating api/Makefile
config.status:1318: creating mpi/Makefile
config.status:1318: creating libbench2/Makefile
config.status:1318: creating tests/Makefile
config.status:1318: creating doc/Makefile
config.status:1318: creating doc/FAQ/Makefile
config.status:1318: creating tools/Makefile
config.status:1318: creating tools/fftw_wisdom.1
config.status:1318: creating tools/fftw-wisdom-to-conf
config.status:1318: creating m4/Makefile
config.status:1318: creating fftw.pc
config.status:1318: creating config.h
config.status:1547: executing depfiles commands
config.status:1624: cd kernel       && sed -e '/# am--include-marker/d' Makefile         | make -f - am--depfiles
make: Nothing to be done for `am--depfiles'.
config.status:1629: $? = 0
config.status:1624: cd simd-support       && sed -e '/# am--include-marker/d' Makefile         | make -f - am--depfiles
make: Nothing to be done for `am--depfiles'.
config.status:1629: $? = 0
config.status:1624: cd dft       && sed -e '/# am--include-marker/d' Makefile         | make -f - am--depfiles
make: Nothing to be done for `am--depfiles'.
config.status:1629: $? = 0
config.status:1624: cd dft/scalar       && sed -e '/# am--include-marker/d' Makefile         | make -f - am--depfiles
make: Nothing to be done for `am--depfiles'.
config.status:1629: $? = 0
config.status:1624: cd dft/scalar/codelets       && sed -e '/# am--include-marker/d' Makefile         | make -f - am--depfiles
make: Nothing to be done for `am--depfiles'.
config.status:1629: $? = 0
config.status:1624: cd dft/simd/sse2       && sed -e '/# am--include-marker/d' Makefile         | make -f - am--depfiles
make: Nothing to be done for `am--depfiles'.
config.status:1629: $? = 0
config.status:1624: cd dft/simd/avx       && sed -e '/# am--include-marker/d' Makefile         | make -f - am--depfiles
make: Nothing to be done for `am--depfiles'.
config.status:1629: $? = 0
config.status:1624: cd dft/simd/avx-128-fma       && sed -e '/# am--include-marker/d' Makefile         | make -f - am--depfiles
make: Nothing to be done for `am--depfiles'.
config.status:1629: $? = 0
config.status:1624: cd dft/simd/avx2       && sed -e '/# am--include-marker/d' Makefile         | make -f - am--depfiles
make: Nothing to be done for `am--depfiles'.
config.status:1629: $? = 0
config.status:1624: cd dft/simd/avx2-128       && sed -e '/# am--include-marker/d' Makefile         | make -f - am--depfiles
make: Nothing to be done for `am--depfiles'.
config.status:1629: $? = 0
config.status:1624: cd dft/simd/avx512       && sed -e '/# am--include-marker/d' Makefile         | make -f - am--depfiles
make: Nothing to be done for `am--depfiles'.
config.status:1629: $? = 0
config.status:1624: cd dft/simd/kcvi       && sed -e '/# am--include-marker/d' Makefile         | make -f - am--depfiles
make: Nothing to be done for `am--depfiles'.
config.status:1629: $? = 0
config.status:1624: cd dft/simd/altivec       && sed -e '/# am--include-marker/d' Makefile         | make -f - am--depfiles
make: Nothing to be done for `am--depfiles'.
config.status:1629: $? = 0
config.status:1624: cd dft/simd/vsx       && sed -e '/# am--include-marker/d' Makefile         | make -f - am--depfiles
make: Nothing to be done for `am--depfiles'.
config.status:1629: $? = 0
config.status:1624: cd dft/simd/neon       && sed -e '/# am--include-marker/d' Makefile         | make -f - am--depfiles
make: Nothing to be done for `am--depfiles'.
config.status:1629: $? = 0
config.status:1624: cd dft/simd/generic-simd128       && sed -e '/# am--include-marker/d' Makefile         | make -f - am--depfiles
make: Nothing to be done for `am--depfiles'.
config.status:1629: $? = 0
config.status:1624: cd dft/simd/generic-simd256       && sed -e '/# am--include-marker/d' Makefile         | make -f - am--depfiles
make: Nothing to be done for `am--depfiles'.
config.status:1629: $? = 0
config.status:1624: cd rdft       && sed -e '/# am--include-marker/d' Makefile         | make -f - am--depfiles
make: Nothing to be done for `am--depfiles'.
config.status:1629: $? = 0
config.status:1624: cd rdft/scalar       && sed -e '/# am--include-marker/d' Makefile         | make -f - am--depfiles
make: Nothing to be done for `am--depfiles'.
config.status:1629: $? = 0
config.status:1624: cd rdft/scalar/r2cf       && sed -e '/# am--include-marker/d' Makefile         | make -f - am--depfiles
make: Nothing to be done for `am--depfiles'.
config.status:1629: $? = 0
config.status:1624: cd rdft/scalar/r2cb       && sed -e '/# am--include-marker/d' Makefile         | make -f - am--depfiles
make: Nothing to be done for `am--depfiles'.
config.status:1629: $? = 0
config.status:1624: cd rdft/scalar/r2r       && sed -e '/# am--include-marker/d' Makefile         | make -f - am--depfiles
make: Nothing to be done for `am--depfiles'.
config.status:1629: $? = 0
config.status:1624: cd rdft/simd/sse2       && sed -e '/# am--include-marker/d' Makefile         | make -f - am--depfiles
make: Nothing to be done for `am--depfiles'.
config.status:1629: $? = 0
config.status:1624: cd rdft/simd/avx       && sed -e '/# am--include-marker/d' Makefile         | make -f - am--depfiles
make: Nothing to be done for `am--depfiles'.
config.status:1629: $? = 0
config.status:1624: cd rdft/simd/avx-128-fma       && sed -e '/# am--include-marker/d' Makefile         | make -f - am--depfiles
make: Nothing to be done for `am--depfiles'.
config.status:1629: $? = 0
config.status:1624: cd rdft/simd/avx2       && sed -e '/# am--include-marker/d' Makefile         | make -f - am--depfiles
make: Nothing to be done for `am--depfiles'.
config.status:1629: $? = 0
config.status:1624: cd rdft/simd/avx2-128       && sed -e '/# am--include-marker/d' Makefile         | make -f - am--depfiles
make: Nothing to be done for `am--depfiles'.
config.status:1629: $? = 0
config.status:1624: cd rdft/simd/avx512       && sed -e '/# am--include-marker/d' Makefile         | make -f - am--depfiles
make: Nothing to be done for `am--depfiles'.
config.status:1629: $? = 0
config.status:1624: cd rdft/simd/kcvi       && sed -e '/# am--include-marker/d' Makefile         | make -f - am--depfiles
make: Nothing to be done for `am--depfiles'.
config.status:1629: $? = 0
config.status:1624: cd rdft/simd/altivec       && sed -e '/# am--include-marker/d' Makefile         | make -f - am--depfiles
make: Nothing to be done for `am--depfiles'.
config.status:1629: $? = 0
config.status:1624: cd rdft/simd/vsx       && sed -e '/# am--include-marker/d' Makefile         | make -f - am--depfiles
make: Nothing to be done for `am--depfiles'.
config.status:1629: $? = 0
config.status:1624: cd rdft/simd/neon       && sed -e '/# am--include-marker/d' Makefile         | make -f - am--depfiles
make: Nothing to be done for `am--depfiles'.
config.status:1629: $? = 0
config.status:1624: cd rdft/simd/generic-simd128       && sed -e '/# am--include-marker/d' Makefile         | make -f - am--depfiles
make: Nothing to be done for `am--depfiles'.
config.status:1629: $? = 0
config.status:1624: cd rdft/simd/generic-simd256       && sed -e '/# am--include-marker/d' Makefile         | make -f - am--depfiles
make: Nothing to be done for `am--depfiles'.
config.status:1629: $? = 0
config.status:1624: cd reodft       && sed -e '/# am--include-marker/d' Makefile         | make -f - am--depfiles
make: Nothing to be done for `am--depfiles'.
config.status:1629: $? = 0
config.status:1624: cd threads       && sed -e '/# am--include-marker/d' Makefile         | make -f - am--depfiles
make: Nothing to be done for `am--depfiles'.
config.status:1629: $? = 0
config.status:1624: cd api       && sed -e '/# am--include-marker/d' Makefile         | make -f - am--depfiles
make: Nothing to be done for `am--depfiles'.
config.status:1629: $? = 0
config.status:1624: cd mpi       && sed -e '/# am--include-marker/d' Makefile         | make -f - am--depfiles
make: Nothing to be done for `am--depfiles'.
config.status:1629: $? = 0
config.status:1624: cd libbench2       && sed -e '/# am--include-marker/d' Makefile         | make -f - am--depfiles
make: Nothing to be done for `am--depfiles'.
config.status:1629: $? = 0
config.status:1624: cd tests       && sed -e '/# am--include-marker/d' Makefile         | make -f - am--depfiles
make: Nothing to be done for `am--depfiles'.
config.status:1629: $? = 0
config.status:1624: cd tools       && sed -e '/# am--include-marker/d' Makefile         | make -f - am--depfiles
make: Nothing to be done for `am--depfiles'.
config.status:1629: $? = 0
config.status:1547: executing libtool commands

## ---------------- ##
## Cache variables. ##
## ---------------- ##

ac_cv_build=x86_64-apple-darwin19.6.0
ac_cv_c_compiler_gnu=yes
ac_cv_c_const=yes
ac_cv_c_inline=inline
ac_cv_c_uint32_t=yes
ac_cv_c_uint64_t=yes
ac_cv_env_CC_set=
ac_cv_env_CC_value=
ac_cv_env_CFLAGS_set=
ac_cv_env_CFLAGS_value=
ac_cv_env_CPPFLAGS_set=
ac_cv_env_CPPFLAGS_value=
ac_cv_env_CPP_set=
ac_cv_env_CPP_value=
ac_cv_env_F77_set=
ac_cv_env_F77_value=
ac_cv_env_FFLAGS_set=
ac_cv_env_FFLAGS_value=
ac_cv_env_LDFLAGS_set=
ac_cv_env_LDFLAGS_value=
ac_cv_env_LIBS_set=
ac_cv_env_LIBS_value=
ac_cv_env_LT_SYS_LIBRARY_PATH_set=
ac_cv_env_LT_SYS_LIBRARY_PATH_value=
ac_cv_env_MPICC_set=
ac_cv_env_MPICC_value=
ac_cv_env_build_alias_set=
ac_cv_env_build_alias_value=
ac_cv_env_host_alias_set=
ac_cv_env_host_alias_value=
ac_cv_env_target_alias_set=
ac_cv_env_target_alias_value=
ac_cv_f77_compiler_gnu=yes
ac_cv_f77_dummy_main=none
ac_cv_f77_libs=' -L/usr/local/Cellar/gcc/8.3.0/lib/gcc/8/gcc/x86_64-apple-darwin18.2.0/8.3.0 -L/usr/local/Cellar/gcc/8.3.0/lib/gcc/8/gcc/x86_64-apple-darwin18.2.0/8.3.0/../../.. -lgfortran -lquadmath -lm'
ac_cv_f77_mangling='lower case, underscore, no extra underscore'
ac_cv_fortran_dummy_main=none
ac_cv_func_BSDgettimeofday=no
ac_cv_func__doprnt=no
ac_cv_func__mm_free=no
ac_cv_func__mm_malloc=no
ac_cv_func_abort=yes
ac_cv_func_alloca_works=yes
ac_cv_func_clock_gettime=yes
ac_cv_func_cosl=yes
ac_cv_func_drand48=yes
ac_cv_func_gethrtime=no
ac_cv_func_getpagesize=yes
ac_cv_func_gettimeofday=yes
ac_cv_func_mach_absolute_time=yes
ac_cv_func_memalign=no
ac_cv_func_memmove=yes
ac_cv_func_memset=yes
ac_cv_func_posix_memalign=yes
ac_cv_func_read_real_time=no
ac_cv_func_sinl=yes
ac_cv_func_snprintf=yes
ac_cv_func_sqrt=yes
ac_cv_func_strchr=yes
ac_cv_func_strtod=yes
ac_cv_func_sysctl=yes
ac_cv_func_time_base_to_time=no
ac_cv_func_vprintf=yes
ac_cv_have_decl_cosl=yes
ac_cv_have_decl_cosq=no
ac_cv_have_decl_drand48=yes
ac_cv_have_decl_memalign=no
ac_cv_have_decl_posix_memalign=yes
ac_cv_have_decl_sinl=yes
ac_cv_have_decl_sinq=no
ac_cv_have_decl_srand48=yes
ac_cv_header_altivec_h=no
ac_cv_header_dlfcn_h=yes
ac_cv_header_fcntl_h=yes
ac_cv_header_fenv_h=yes
ac_cv_header_inttypes_h=yes
ac_cv_header_limits_h=yes
ac_cv_header_malloc_h=no
ac_cv_header_memory_h=yes
ac_cv_header_stdc=yes
ac_cv_header_stddef_h=yes
ac_cv_header_stdint_h=yes
ac_cv_header_stdlib_h=yes
ac_cv_header_string_h=yes
ac_cv_header_strings_h=yes
ac_cv_header_sys_stat_h=yes
ac_cv_header_sys_time_h=yes
ac_cv_header_sys_types_h=yes
ac_cv_header_time=yes
ac_cv_header_unistd_h=yes
ac_cv_host=x86_64-apple-darwin19.6.0
ac_cv_lib_m_sin=yes
ac_cv_objext=o
ac_cv_path_EGREP='/usr/bin/grep -E'
ac_cv_path_FGREP='/usr/bin/grep -F'
ac_cv_path_GREP=/usr/bin/grep
ac_cv_path_SED=/usr/bin/sed
ac_cv_path_install='/opt/local/bin/ginstall -c'
ac_cv_path_lt_DD=/bin/dd
ac_cv_path_mkdir=/opt/local/bin/gmkdir
ac_cv_prog_AWK=gawk
ac_cv_prog_CPP='gcc -E'
ac_cv_prog_ac_ct_AR=ar
ac_cv_prog_ac_ct_CC=gcc
ac_cv_prog_ac_ct_DLLTOOL=dlltool
ac_cv_prog_ac_ct_DSYMUTIL=dsymutil
ac_cv_prog_ac_ct_F77=gfortran
ac_cv_prog_ac_ct_LIPO=lipo
ac_cv_prog_ac_ct_NMEDIT=nmedit
ac_cv_prog_ac_ct_OBJDUMP=objdump
ac_cv_prog_ac_ct_OTOOL=otool
ac_cv_prog_ac_ct_RANLIB=ranlib
ac_cv_prog_ac_ct_STRIP=strip
ac_cv_prog_cc_c89=
ac_cv_prog_cc_c99=
ac_cv_prog_cc_g=yes
ac_cv_prog_cc_stdc=
ac_cv_prog_f77_g=yes
ac_cv_prog_f77_v=-v
ac_cv_prog_make_make_set=yes
ac_cv_sizeof_double=8
ac_cv_sizeof_fftw_r2r_kind=4
ac_cv_sizeof_float=4
ac_cv_sizeof_int=4
ac_cv_sizeof_long=8
ac_cv_sizeof_long_long=8
ac_cv_sizeof_ptrdiff_t=8
ac_cv_sizeof_size_t=8
ac_cv_sizeof_unsigned_int=4
ac_cv_sizeof_unsigned_long=8
ac_cv_sizeof_unsigned_long_long=8
ac_cv_type_hrtime_t=no
ac_cv_type_long_double=yes
ac_cv_type_ptrdiff_t=yes
ac_cv_type_size_t=yes
ac_cv_type_uintptr_t=yes
ac_cv_working_alloca_h=yes
am_cv_CC_dependencies_compiler_type=gcc3
am_cv_make_support_nested_variables=yes
am_cv_prog_cc_c_o=yes
ax_cv_c_compiler_vendor=clang
ax_cv_c_flags__O3__fomit_frame_pointer__mtune_native__fstrict_aliasing=yes
ax_cv_c_flags__fstrict_aliasing=yes
ax_cv_c_flags__mpreferred_stack_boundary_4=no
ax_cv_c_flags__mtune_native=yes
lt_cv_apple_cc_single_mod=yes
lt_cv_ar_at_file=no
lt_cv_deplibs_check_method=pass_all
lt_cv_file_magic_cmd='$MAGIC_CMD'
lt_cv_file_magic_test_file=
lt_cv_ld_exported_symbols_list=yes
lt_cv_ld_force_load=yes
lt_cv_ld_reload_flag=-r
lt_cv_nm_interface='BSD nm'
lt_cv_objdir=.libs
lt_cv_path_LD=/Applications/Xcode.app/Contents/Developer/Toolchains/XcodeDefault.xctoolchain/usr/bin/ld
lt_cv_path_NM='/opt/local/bin/nm -B'
lt_cv_path_mainfest_tool=no
lt_cv_prog_compiler_c_o=yes
lt_cv_prog_compiler_c_o_F77=yes
lt_cv_prog_compiler_pic='-fno-common -DPIC'
lt_cv_prog_compiler_pic_F77=-fno-common
lt_cv_prog_compiler_pic_works=yes
lt_cv_prog_compiler_pic_works_F77=yes
lt_cv_prog_compiler_rtti_exceptions=yes
lt_cv_prog_compiler_static_works=no
lt_cv_prog_compiler_static_works_F77=no
lt_cv_prog_gnu_ld=no
lt_cv_sharedlib_from_linklib_cmd='printf %s\n'
lt_cv_sys_global_symbol_pipe='sed -n -e '\''s/^.*[	 ]\([BCDEGRST][BCDEGRST]*\)[	 ][	 ]*_\([_A-Za-z][_A-Za-z0-9]*\)$/\1 _\2 \2/p'\'' | sed '\''/ __gnu_lto/d'\'''
lt_cv_sys_global_symbol_to_c_name_address='sed -n -e '\''s/^: \(.*\) .*$/  {"\1", (void *) 0},/p'\'' -e '\''s/^[BCDEGRST][BCDEGRST]* .* \(.*\)$/  {"\1", (void *) \&\1},/p'\'''
lt_cv_sys_global_symbol_to_c_name_address_lib_prefix='sed -n -e '\''s/^: \(.*\) .*$/  {"\1", (void *) 0},/p'\'' -e '\''s/^[BCDEGRST][BCDEGRST]* .* \(lib.*\)$/  {"\1", (void *) \&\1},/p'\'' -e '\''s/^[BCDEGRST][BCDEGRST]* .* \(.*\)$/  {"lib\1", (void *) \&\1},/p'\'''
lt_cv_sys_global_symbol_to_cdecl='sed -n -e '\''s/^T .* \(.*\)$/extern int \1();/p'\'' -e '\''s/^[BCDEGRST][BCDEGRST]* .* \(.*\)$/extern char \1;/p'\'''
lt_cv_sys_global_symbol_to_import=
lt_cv_sys_max_cmd_len=196608
lt_cv_to_host_file_cmd=func_convert_file_noop
lt_cv_to_tool_file_cmd=func_convert_file_noop
lt_cv_truncate_bin='/bin/dd bs=4096 count=1'

## ----------------- ##
## Output variables. ##
## ----------------- ##

ACLOCAL='${SHELL} '\''/Volumes/D/wzq/2019/gmic-3.1.2/openfx-gmic-master/fftw-3.3.10/missing'\'' aclocal-1.16'
ALLOCA=''
ALTIVEC_CFLAGS=''
AMDEPBACKSLASH='\'
AMDEP_FALSE='#'
AMDEP_TRUE=''
AMTAR='$${TAR-tar}'
AM_BACKSLASH='\'
AM_DEFAULT_V='$(AM_DEFAULT_VERBOSITY)'
AM_DEFAULT_VERBOSITY='1'
AM_V='$(V)'
AR='ar'
AS='as'
AUTOCONF='${SHELL} '\''/Volumes/D/wzq/2019/gmic-3.1.2/openfx-gmic-master/fftw-3.3.10/missing'\'' autoconf'
AUTOHEADER='${SHELL} '\''/Volumes/D/wzq/2019/gmic-3.1.2/openfx-gmic-master/fftw-3.3.10/missing'\'' autoheader'
AUTOMAKE='${SHELL} '\''/Volumes/D/wzq/2019/gmic-3.1.2/openfx-gmic-master/fftw-3.3.10/missing'\'' automake-1.16'
AVX2_CFLAGS=''
AVX512_CFLAGS=''
AVX_128_FMA_CFLAGS=''
AVX_CFLAGS=''
AWK='gawk'
BUILD_DOC_FALSE='#'
BUILD_DOC_TRUE=''
CC='gcc'
CCDEPMODE='depmode=gcc3'
CFLAGS='-O3 -fomit-frame-pointer -mtune=native -fstrict-aliasing'
CHECK_PL_OPTS=''
COMBINED_THREADS_FALSE=''
COMBINED_THREADS_TRUE='#'
CPP='gcc -E'
CPPFLAGS=''
CYGPATH_W='echo'
C_FFTW_R2R_KIND='C_INT32_T'
C_MPI_FINT=''
DEFS='-DHAVE_CONFIG_H'
DEPDIR='.deps'
DLLTOOL='dlltool'
DSYMUTIL='dsymutil'
DUMPBIN=''
ECHO_C='\c'
ECHO_N=''
ECHO_T=''
EGREP='/usr/bin/grep -E'
EXEEXT=''
F77='gfortran'
FFLAGS='-g -O2'
FGREP='/usr/bin/grep -F'
FLIBS=' -L/usr/local/Cellar/gcc/8.3.0/lib/gcc/8/gcc/x86_64-apple-darwin18.2.0/8.3.0 -L/usr/local/Cellar/gcc/8.3.0/lib/gcc/8/gcc/x86_64-apple-darwin18.2.0/8.3.0/../../.. -lgfortran -lquadmath -lm'
GREP='/usr/bin/grep'
HAVE_ALTIVEC_FALSE=''
HAVE_ALTIVEC_TRUE='#'
HAVE_AVX2_FALSE=''
HAVE_AVX2_TRUE='#'
HAVE_AVX512_FALSE=''
HAVE_AVX512_TRUE='#'
HAVE_AVX_128_FMA_FALSE=''
HAVE_AVX_128_FMA_TRUE='#'
HAVE_AVX_FALSE=''
HAVE_AVX_TRUE='#'
HAVE_GENERIC_SIMD128_FALSE=''
HAVE_GENERIC_SIMD128_TRUE='#'
HAVE_GENERIC_SIMD256_FALSE=''
HAVE_GENERIC_SIMD256_TRUE='#'
HAVE_KCVI_FALSE=''
HAVE_KCVI_TRUE='#'
HAVE_NEON_FALSE=''
HAVE_NEON_TRUE='#'
HAVE_SSE2_FALSE=''
HAVE_SSE2_TRUE='#'
HAVE_VSX_FALSE=''
HAVE_VSX_TRUE='#'
INDENT=''
INSTALL_DATA='${INSTALL} -m 644'
INSTALL_PROGRAM='${INSTALL}'
INSTALL_SCRIPT='${INSTALL}'
INSTALL_STRIP_PROGRAM='$(install_sh) -c -s'
KCVI_CFLAGS=''
LD='/Applications/Xcode.app/Contents/Developer/Toolchains/XcodeDefault.xctoolchain/usr/bin/ld'
LDFLAGS=''
LDOUBLE_FALSE=''
LDOUBLE_TRUE='#'
LIBOBJS=''
LIBQUADMATH=''
LIBS='-lm '
LIBTOOL='$(SHELL) $(top_builddir)/libtool'
LIPO='lipo'
LN_S='ln -s'
LTLIBOBJS=''
LT_SYS_LIBRARY_PATH=''
MAINT='#'
MAINTAINER_MODE_FALSE=''
MAINTAINER_MODE_TRUE='#'
MAKEINFO='${SHELL} '\''/Volumes/D/wzq/2019/gmic-3.1.2/openfx-gmic-master/fftw-3.3.10/missing'\'' makeinfo'
MANIFEST_TOOL=':'
MKDIR_P='/opt/local/bin/gmkdir -p'
MPICC=''
MPILIBS=''
MPIRUN=''
MPI_FALSE=''
MPI_TRUE='#'
NEON_CFLAGS=''
NM='/opt/local/bin/nm -B'
NMEDIT='nmedit'
OBJDUMP='objdump'
OBJEXT='o'
OCAMLBUILD=''
OPENMP_CFLAGS=''
OPENMP_FALSE=''
OPENMP_TRUE='#'
OTOOL64=':'
OTOOL='otool'
PACKAGE='fftw'
PACKAGE_BUGREPORT='fftw@fftw.org'
PACKAGE_NAME='fftw'
PACKAGE_STRING='fftw 3.3.10'
PACKAGE_TARNAME='fftw'
PACKAGE_URL=''
PACKAGE_VERSION='3.3.10'
PATH_SEPARATOR=':'
POW_LIB=''
PRECISION='d'
PREC_SUFFIX=''
PTHREAD_CC='gcc'
PTHREAD_CFLAGS='-D_THREAD_SAFE '
PTHREAD_LIBS=''
QUAD_FALSE=''
QUAD_TRUE='#'
RANLIB='ranlib'
SED='/usr/bin/sed'
SET_MAKE=''
SHARED_VERSION_INFO='9:10:6'
SHELL='/bin/sh'
SINGLE_FALSE=''
SINGLE_TRUE='#'
SMP_FALSE='#'
SMP_TRUE=''
SSE2_CFLAGS=''
STACK_ALIGN_CFLAGS=''
STRIP='strip'
THREADLIBS=' '
THREADS_FALSE='#'
THREADS_TRUE=''
VERSION='3.3.10'
VSX_CFLAGS=''
ac_ct_AR='ar'
ac_ct_CC='gcc'
ac_ct_DUMPBIN=''
ac_ct_F77='gfortran'
acx_pthread_config=''
am__EXEEXT_FALSE=''
am__EXEEXT_TRUE='#'
am__fastdepCC_FALSE='#'
am__fastdepCC_TRUE=''
am__include='include'
am__isrc=''
am__leading_dot='.'
am__nodep='_no'
am__quote=''
am__tar='$${TAR-tar} chof - "$$tardir"'
am__untar='$${TAR-tar} xf -'
bindir='${exec_prefix}/bin'
build='x86_64-apple-darwin19.6.0'
build_alias=''
build_cpu='x86_64'
build_os='darwin19.6.0'
build_vendor='apple'
datadir='${datarootdir}'
datarootdir='${prefix}/share'
docdir='${datarootdir}/doc/${PACKAGE_TARNAME}'
dvidir='${docdir}'
exec_prefix='${prefix}'
host='x86_64-apple-darwin19.6.0'
host_alias=''
host_cpu='x86_64'
host_os='darwin19.6.0'
host_vendor='apple'
htmldir='${docdir}'
includedir='${prefix}/include'
infodir='${datarootdir}/info'
install_sh='${SHELL} /Volumes/D/wzq/2019/gmic-3.1.2/openfx-gmic-master/fftw-3.3.10/install-sh'
libdir='${exec_prefix}/lib'
libexecdir='${exec_prefix}/libexec'
localedir='${datarootdir}/locale'
localstatedir='${prefix}/var'
mandir='${datarootdir}/man'
mkdir_p='$(MKDIR_P)'
oldincludedir='/usr/include'
pdfdir='${docdir}'
prefix='/usr/local'
program_transform_name='s,x,x,'
psdir='${docdir}'
runstatedir='${localstatedir}/run'
sbindir='${exec_prefix}/sbin'
sharedstatedir='${prefix}/com'
sysconfdir='${prefix}/etc'
target_alias=''

## ----------- ##
## confdefs.h. ##
## ----------- ##

/* confdefs.h */
#define PACKAGE_NAME "fftw"
#define PACKAGE_TARNAME "fftw"
#define PACKAGE_VERSION "3.3.10"
#define PACKAGE_STRING "fftw 3.3.10"
#define PACKAGE_BUGREPORT "fftw@fftw.org"
#define PACKAGE_URL ""
#define PACKAGE "fftw"
#define VERSION "3.3.10"
#define FFTW_ENABLE_ALLOCA 1
#define STDC_HEADERS 1
#define HAVE_SYS_TYPES_H 1
#define HAVE_SYS_STAT_H 1
#define HAVE_STDLIB_H 1
#define HAVE_STRING_H 1
#define HAVE_MEMORY_H 1
#define HAVE_STRINGS_H 1
#define HAVE_INTTYPES_H 1
#define HAVE_STDINT_H 1
#define HAVE_UNISTD_H 1
#define HAVE_DLFCN_H 1
#define LT_OBJDIR ".libs/"
#define STDC_HEADERS 1
#define HAVE_FCNTL_H 1
#define HAVE_FENV_H 1
#define HAVE_LIMITS_H 1
#define HAVE_STDDEF_H 1
#define HAVE_SYS_TIME_H 1
#define TIME_WITH_SYS_TIME 1
#define HAVE_LONG_DOUBLE 1
#define SIZEOF_INT 4
#define SIZEOF_UNSIGNED_INT 4
#define SIZEOF_LONG 8
#define SIZEOF_UNSIGNED_LONG 8
#define SIZEOF_LONG_LONG 8
#define SIZEOF_UNSIGNED_LONG_LONG 8
#define SIZEOF_SIZE_T 8
#define SIZEOF_PTRDIFF_T 8
#define HAVE_PTRDIFF_T 1
#define HAVE_UINTPTR_T 1
#define SIZEOF_FLOAT 4
#define SIZEOF_DOUBLE 8
#define SIZEOF_FFTW_R2R_KIND 4
#define HAVE_ALLOCA_H 1
#define HAVE_ALLOCA 1
#define HAVE_VPRINTF 1
#define HAVE_LIBM 1
#define HAVE_GETTIMEOFDAY 1
#define HAVE_DRAND48 1
#define HAVE_SQRT 1
#define HAVE_MEMSET 1
#define HAVE_POSIX_MEMALIGN 1
#define HAVE_CLOCK_GETTIME 1
#define HAVE_MACH_ABSOLUTE_TIME 1
#define HAVE_SYSCTL 1
#define HAVE_ABORT 1
#define HAVE_SINL 1
#define HAVE_COSL 1
#define HAVE_SNPRINTF 1
#define HAVE_MEMMOVE 1
#define HAVE_STRCHR 1
#define HAVE_GETPAGESIZE 1
#define HAVE_DECL_SINL 1
#define HAVE_DECL_COSL 1
#define HAVE_DECL_SINQ 0
#define HAVE_DECL_COSQ 0
#define HAVE_DECL_MEMALIGN 0
#define HAVE_DECL_DRAND48 1
#define HAVE_DECL_SRAND48 1
#define HAVE_DECL_POSIX_MEMALIGN 1
#define HAVE_ISNAN 1
#define F77_FUNC(name,NAME) name ## _
#define F77_FUNC_(name,NAME) name ## _
#define F77_FUNC_EQUIV 1
#define WITH_G77_WRAPPERS 1
#define HAVE_THREADS 1
#define USING_POSIX_THREADS 1
#define HAVE_THREADS 1
#define FFTW_CC "gcc -O3 -fomit-frame-pointer -mtune=native -fstrict-aliasing"

configure: exit 0
