Determining if the getrandom exist failed with the following output:
Change Dir: /Volumes/D/wzq/2019/gmic-3.1.2/openfx-gmic-master/openfx/HostSupport/expat-2.4.3/xcode/CMakeFiles/CMakeTmp

Run Build Command(s):/usr/bin/xcodebuild -project CMAKE_TRY_COMPILE.xcodeproj build -target cmTC_7acde -parallelizeTargets -configuration Debug -hideShellScriptEnvironment && Command line invocation:
    /Applications/Xcode.app/Contents/Developer/usr/bin/xcodebuild -project CMAKE_TRY_COMPILE.xcodeproj build -target cmTC_7acde -parallelizeTargets -configuration Debug -hideShellScriptEnvironment

User defaults from command line:
    HideShellScriptEnvironment = YES

note: Using new build system
note: Building targets in parallel
note: Planning build
note: Constructing build description
CreateBuildDirectory /Volumes/D/wzq/2019/gmic-3.1.2/openfx-gmic-master/openfx/HostSupport/expat-2.4.3/xcode/CMakeFiles/CMakeTmp (in target 'cmTC_7acde' from project 'CMAKE_TRY_COMPILE')
    cd /Volumes/D/wzq/2019/gmic-3.1.2/openfx-gmic-master/openfx/HostSupport/expat-2.4.3/xcode/CMakeFiles/CMakeTmp
    builtin-create-build-directory /Volumes/D/wzq/2019/gmic-3.1.2/openfx-gmic-master/openfx/HostSupport/expat-2.4.3/xcode/CMakeFiles/CMakeTmp

WriteAuxiliaryFile /Volumes/D/wzq/2019/gmic-3.1.2/openfx-gmic-master/openfx/HostSupport/expat-2.4.3/xcode/CMakeFiles/CMakeTmp/CMAKE_TRY_COMPILE.build/Debug/cmTC_7acde.build/Objects-normal/x86_64/cmTC_7acde.LinkFileList (in target 'cmTC_7acde' from project 'CMAKE_TRY_COMPILE')
    cd /Volumes/D/wzq/2019/gmic-3.1.2/openfx-gmic-master/openfx/HostSupport/expat-2.4.3/xcode/CMakeFiles/CMakeTmp
    write-file /Volumes/D/wzq/2019/gmic-3.1.2/openfx-gmic-master/openfx/HostSupport/expat-2.4.3/xcode/CMakeFiles/CMakeTmp/CMAKE_TRY_COMPILE.build/Debug/cmTC_7acde.build/Objects-normal/x86_64/cmTC_7acde.LinkFileList

CompileC /Volumes/D/wzq/2019/gmic-3.1.2/openfx-gmic-master/openfx/HostSupport/expat-2.4.3/xcode/CMakeFiles/CMakeTmp/CMAKE_TRY_COMPILE.build/Debug/cmTC_7acde.build/Objects-normal/x86_64/CheckSymbolExists.o /Volumes/D/wzq/2019/gmic-3.1.2/openfx-gmic-master/openfx/HostSupport/expat-2.4.3/xcode/CMakeFiles/CMakeTmp/CheckSymbolExists.c normal x86_64 c com.apple.compilers.llvm.clang.1_0.compiler (in target 'cmTC_7acde' from project 'CMAKE_TRY_COMPILE')
    cd /Volumes/D/wzq/2019/gmic-3.1.2/openfx-gmic-master/openfx/HostSupport/expat-2.4.3/xcode/CMakeFiles/CMakeTmp
    /Applications/Xcode.app/Contents/Developer/Toolchains/XcodeDefault.xctoolchain/usr/bin/clang -x c -target x86_64-apple-macos10.15 -fmessage-length\=0 -fdiagnostics-show-note-include-stack -fmacro-backtrace-limit\=0 -Wno-trigraphs -fpascal-strings -O0 -Wno-missing-field-initializers -Wno-missing-prototypes -Wno-return-type -Wno-missing-braces -Wparentheses -Wswitch -Wno-unused-function -Wno-unused-label -Wno-unused-parameter -Wno-unused-variable -Wunused-value -Wno-empty-body -Wno-uninitialized -Wno-unknown-pragmas -Wno-shadow -Wno-four-char-constants -Wno-conversion -Wno-constant-conversion -Wno-int-conversion -Wno-bool-conversion -Wno-enum-conversion -Wno-float-conversion -Wno-non-literal-null-conversion -Wno-objc-literal-conversion -Wno-shorten-64-to-32 -Wpointer-sign -Wno-newline-eof -DCMAKE_INTDIR\=\"Debug\" -isysroot /Applications/Xcode.app/Contents/Developer/Platforms/MacOSX.platform/Developer/SDKs/MacOSX11.0.sdk -fasm-blocks -fstrict-aliasing -Wdeprecated-declarations -g -Wno-sign-conversion -Wno-infinite-recursion -Wno-comma -Wno-block-capture-autoreleasing -Wno-strict-prototypes -Wno-semicolon-before-method-body -I/Volumes/D/wzq/2019/gmic-3.1.2/openfx-gmic-master/openfx/HostSupport/expat-2.4.3/xcode/CMakeFiles/CMakeTmp/Debug/include -I/Volumes/D/wzq/2019/gmic-3.1.2/openfx-gmic-master/openfx/HostSupport/expat-2.4.3/xcode/CMakeFiles/CMakeTmp/CMAKE_TRY_COMPILE.build/Debug/cmTC_7acde.build/DerivedSources-normal/x86_64 -I/Volumes/D/wzq/2019/gmic-3.1.2/openfx-gmic-master/openfx/HostSupport/expat-2.4.3/xcode/CMakeFiles/CMakeTmp/CMAKE_TRY_COMPILE.build/Debug/cmTC_7acde.build/DerivedSources/x86_64 -I/Volumes/D/wzq/2019/gmic-3.1.2/openfx-gmic-master/openfx/HostSupport/expat-2.4.3/xcode/CMakeFiles/CMakeTmp/CMAKE_TRY_COMPILE.build/Debug/cmTC_7acde.build/DerivedSources -F/Volumes/D/wzq/2019/gmic-3.1.2/openfx-gmic-master/openfx/HostSupport/expat-2.4.3/xcode/CMakeFiles/CMakeTmp/Debug -MMD -MT dependencies -MF /Volumes/D/wzq/2019/gmic-3.1.2/openfx-gmic-master/openfx/HostSupport/expat-2.4.3/xcode/CMakeFiles/CMakeTmp/CMAKE_TRY_COMPILE.build/Debug/cmTC_7acde.build/Objects-normal/x86_64/CheckSymbolExists.d --serialize-diagnostics /Volumes/D/wzq/2019/gmic-3.1.2/openfx-gmic-master/openfx/HostSupport/expat-2.4.3/xcode/CMakeFiles/CMakeTmp/CMAKE_TRY_COMPILE.build/Debug/cmTC_7acde.build/Objects-normal/x86_64/CheckSymbolExists.dia -c /Volumes/D/wzq/2019/gmic-3.1.2/openfx-gmic-master/openfx/HostSupport/expat-2.4.3/xcode/CMakeFiles/CMakeTmp/CheckSymbolExists.c -o /Volumes/D/wzq/2019/gmic-3.1.2/openfx-gmic-master/openfx/HostSupport/expat-2.4.3/xcode/CMakeFiles/CMakeTmp/CMAKE_TRY_COMPILE.build/Debug/cmTC_7acde.build/Objects-normal/x86_64/CheckSymbolExists.o
In file included from /Volumes/D/wzq/2019/gmic-3.1.2/openfx-gmic-master/openfx/HostSupport/expat-2.4.3/xcode/CMakeFiles/CMakeTmp/CheckSymbolExists.c:2:
/Applications/Xcode.app/Contents/Developer/Platforms/MacOSX.platform/Developer/SDKs/MacOSX11.0.sdk/usr/include/sys/random.h:36:21: error: expected parameter declarator
    __OSX_AVAILABLE(10.12) __IOS_AVAILABLE(10.0) __TVOS_AVAILABLE(10.0) __WATCHOS_AVAILABLE(3.0)
                    ^
/Applications/Xcode.app/Contents/Developer/Platforms/MacOSX.platform/Developer/SDKs/MacOSX11.0.sdk/usr/include/sys/random.h:36:21: error: expected ')'
/Applications/Xcode.app/Contents/Developer/Platforms/MacOSX.platform/Developer/SDKs/MacOSX11.0.sdk/usr/include/sys/random.h:36:20: note: to match this '('
    __OSX_AVAILABLE(10.12) __IOS_AVAILABLE(10.0) __TVOS_AVAILABLE(10.0) __WATCHOS_AVAILABLE(3.0)
                   ^
/Applications/Xcode.app/Contents/Developer/Platforms/MacOSX.platform/Developer/SDKs/MacOSX11.0.sdk/usr/include/sys/random.h:36:28: error: expected function body after function declarator
    __OSX_AVAILABLE(10.12) __IOS_AVAILABLE(10.0) __TVOS_AVAILABLE(10.0) __WATCHOS_AVAILABLE(3.0)
                           ^
/Volumes/D/wzq/2019/gmic-3.1.2/openfx-gmic-master/openfx/HostSupport/expat-2.4.3/xcode/CMakeFiles/CMakeTmp/CheckSymbolExists.c:8:19: error: use of undeclared identifier 'getrandom'
  return ((int*)(&getrandom))[argc];
                  ^
4 errors generated.

** BUILD FAILED **


The following build commands failed:
	CompileC /Volumes/D/wzq/2019/gmic-3.1.2/openfx-gmic-master/openfx/HostSupport/expat-2.4.3/xcode/CMakeFiles/CMakeTmp/CMAKE_TRY_COMPILE.build/Debug/cmTC_7acde.build/Objects-normal/x86_64/CheckSymbolExists.o /Volumes/D/wzq/2019/gmic-3.1.2/openfx-gmic-master/openfx/HostSupport/expat-2.4.3/xcode/CMakeFiles/CMakeTmp/CheckSymbolExists.c normal x86_64 c com.apple.compilers.llvm.clang.1_0.compiler
(1 failure)


File /Volumes/D/wzq/2019/gmic-3.1.2/openfx-gmic-master/openfx/HostSupport/expat-2.4.3/xcode/CMakeFiles/CMakeTmp/CheckSymbolExists.c:
/* */
#include <sys/random.h>

int main(int argc, char** argv)
{
  (void)argv;
#ifndef getrandom
  return ((int*)(&getrandom))[argc];
#else
  (void)argc;
  return 0;
#endif
}
Determining if the off_t exist failed with the following output:
Change Dir: /Volumes/D/wzq/2019/gmic-3.1.2/openfx-gmic-master/openfx/HostSupport/expat-2.4.3/xcode/CMakeFiles/CMakeTmp

Run Build Command(s):/usr/bin/xcodebuild -project CMAKE_TRY_COMPILE.xcodeproj build -target cmTC_95773 -parallelizeTargets -configuration Debug -hideShellScriptEnvironment && Command line invocation:
    /Applications/Xcode.app/Contents/Developer/usr/bin/xcodebuild -project CMAKE_TRY_COMPILE.xcodeproj build -target cmTC_95773 -parallelizeTargets -configuration Debug -hideShellScriptEnvironment

User defaults from command line:
    HideShellScriptEnvironment = YES

note: Using new build system
note: Building targets in parallel
note: Planning build
note: Constructing build description
CreateBuildDirectory /Volumes/D/wzq/2019/gmic-3.1.2/openfx-gmic-master/openfx/HostSupport/expat-2.4.3/xcode/CMakeFiles/CMakeTmp (in target 'cmTC_95773' from project 'CMAKE_TRY_COMPILE')
    cd /Volumes/D/wzq/2019/gmic-3.1.2/openfx-gmic-master/openfx/HostSupport/expat-2.4.3/xcode/CMakeFiles/CMakeTmp
    builtin-create-build-directory /Volumes/D/wzq/2019/gmic-3.1.2/openfx-gmic-master/openfx/HostSupport/expat-2.4.3/xcode/CMakeFiles/CMakeTmp

CompileC /Volumes/D/wzq/2019/gmic-3.1.2/openfx-gmic-master/openfx/HostSupport/expat-2.4.3/xcode/CMakeFiles/CMakeTmp/CMAKE_TRY_COMPILE.build/Debug/cmTC_95773.build/Objects-normal/x86_64/CheckSymbolExists.o /Volumes/D/wzq/2019/gmic-3.1.2/openfx-gmic-master/openfx/HostSupport/expat-2.4.3/xcode/CMakeFiles/CMakeTmp/CheckSymbolExists.c normal x86_64 c com.apple.compilers.llvm.clang.1_0.compiler (in target 'cmTC_95773' from project 'CMAKE_TRY_COMPILE')
    cd /Volumes/D/wzq/2019/gmic-3.1.2/openfx-gmic-master/openfx/HostSupport/expat-2.4.3/xcode/CMakeFiles/CMakeTmp
    /Applications/Xcode.app/Contents/Developer/Toolchains/XcodeDefault.xctoolchain/usr/bin/clang -x c -target x86_64-apple-macos10.15 -fmessage-length\=0 -fdiagnostics-show-note-include-stack -fmacro-backtrace-limit\=0 -Wno-trigraphs -fpascal-strings -O0 -Wno-missing-field-initializers -Wno-missing-prototypes -Wno-return-type -Wno-missing-braces -Wparentheses -Wswitch -Wno-unused-function -Wno-unused-label -Wno-unused-parameter -Wno-unused-variable -Wunused-value -Wno-empty-body -Wno-uninitialized -Wno-unknown-pragmas -Wno-shadow -Wno-four-char-constants -Wno-conversion -Wno-constant-conversion -Wno-int-conversion -Wno-bool-conversion -Wno-enum-conversion -Wno-float-conversion -Wno-non-literal-null-conversion -Wno-objc-literal-conversion -Wno-shorten-64-to-32 -Wpointer-sign -Wno-newline-eof -DCMAKE_INTDIR\=\"Debug\" -isysroot /Applications/Xcode.app/Contents/Developer/Platforms/MacOSX.platform/Developer/SDKs/MacOSX11.0.sdk -fasm-blocks -fstrict-aliasing -Wdeprecated-declarations -g -Wno-sign-conversion -Wno-infinite-recursion -Wno-comma -Wno-block-capture-autoreleasing -Wno-strict-prototypes -Wno-semicolon-before-method-body -I/Volumes/D/wzq/2019/gmic-3.1.2/openfx-gmic-master/openfx/HostSupport/expat-2.4.3/xcode/CMakeFiles/CMakeTmp/Debug/include -I/Volumes/D/wzq/2019/gmic-3.1.2/openfx-gmic-master/openfx/HostSupport/expat-2.4.3/xcode/CMakeFiles/CMakeTmp/CMAKE_TRY_COMPILE.build/Debug/cmTC_95773.build/DerivedSources-normal/x86_64 -I/Volumes/D/wzq/2019/gmic-3.1.2/openfx-gmic-master/openfx/HostSupport/expat-2.4.3/xcode/CMakeFiles/CMakeTmp/CMAKE_TRY_COMPILE.build/Debug/cmTC_95773.build/DerivedSources/x86_64 -I/Volumes/D/wzq/2019/gmic-3.1.2/openfx-gmic-master/openfx/HostSupport/expat-2.4.3/xcode/CMakeFiles/CMakeTmp/CMAKE_TRY_COMPILE.build/Debug/cmTC_95773.build/DerivedSources -F/Volumes/D/wzq/2019/gmic-3.1.2/openfx-gmic-master/openfx/HostSupport/expat-2.4.3/xcode/CMakeFiles/CMakeTmp/Debug -MMD -MT dependencies -MF /Volumes/D/wzq/2019/gmic-3.1.2/openfx-gmic-master/openfx/HostSupport/expat-2.4.3/xcode/CMakeFiles/CMakeTmp/CMAKE_TRY_COMPILE.build/Debug/cmTC_95773.build/Objects-normal/x86_64/CheckSymbolExists.d --serialize-diagnostics /Volumes/D/wzq/2019/gmic-3.1.2/openfx-gmic-master/openfx/HostSupport/expat-2.4.3/xcode/CMakeFiles/CMakeTmp/CMAKE_TRY_COMPILE.build/Debug/cmTC_95773.build/Objects-normal/x86_64/CheckSymbolExists.dia -c /Volumes/D/wzq/2019/gmic-3.1.2/openfx-gmic-master/openfx/HostSupport/expat-2.4.3/xcode/CMakeFiles/CMakeTmp/CheckSymbolExists.c -o /Volumes/D/wzq/2019/gmic-3.1.2/openfx-gmic-master/openfx/HostSupport/expat-2.4.3/xcode/CMakeFiles/CMakeTmp/CMAKE_TRY_COMPILE.build/Debug/cmTC_95773.build/Objects-normal/x86_64/CheckSymbolExists.o
/Volumes/D/wzq/2019/gmic-3.1.2/openfx-gmic-master/openfx/HostSupport/expat-2.4.3/xcode/CMakeFiles/CMakeTmp/CheckSymbolExists.c:8:19: error: unexpected type name 'off_t': expected expression
  return ((int*)(&off_t))[argc];
                  ^
1 error generated.

WriteAuxiliaryFile /Volumes/D/wzq/2019/gmic-3.1.2/openfx-gmic-master/openfx/HostSupport/expat-2.4.3/xcode/CMakeFiles/CMakeTmp/CMAKE_TRY_COMPILE.build/Debug/cmTC_95773.build/Objects-normal/x86_64/cmTC_95773.LinkFileList (in target 'cmTC_95773' from project 'CMAKE_TRY_COMPILE')
    cd /Volumes/D/wzq/2019/gmic-3.1.2/openfx-gmic-master/openfx/HostSupport/expat-2.4.3/xcode/CMakeFiles/CMakeTmp
    write-file /Volumes/D/wzq/2019/gmic-3.1.2/openfx-gmic-master/openfx/HostSupport/expat-2.4.3/xcode/CMakeFiles/CMakeTmp/CMAKE_TRY_COMPILE.build/Debug/cmTC_95773.build/Objects-normal/x86_64/cmTC_95773.LinkFileList

** BUILD FAILED **


The following build commands failed:
	CompileC /Volumes/D/wzq/2019/gmic-3.1.2/openfx-gmic-master/openfx/HostSupport/expat-2.4.3/xcode/CMakeFiles/CMakeTmp/CMAKE_TRY_COMPILE.build/Debug/cmTC_95773.build/Objects-normal/x86_64/CheckSymbolExists.o /Volumes/D/wzq/2019/gmic-3.1.2/openfx-gmic-master/openfx/HostSupport/expat-2.4.3/xcode/CMakeFiles/CMakeTmp/CheckSymbolExists.c normal x86_64 c com.apple.compilers.llvm.clang.1_0.compiler
(1 failure)


File /Volumes/D/wzq/2019/gmic-3.1.2/openfx-gmic-master/openfx/HostSupport/expat-2.4.3/xcode/CMakeFiles/CMakeTmp/CheckSymbolExists.c:
/* */
#include <sys/types.h>

int main(int argc, char** argv)
{
  (void)argv;
#ifndef off_t
  return ((int*)(&off_t))[argc];
#else
  (void)argc;
  return 0;
#endif
}
Determining if the size_t exist failed with the following output:
Change Dir: /Volumes/D/wzq/2019/gmic-3.1.2/openfx-gmic-master/openfx/HostSupport/expat-2.4.3/xcode/CMakeFiles/CMakeTmp

Run Build Command(s):/usr/bin/xcodebuild -project CMAKE_TRY_COMPILE.xcodeproj build -target cmTC_7b209 -parallelizeTargets -configuration Debug -hideShellScriptEnvironment && Command line invocation:
    /Applications/Xcode.app/Contents/Developer/usr/bin/xcodebuild -project CMAKE_TRY_COMPILE.xcodeproj build -target cmTC_7b209 -parallelizeTargets -configuration Debug -hideShellScriptEnvironment

User defaults from command line:
    HideShellScriptEnvironment = YES

note: Using new build system
note: Building targets in parallel
note: Planning build
note: Constructing build description
CreateBuildDirectory /Volumes/D/wzq/2019/gmic-3.1.2/openfx-gmic-master/openfx/HostSupport/expat-2.4.3/xcode/CMakeFiles/CMakeTmp (in target 'cmTC_7b209' from project 'CMAKE_TRY_COMPILE')
    cd /Volumes/D/wzq/2019/gmic-3.1.2/openfx-gmic-master/openfx/HostSupport/expat-2.4.3/xcode/CMakeFiles/CMakeTmp
    builtin-create-build-directory /Volumes/D/wzq/2019/gmic-3.1.2/openfx-gmic-master/openfx/HostSupport/expat-2.4.3/xcode/CMakeFiles/CMakeTmp

CompileC /Volumes/D/wzq/2019/gmic-3.1.2/openfx-gmic-master/openfx/HostSupport/expat-2.4.3/xcode/CMakeFiles/CMakeTmp/CMAKE_TRY_COMPILE.build/Debug/cmTC_7b209.build/Objects-normal/x86_64/CheckSymbolExists.o /Volumes/D/wzq/2019/gmic-3.1.2/openfx-gmic-master/openfx/HostSupport/expat-2.4.3/xcode/CMakeFiles/CMakeTmp/CheckSymbolExists.c normal x86_64 c com.apple.compilers.llvm.clang.1_0.compiler (in target 'cmTC_7b209' from project 'CMAKE_TRY_COMPILE')
    cd /Volumes/D/wzq/2019/gmic-3.1.2/openfx-gmic-master/openfx/HostSupport/expat-2.4.3/xcode/CMakeFiles/CMakeTmp
    /Applications/Xcode.app/Contents/Developer/Toolchains/XcodeDefault.xctoolchain/usr/bin/clang -x c -target x86_64-apple-macos10.15 -fmessage-length\=0 -fdiagnostics-show-note-include-stack -fmacro-backtrace-limit\=0 -Wno-trigraphs -fpascal-strings -O0 -Wno-missing-field-initializers -Wno-missing-prototypes -Wno-return-type -Wno-missing-braces -Wparentheses -Wswitch -Wno-unused-function -Wno-unused-label -Wno-unused-parameter -Wno-unused-variable -Wunused-value -Wno-empty-body -Wno-uninitialized -Wno-unknown-pragmas -Wno-shadow -Wno-four-char-constants -Wno-conversion -Wno-constant-conversion -Wno-int-conversion -Wno-bool-conversion -Wno-enum-conversion -Wno-float-conversion -Wno-non-literal-null-conversion -Wno-objc-literal-conversion -Wno-shorten-64-to-32 -Wpointer-sign -Wno-newline-eof -DCMAKE_INTDIR\=\"Debug\" -isysroot /Applications/Xcode.app/Contents/Developer/Platforms/MacOSX.platform/Developer/SDKs/MacOSX11.0.sdk -fasm-blocks -fstrict-aliasing -Wdeprecated-declarations -g -Wno-sign-conversion -Wno-infinite-recursion -Wno-comma -Wno-block-capture-autoreleasing -Wno-strict-prototypes -Wno-semicolon-before-method-body -I/Volumes/D/wzq/2019/gmic-3.1.2/openfx-gmic-master/openfx/HostSupport/expat-2.4.3/xcode/CMakeFiles/CMakeTmp/Debug/include -I/Volumes/D/wzq/2019/gmic-3.1.2/openfx-gmic-master/openfx/HostSupport/expat-2.4.3/xcode/CMakeFiles/CMakeTmp/CMAKE_TRY_COMPILE.build/Debug/cmTC_7b209.build/DerivedSources-normal/x86_64 -I/Volumes/D/wzq/2019/gmic-3.1.2/openfx-gmic-master/openfx/HostSupport/expat-2.4.3/xcode/CMakeFiles/CMakeTmp/CMAKE_TRY_COMPILE.build/Debug/cmTC_7b209.build/DerivedSources/x86_64 -I/Volumes/D/wzq/2019/gmic-3.1.2/openfx-gmic-master/openfx/HostSupport/expat-2.4.3/xcode/CMakeFiles/CMakeTmp/CMAKE_TRY_COMPILE.build/Debug/cmTC_7b209.build/DerivedSources -F/Volumes/D/wzq/2019/gmic-3.1.2/openfx-gmic-master/openfx/HostSupport/expat-2.4.3/xcode/CMakeFiles/CMakeTmp/Debug -MMD -MT dependencies -MF /Volumes/D/wzq/2019/gmic-3.1.2/openfx-gmic-master/openfx/HostSupport/expat-2.4.3/xcode/CMakeFiles/CMakeTmp/CMAKE_TRY_COMPILE.build/Debug/cmTC_7b209.build/Objects-normal/x86_64/CheckSymbolExists.d --serialize-diagnostics /Volumes/D/wzq/2019/gmic-3.1.2/openfx-gmic-master/openfx/HostSupport/expat-2.4.3/xcode/CMakeFiles/CMakeTmp/CMAKE_TRY_COMPILE.build/Debug/cmTC_7b209.build/Objects-normal/x86_64/CheckSymbolExists.dia -c /Volumes/D/wzq/2019/gmic-3.1.2/openfx-gmic-master/openfx/HostSupport/expat-2.4.3/xcode/CMakeFiles/CMakeTmp/CheckSymbolExists.c -o /Volumes/D/wzq/2019/gmic-3.1.2/openfx-gmic-master/openfx/HostSupport/expat-2.4.3/xcode/CMakeFiles/CMakeTmp/CMAKE_TRY_COMPILE.build/Debug/cmTC_7b209.build/Objects-normal/x86_64/CheckSymbolExists.o
/Volumes/D/wzq/2019/gmic-3.1.2/openfx-gmic-master/openfx/HostSupport/expat-2.4.3/xcode/CMakeFiles/CMakeTmp/CheckSymbolExists.c:8:19: error: unexpected type name 'size_t': expected expression
  return ((int*)(&size_t))[argc];
                  ^
1 error generated.

WriteAuxiliaryFile /Volumes/D/wzq/2019/gmic-3.1.2/openfx-gmic-master/openfx/HostSupport/expat-2.4.3/xcode/CMakeFiles/CMakeTmp/CMAKE_TRY_COMPILE.build/Debug/cmTC_7b209.build/Objects-normal/x86_64/cmTC_7b209.LinkFileList (in target 'cmTC_7b209' from project 'CMAKE_TRY_COMPILE')
    cd /Volumes/D/wzq/2019/gmic-3.1.2/openfx-gmic-master/openfx/HostSupport/expat-2.4.3/xcode/CMakeFiles/CMakeTmp
    write-file /Volumes/D/wzq/2019/gmic-3.1.2/openfx-gmic-master/openfx/HostSupport/expat-2.4.3/xcode/CMakeFiles/CMakeTmp/CMAKE_TRY_COMPILE.build/Debug/cmTC_7b209.build/Objects-normal/x86_64/cmTC_7b209.LinkFileList

** BUILD FAILED **


The following build commands failed:
	CompileC /Volumes/D/wzq/2019/gmic-3.1.2/openfx-gmic-master/openfx/HostSupport/expat-2.4.3/xcode/CMakeFiles/CMakeTmp/CMAKE_TRY_COMPILE.build/Debug/cmTC_7b209.build/Objects-normal/x86_64/CheckSymbolExists.o /Volumes/D/wzq/2019/gmic-3.1.2/openfx-gmic-master/openfx/HostSupport/expat-2.4.3/xcode/CMakeFiles/CMakeTmp/CheckSymbolExists.c normal x86_64 c com.apple.compilers.llvm.clang.1_0.compiler
(1 failure)


File /Volumes/D/wzq/2019/gmic-3.1.2/openfx-gmic-master/openfx/HostSupport/expat-2.4.3/xcode/CMakeFiles/CMakeTmp/CheckSymbolExists.c:
/* */
#include <sys/types.h>

int main(int argc, char** argv)
{
  (void)argv;
#ifndef size_t
  return ((int*)(&size_t))[argc];
#else
  (void)argc;
  return 0;
#endif
}
Performing C SOURCE FILE Test HAVE_SYSCALL_GETRANDOM failed with the following output:
Change Dir: /Volumes/D/wzq/2019/gmic-3.1.2/openfx-gmic-master/openfx/HostSupport/expat-2.4.3/xcode/CMakeFiles/CMakeTmp

Run Build Command(s):/usr/bin/xcodebuild -project CMAKE_TRY_COMPILE.xcodeproj build -target cmTC_aa410 -parallelizeTargets -configuration Debug -hideShellScriptEnvironment && Command line invocation:
    /Applications/Xcode.app/Contents/Developer/usr/bin/xcodebuild -project CMAKE_TRY_COMPILE.xcodeproj build -target cmTC_aa410 -parallelizeTargets -configuration Debug -hideShellScriptEnvironment

User defaults from command line:
    HideShellScriptEnvironment = YES

note: Using new build system
note: Building targets in parallel
note: Planning build
note: Constructing build description
CreateBuildDirectory /Volumes/D/wzq/2019/gmic-3.1.2/openfx-gmic-master/openfx/HostSupport/expat-2.4.3/xcode/CMakeFiles/CMakeTmp (in target 'cmTC_aa410' from project 'CMAKE_TRY_COMPILE')
    cd /Volumes/D/wzq/2019/gmic-3.1.2/openfx-gmic-master/openfx/HostSupport/expat-2.4.3/xcode/CMakeFiles/CMakeTmp
    builtin-create-build-directory /Volumes/D/wzq/2019/gmic-3.1.2/openfx-gmic-master/openfx/HostSupport/expat-2.4.3/xcode/CMakeFiles/CMakeTmp

WriteAuxiliaryFile /Volumes/D/wzq/2019/gmic-3.1.2/openfx-gmic-master/openfx/HostSupport/expat-2.4.3/xcode/CMakeFiles/CMakeTmp/CMAKE_TRY_COMPILE.build/Debug/cmTC_aa410.build/Objects-normal/x86_64/cmTC_aa410.LinkFileList (in target 'cmTC_aa410' from project 'CMAKE_TRY_COMPILE')
    cd /Volumes/D/wzq/2019/gmic-3.1.2/openfx-gmic-master/openfx/HostSupport/expat-2.4.3/xcode/CMakeFiles/CMakeTmp
    write-file /Volumes/D/wzq/2019/gmic-3.1.2/openfx-gmic-master/openfx/HostSupport/expat-2.4.3/xcode/CMakeFiles/CMakeTmp/CMAKE_TRY_COMPILE.build/Debug/cmTC_aa410.build/Objects-normal/x86_64/cmTC_aa410.LinkFileList

CompileC /Volumes/D/wzq/2019/gmic-3.1.2/openfx-gmic-master/openfx/HostSupport/expat-2.4.3/xcode/CMakeFiles/CMakeTmp/CMAKE_TRY_COMPILE.build/Debug/cmTC_aa410.build/Objects-normal/x86_64/src.o /Volumes/D/wzq/2019/gmic-3.1.2/openfx-gmic-master/openfx/HostSupport/expat-2.4.3/xcode/CMakeFiles/CMakeTmp/src.c normal x86_64 c com.apple.compilers.llvm.clang.1_0.compiler (in target 'cmTC_aa410' from project 'CMAKE_TRY_COMPILE')
    cd /Volumes/D/wzq/2019/gmic-3.1.2/openfx-gmic-master/openfx/HostSupport/expat-2.4.3/xcode/CMakeFiles/CMakeTmp
    /Applications/Xcode.app/Contents/Developer/Toolchains/XcodeDefault.xctoolchain/usr/bin/clang -x c -target x86_64-apple-macos10.15 -fmessage-length\=0 -fdiagnostics-show-note-include-stack -fmacro-backtrace-limit\=0 -Wno-trigraphs -fpascal-strings -O0 -Wno-missing-field-initializers -Wno-missing-prototypes -Wno-return-type -Wno-missing-braces -Wparentheses -Wswitch -Wno-unused-function -Wno-unused-label -Wno-unused-parameter -Wno-unused-variable -Wunused-value -Wno-empty-body -Wno-uninitialized -Wno-unknown-pragmas -Wno-shadow -Wno-four-char-constants -Wno-conversion -Wno-constant-conversion -Wno-int-conversion -Wno-bool-conversion -Wno-enum-conversion -Wno-float-conversion -Wno-non-literal-null-conversion -Wno-objc-literal-conversion -Wno-shorten-64-to-32 -Wpointer-sign -Wno-newline-eof -DCMAKE_INTDIR\=\"Debug\" -DHAVE_SYSCALL_GETRANDOM -isysroot /Applications/Xcode.app/Contents/Developer/Platforms/MacOSX.platform/Developer/SDKs/MacOSX11.0.sdk -fasm-blocks -fstrict-aliasing -Wdeprecated-declarations -g -Wno-sign-conversion -Wno-infinite-recursion -Wno-comma -Wno-block-capture-autoreleasing -Wno-strict-prototypes -Wno-semicolon-before-method-body -I/Volumes/D/wzq/2019/gmic-3.1.2/openfx-gmic-master/openfx/HostSupport/expat-2.4.3/xcode/CMakeFiles/CMakeTmp/Debug/include -I/Volumes/D/wzq/2019/gmic-3.1.2/openfx-gmic-master/openfx/HostSupport/expat-2.4.3/xcode/CMakeFiles/CMakeTmp/CMAKE_TRY_COMPILE.build/Debug/cmTC_aa410.build/DerivedSources-normal/x86_64 -I/Volumes/D/wzq/2019/gmic-3.1.2/openfx-gmic-master/openfx/HostSupport/expat-2.4.3/xcode/CMakeFiles/CMakeTmp/CMAKE_TRY_COMPILE.build/Debug/cmTC_aa410.build/DerivedSources/x86_64 -I/Volumes/D/wzq/2019/gmic-3.1.2/openfx-gmic-master/openfx/HostSupport/expat-2.4.3/xcode/CMakeFiles/CMakeTmp/CMAKE_TRY_COMPILE.build/Debug/cmTC_aa410.build/DerivedSources -F/Volumes/D/wzq/2019/gmic-3.1.2/openfx-gmic-master/openfx/HostSupport/expat-2.4.3/xcode/CMakeFiles/CMakeTmp/Debug -MMD -MT dependencies -MF /Volumes/D/wzq/2019/gmic-3.1.2/openfx-gmic-master/openfx/HostSupport/expat-2.4.3/xcode/CMakeFiles/CMakeTmp/CMAKE_TRY_COMPILE.build/Debug/cmTC_aa410.build/Objects-normal/x86_64/src.d --serialize-diagnostics /Volumes/D/wzq/2019/gmic-3.1.2/openfx-gmic-master/openfx/HostSupport/expat-2.4.3/xcode/CMakeFiles/CMakeTmp/CMAKE_TRY_COMPILE.build/Debug/cmTC_aa410.build/Objects-normal/x86_64/src.dia -c /Volumes/D/wzq/2019/gmic-3.1.2/openfx-gmic-master/openfx/HostSupport/expat-2.4.3/xcode/CMakeFiles/CMakeTmp/src.c -o /Volumes/D/wzq/2019/gmic-3.1.2/openfx-gmic-master/openfx/HostSupport/expat-2.4.3/xcode/CMakeFiles/CMakeTmp/CMAKE_TRY_COMPILE.build/Debug/cmTC_aa410.build/Objects-normal/x86_64/src.o
/Volumes/D/wzq/2019/gmic-3.1.2/openfx-gmic-master/openfx/HostSupport/expat-2.4.3/xcode/CMakeFiles/CMakeTmp/src.c:6:13: warning: 'syscall' is deprecated: first deprecated in macOS 10.12 - syscall(2) is unsupported; please switch to a supported interface. For SYS_kdebug_trace use kdebug_signpost(). [-Wdeprecated-declarations]
            syscall(SYS_getrandom, NULL, 0, 0);
            ^
In file included from /Volumes/D/wzq/2019/gmic-3.1.2/openfx-gmic-master/openfx/HostSupport/expat-2.4.3/xcode/CMakeFiles/CMakeTmp/src.c:3:
/Applications/Xcode.app/Contents/Developer/Platforms/MacOSX.platform/Developer/SDKs/MacOSX11.0.sdk/usr/include/unistd.h:742:6: note: 'syscall' has been explicitly marked deprecated here
int      syscall(int, ...);
         ^
/Volumes/D/wzq/2019/gmic-3.1.2/openfx-gmic-master/openfx/HostSupport/expat-2.4.3/xcode/CMakeFiles/CMakeTmp/src.c:6:21: error: use of undeclared identifier 'SYS_getrandom'
            syscall(SYS_getrandom, NULL, 0, 0);
                    ^
1 warning and 1 error generated.

** BUILD FAILED **


The following build commands failed:
	CompileC /Volumes/D/wzq/2019/gmic-3.1.2/openfx-gmic-master/openfx/HostSupport/expat-2.4.3/xcode/CMakeFiles/CMakeTmp/CMAKE_TRY_COMPILE.build/Debug/cmTC_aa410.build/Objects-normal/x86_64/src.o /Volumes/D/wzq/2019/gmic-3.1.2/openfx-gmic-master/openfx/HostSupport/expat-2.4.3/xcode/CMakeFiles/CMakeTmp/src.c normal x86_64 c com.apple.compilers.llvm.clang.1_0.compiler
(1 failure)


Source file was:

        #include <stdlib.h>  /* for NULL */
        #include <unistd.h>  /* for syscall */
        #include <sys/syscall.h>  /* for SYS_getrandom */
        int main() {
            syscall(SYS_getrandom, NULL, 0, 0);
            return 0;
        }
